<?xml version="1.0" encoding="UTF-8"?>
<testng-results ignored="13" total="14" passed="1" failed="0" skipped="0">
  <reporter-output>
  </reporter-output>
  <suite started-at="2022-08-10T12:47:47 IST" name="Default suite" finished-at="2022-08-10T12:49:13 IST" duration-ms="85718">
    <groups>
    </groups>
    <test started-at="2022-08-10T12:47:47 IST" name="Default test" finished-at="2022-08-10T12:49:13 IST" duration-ms="85718">
      <class name="icivics_testcases.MainsGamePage_Test">
        <test-method is-config="true" signature="startReport()[pri:0, instance:icivics_testcases.MainsGamePage_Test@6b695b06]" started-at="2022-08-10T12:47:46 IST" name="startReport" finished-at="2022-08-10T12:47:47 IST" duration-ms="481" status="PASS">
          <reporter-output>
          </reporter-output>
        </test-method> <!-- startReport -->
        <test-method is-config="true" signature="setValues()[pri:0, instance:icivics_testcases.MainsGamePage_Test@6b695b06]" started-at="2022-08-10T12:47:47 IST" name="setValues" finished-at="2022-08-10T12:47:47 IST" duration-ms="2" status="PASS">
          <reporter-output>
          </reporter-output>
        </test-method> <!-- setValues -->
        <test-method is-config="true" signature="setUpClass(org.testng.ITestContext)[pri:0, instance:icivics_testcases.MainsGamePage_Test@6b695b06]" started-at="2022-08-10T12:47:47 IST" name="setUpClass" finished-at="2022-08-10T12:47:47 IST" duration-ms="322" status="PASS">
          <params>
            <param index="0">
              <value>
                <![CDATA[org.testng.TestRunner@44f0ff2b]]>
              </value>
            </param>
          </params>
          <reporter-output>
          </reporter-output>
        </test-method> <!-- setUpClass -->
        <test-method is-config="true" signature="report()[pri:0, instance:icivics_testcases.MainsGamePage_Test@6b695b06]" started-at="2022-08-10T12:47:47 IST" name="report" finished-at="2022-08-10T12:47:47 IST" duration-ms="18" status="PASS">
          <reporter-output>
          </reporter-output>
        </test-method> <!-- report -->
        <test-method is-config="true" signature="beforeMethod()[pri:0, instance:icivics_testcases.MainsGamePage_Test@6b695b06]" started-at="2022-08-10T12:47:47 IST" name="beforeMethod" finished-at="2022-08-10T12:47:51 IST" duration-ms="3652" status="PASS">
          <reporter-output>
          </reporter-output>
        </test-method> <!-- beforeMethod -->
        <test-method signature="C73_VerifygamesTilesclick()[pri:9, instance:icivics_testcases.MainsGamePage_Test@6b695b06]" started-at="2022-08-10T12:47:51 IST" name="C73_VerifygamesTilesclick" finished-at="2022-08-10T12:49:12 IST" duration-ms="81138" status="PASS">
          <reporter-output>
          </reporter-output>
        </test-method> <!-- C73_VerifygamesTilesclick -->
        <test-method is-config="true" signature="afterMethod()[pri:0, instance:icivics_testcases.MainsGamePage_Test@6b695b06]" started-at="2022-08-10T12:49:12 IST" name="afterMethod" finished-at="2022-08-10T12:49:13 IST" duration-ms="544" status="PASS">
          <reporter-output>
          </reporter-output>
        </test-method> <!-- afterMethod -->
        <test-method is-config="true" signature="tearDownClass()[pri:0, instance:icivics_testcases.MainsGamePage_Test@6b695b06]" started-at="2022-08-10T12:49:13 IST" name="tearDownClass" finished-at="2022-08-10T12:49:13 IST" duration-ms="4" status="PASS">
          <reporter-output>
          </reporter-output>
        </test-method> <!-- tearDownClass -->
        <test-method is-config="true" signature="stopReport()[pri:0, instance:icivics_testcases.MainsGamePage_Test@6b695b06]" started-at="2022-08-10T12:49:13 IST" name="stopReport" finished-at="2022-08-10T12:49:13 IST" duration-ms="667" status="PASS">
          <reporter-output>
          </reporter-output>
        </test-method> <!-- stopReport -->
      </class> <!-- icivics_testcases.MainsGamePage_Test -->
    </test> <!-- Default test -->
  </suite> <!-- Default suite -->
</testng-results>
