<?xml version="1.0" encoding="UTF-8"?>
<!-- Generated by org.testng.reporters.JUnitXMLReporter -->
<testsuite ignored="56" hostname="AMX-AL-20-017-W" failures="2" tests="234" name="Regression_Testscripts" time="11504.166" errors="0" timestamp="2022-09-02T22:36:01 IST">
  <testcase classname="icivics_testcases.I10_EducatorRegistration_Test" name="C321_VerifyallpageElements" time="21.343"/>
  <testcase classname="icivics_testcases.I10_EducatorRegistration_Test" name="C322_ButtonHover" time="31.237"/>
  <testcase classname="icivics_testcases.I10_EducatorRegistration_Test" name="C323_Verifyallbuttonlinks" time="245.673"/>
  <testcase classname="icivics_testcases.I10_EducatorRegistration_Test" name="C324_WindowResize" time="16.666"/>
  <testcase classname="icivics_testcases.I10_EducatorRegistration_Test" name="C325_Verifyerrormsg" time="9.22"/>
  <testcase classname="icivics_testcases.I10_EducatorRegistration_Test" name="C326_Verifybreadcrumbs" time="9.518"/>
  <testcase classname="icivics_testcases.I11_EducatorRegistration1_Test" name="C327_verifybreadcrumbspage1" time="5.309"/>
  <testcase classname="icivics_testcases.I11_EducatorRegistration1_Test" name="C328_verifytextfields" time="7.077"/>
  <testcase classname="icivics_testcases.I11_EducatorRegistration1_Test" name="C329_verifyusernamepregenerated" time="11.875"/>
  <testcase classname="icivics_testcases.I11_EducatorRegistration1_Test" name="C330_verifyusernamepregeneratedrandomly" time="18.494"/>
  <testcase classname="icivics_testcases.I11_EducatorRegistration1_Test" name="C331_verifyentertextinallfields" time="6.831"/>
  <testcase classname="icivics_testcases.I11_EducatorRegistration1_Test" name="C332_verifyfieldsmarkedwithanasterisk" time="5.612"/>
  <testcase classname="icivics_testcases.I11_EducatorRegistration1_Test" name="C333_verifyemailtooltips" time="5.953"/>
  <testcase classname="icivics_testcases.I11_EducatorRegistration1_Test" name="C334_verifyemailerrormsg" time="13.038"/>
  <testcase classname="icivics_testcases.I11_EducatorRegistration1_Test" name="C335_verifyblankerrormsg" time="49.682"/>
  <testcase classname="icivics_testcases.I11_EducatorRegistration1_Test" name="C336_verifyinvaliderrormsg" time="12.335"/>
  <testcase classname="icivics_testcases.I11_EducatorRegistration1_Test" name="C337_verifyvalidregistration" time="14.899"/>
  <testcase classname="icivics_testcases.I12_EducatorRegistration2_Test" name="C338_verifybreadcrumbspage1" time="10.092"/>
  <testcase classname="icivics_testcases.I12_EducatorRegistration2_Test" name="C339_verifypreviouspage" time="12.467"/>
  <testcase classname="icivics_testcases.I12_EducatorRegistration2_Test" name="C340_verifyalldataremembered" time="16.597"/>
  <testcase classname="icivics_testcases.I12_EducatorRegistration2_Test" name="C341_verifyRoleandGradeLevel" time="21.06"/>
  <testcase classname="icivics_testcases.I12_EducatorRegistration2_Test" name="C342_verifymakeselection" time="22.244"/>
  <testcase classname="icivics_testcases.I12_EducatorRegistration2_Test" name="C343_verifyotheradditionalfield" time="12.696"/>
  <testcase classname="icivics_testcases.I12_EducatorRegistration2_Test" name="C344_verifyasterisk" time="10.582"/>
  <testcase classname="icivics_testcases.I12_EducatorRegistration2_Test" name="C345_verifyblankerrormsg" time="48.752"/>
  <testcase classname="icivics_testcases.I12_EducatorRegistration2_Test" name="C346_verifyerrormsgboxcolor" time="12.218"/>
  <testcase classname="icivics_testcases.I12_EducatorRegistration2_Test" name="C347_verifyvalidsubmission" time="20.871"/>
  <testcase classname="icivics_testcases.I13_EducatorRegistration3_Test" name="C348_verifybreadcrumbspage3" time="19.034"/>
  <testcase classname="icivics_testcases.I13_EducatorRegistration3_Test" name="C349_verifypreviouspage" time="18.417"/>
  <testcase classname="icivics_testcases.I13_EducatorRegistration3_Test" name="C350_verifyalldataremembered" time="20.473"/>
  <testcase classname="icivics_testcases.I13_EducatorRegistration3_Test" name="C351_verifyallpage3fields" time="30.069"/>
  <testcase classname="icivics_testcases.I13_EducatorRegistration3_Test" name="C352_verifyallfieldsallowtoentertextandmakeselection" time="39.292"/>
  <testcase classname="icivics_testcases.I13_EducatorRegistration3_Test" name="C354_verifyallfieldswithinvaliddata" time="27.208"/>
  <testcase classname="icivics_testcases.I13_EducatorRegistration3_Test" name="C355_verifyallfieldswithblankfield" time="19.322"/>
  <testcase classname="icivics_testcases.I13_EducatorRegistration3_Test" name="C357_verifyvalidsubmission" time="21.6"/>
  <testcase classname="icivics_testcases.I14_EducatorRegistration4_Test" name="C358_verifybreadcrumbspage4" time="23.71"/>
  <testcase classname="icivics_testcases.I14_EducatorRegistration4_Test" name="C359_verifypreviouspage" time="28.932"/>
  <testcase classname="icivics_testcases.I14_EducatorRegistration4_Test" name="C360_verifyalldataremembered" time="29.987"/>
  <testcase classname="icivics_testcases.I14_EducatorRegistration4_Test" name="C361_verifyallpage3fields" time="24.697"/>
  <testcase classname="icivics_testcases.I14_EducatorRegistration4_Test" name="C362_verifySignUpischecked" time="21.97"/>
  <testcase classname="icivics_testcases.I14_EducatorRegistration4_Test" name="C363_verifyallpage4fields" time="37.59"/>
  <testcase classname="icivics_testcases.I14_EducatorRegistration4_Test" name="C364_verifyallfieldasterisk" time="22.416"/>
  <testcase classname="icivics_testcases.I14_EducatorRegistration4_Test" name="C365_verifypasswordtooltips" time="22.354"/>
  <testcase classname="icivics_testcases.I14_EducatorRegistration4_Test" name="C366_verifypasswordstrengthIndicator" time="22.023"/>
  <testcase classname="icivics_testcases.I14_EducatorRegistration4_Test" name="C367_verifypasswordIndicatormatch" time="23.285"/>
  <testcase classname="icivics_testcases.I14_EducatorRegistration4_Test" name="C368_verifyallfieldswithinvaliddata" time="29.998"/>
  <testcase classname="icivics_testcases.I14_EducatorRegistration4_Test" name="C369_verifyallfieldswithblankdata" time="22.529"/>
  <testcase classname="icivics_testcases.I14_EducatorRegistration4_Test" name="C370_verifyallfieldswithblankandinvaliddata" time="28.433"/>
  <testcase classname="icivics_testcases.I14_EducatorRegistration4_Test" name="C371_verifyvalidsubmission" time="27.096"/>
  <testcase classname="icivics_testcases.I15_EducatorRegistration5_Test" name="C372_verifybreadcrumbspage5" time="33.661"/>
  <testcase classname="icivics_testcases.I15_EducatorRegistration5_Test" name="C373_verifywelcomemessage" time="27.863"/>
  <testcase classname="icivics_testcases.I15_EducatorRegistration5_Test" name="C374_verifyconfirmationemail" time="28.187"/>
  <testcase classname="icivics_testcases.I15_EducatorRegistration5_Test" name="C375_verifyconfirmationemail" time="32.687"/>
  <testcase classname="icivics_testcases.I15_EducatorRegistration5_Test" name="C376_verifyresendbutton" time="34.73"/>
  <testcase classname="icivics_testcases.I15_EducatorRegistration5_Test" name="C377_verifynotification" time="36.532"/>
  <testcase classname="icivics_testcases.I20_StudentRegistration1_ClassCode_Test" name="C425_verifyemailfieldsappear" time="7.3"/>
  <testcase classname="icivics_testcases.I20_StudentRegistration1_ClassCode_Test" name="C426_verifyemailtooltips" time="6.626"/>
  <testcase classname="icivics_testcases.I20_StudentRegistration1_ClassCode_Test" name="C427_verifyemailfieldsdisappear" time="22.996"/>
  <testcase classname="icivics_testcases.I20_StudentRegistration1_ClassCode_Test" name="C428_verifyusernamepregenerated" time="10.914"/>
  <testcase classname="icivics_testcases.I20_StudentRegistration1_ClassCode_Test" name="C429_usernamegeneratedrandomly" time="18.189"/>
  <testcase classname="icivics_testcases.I20_StudentRegistration1_ClassCode_Test" name="C430_verifyregistrationwithvaliddata" time="12.796"/>
  <testcase classname="icivics_testcases.I20_StudentRegistration1_ClassCode_Test" name="C431_verifyAsteriks" time="7.651"/>
  <testcase classname="icivics_testcases.I20_StudentRegistration1_ClassCode_Test" name="C432_verifyinvaliderrormsg" time="15.687"/>
  <testcase classname="icivics_testcases.I20_StudentRegistration1_ClassCode_Test" name="C433_verifyerrormsgverifyemailblankfield" time="57.375"/>
  <testcase classname="icivics_testcases.I20_StudentRegistration1_ClassCode_Test" name="C434_verifyinvaliderrormsg2" time="12.715"/>
  <testcase classname="icivics_testcases.I20_StudentRegistration1_ClassCode_Test" name="C435_verifyregistrationwithvalidvalue" time="17.257"/>
  <testcase classname="icivics_testcases.I21_StudentRegistration1_Email_Test" name="C383_Verifybreadcrumbs" time="6.064"/>
  <testcase classname="icivics_testcases.I21_StudentRegistration1_Email_Test" name="C384_Verifybreadcrumbspage" time="4.86"/>
  <testcase classname="icivics_testcases.I21_StudentRegistration1_Email_Test" name="C385_Verifyvideolink" time="17.363"/>
  <testcase classname="icivics_testcases.I21_StudentRegistration1_Email_Test" name="C387_verifytextfields" time="8.894"/>
  <testcase classname="icivics_testcases.I21_StudentRegistration1_Email_Test" name="C388_verifyusernamepregenerated" time="10.507"/>
  <testcase classname="icivics_testcases.I21_StudentRegistration1_Email_Test" name="C389_verifyusernamepregeneratedrandomly" time="17.261"/>
  <testcase classname="icivics_testcases.I21_StudentRegistration1_Email_Test" name="C390_verifyentertextinallfields" time="7.727"/>
  <testcase classname="icivics_testcases.I21_StudentRegistration1_Email_Test" name="C391_verifyfieldsmarkedwithanasterisk" time="5.42"/>
  <testcase classname="icivics_testcases.I21_StudentRegistration1_Email_Test" name="C392_verifyemailtooltips" time="5.669"/>
  <testcase classname="icivics_testcases.I21_StudentRegistration1_Email_Test" name="C393_verifyemailerrormsg" time="14.919"/>
  <testcase classname="icivics_testcases.I21_StudentRegistration1_Email_Test" name="C394_verifyblankerrormsg" time="48.246"/>
  <testcase classname="icivics_testcases.I21_StudentRegistration1_Email_Test" name="C396_verifyvalidregistration" time="17.482"/>
  <testcase classname="icivics_testcases.I21_StudentRegistration1_Email_Test" name="C397_Verifyclasscodelink" time="17.092"/>
  <testcase classname="icivics_testcases.I22_StudentRegistration2_ClassCode_Test" name="C398_verifypagecount2" time="11.258"/>
  <testcase classname="icivics_testcases.I22_StudentRegistration2_ClassCode_Test" name="C399_Clickbackbutton" time="14.709"/>
  <testcase classname="icivics_testcases.I22_StudentRegistration2_ClassCode_Test" name="C400_verifyfieldsisremembered" time="15.453"/>
  <testcase classname="icivics_testcases.I22_StudentRegistration2_ClassCode_Test" name="C403_clickontermsofuselink" time="27.363"/>
  <testcase classname="icivics_testcases.I22_StudentRegistration2_ClassCode_Test" name="C404_clickprivacypolicy" time="18.025"/>
  <testcase classname="icivics_testcases.I22_StudentRegistration2_ClassCode_Test" name="C405_verifypage2SignUpforEmailsfield" time="11.719"/>
  <testcase classname="icivics_testcases.I22_StudentRegistration2_ClassCode_Test" name="C408_hoveronpwdfield" time="15.517"/>
  <testcase classname="icivics_testcases.I22_StudentRegistration2_ClassCode_Test" name="C409_VerifyPasswordstrengthmeter" time="13.448"/>
  <testcase classname="icivics_testcases.I22_StudentRegistration2_ClassCode_Test" name="C410_VerifyPasswordindicatormatch" time="18.013"/>
  <testcase classname="icivics_testcases.I22_StudentRegistration2_ClassCode_Test" name="C412_verifyenterinvaliddata" time="21.967"/>
  <testcase classname="icivics_testcases.I22_StudentRegistration2_ClassCode_Test" name="C412_verifytermsofuseandprivacycheckbox" time="15.832"/>
  <testcase classname="icivics_testcases.I22_StudentRegistration2_ClassCode_Test" name="C413_verifyblankerrormsg" time="17.329"/>
  <testcase classname="icivics_testcases.I22_StudentRegistration2_ClassCode_Test" name="C414_verifypage3loaded" time="20.34"/>
  <testcase classname="icivics_testcases.I23_StudentRegistration2_Email_Test" name="C398_verifypagecount2" time="9.479"/>
  <testcase classname="icivics_testcases.I23_StudentRegistration2_Email_Test" name="C399_Clickbackbutton" time="15.675"/>
  <testcase classname="icivics_testcases.I23_StudentRegistration2_Email_Test" name="C400_verifyfieldsisremembered" time="12.713"/>
  <testcase classname="icivics_testcases.I23_StudentRegistration2_Email_Test" name="C403_clickontermsofuselink" time="24.112"/>
  <testcase classname="icivics_testcases.I23_StudentRegistration2_Email_Test" name="C404_clickprivacypolicy" time="16.714"/>
  <testcase classname="icivics_testcases.I23_StudentRegistration2_Email_Test" name="C405_verifypage2SignUpforEmailsfield" time="10.585"/>
  <testcase classname="icivics_testcases.I23_StudentRegistration2_Email_Test" name="C408_hoveronpwdfield" time="9.137"/>
  <testcase classname="icivics_testcases.I23_StudentRegistration2_Email_Test" name="C409_VerifyPasswordstrengthmeter" time="12.766"/>
  <testcase classname="icivics_testcases.I23_StudentRegistration2_Email_Test" name="C410_VerifyPasswordindicatormatch" time="9.163"/>
  <testcase classname="icivics_testcases.I23_StudentRegistration2_Email_Test" name="C412_verifyenterinvaliddata" time="12.834"/>
  <testcase classname="icivics_testcases.I23_StudentRegistration2_Email_Test" name="C412_verifytermsofuseandprivacycheckbox" time="13.642"/>
  <testcase classname="icivics_testcases.I23_StudentRegistration2_Email_Test" name="C413_verifyblankerrormsg" time="15.92"/>
  <testcase classname="icivics_testcases.I23_StudentRegistration2_Email_Test" name="C414_verifypage3loaded" time="14.254"/>
  <testcase classname="icivics_testcases.I24_StudentRegistration3_ClassCode_Test" name="C454_verifypagecount3" time="19.733"/>
  <testcase classname="icivics_testcases.I24_StudentRegistration3_ClassCode_Test" name="C455_verifyusernamegenerateddisplay" time="23.061"/>
  <testcase classname="icivics_testcases.I24_StudentRegistration3_ClassCode_Test" name="C456_verifyusernametextddisplay" time="18.655"/>
  <testcase classname="icivics_testcases.I24_StudentRegistration3_ClassCode_Test" name="C457_verifyemailddisplay" time="22.316"/>
  <testcase classname="icivics_testcases.I24_StudentRegistration3_ClassCode_Test" name="C458_verifyemailtextddisplay" time="21.317"/>
  <testcase classname="icivics_testcases.I24_StudentRegistration3_ClassCode_Test" name="C459_clickcontinuetomyassignmentbutton" time="25.981"/>
  <testcase classname="icivics_testcases.I25_StudentRegistration3_Email_Test" name="C372_verifypagecount3" time="17.534"/>
  <testcase classname="icivics_testcases.I25_StudentRegistration3_Email_Test" name="C373_verifycheckmsgdisplay" time="18.302"/>
  <testcase classname="icivics_testcases.I25_StudentRegistration3_Email_Test" name="C374_verifycheckmsgdisplay" time="17.963"/>
  <testcase classname="icivics_testcases.I25_StudentRegistration3_Email_Test" name="C375_verifyregisteredemaildisplay" time="17.285"/>
  <testcase classname="icivics_testcases.I25_StudentRegistration3_Email_Test" name="C376_verifyresendbutton" time="24.728"/>
  <testcase classname="icivics_testcases.I25_StudentRegistration3_Email_Test" name="C377_verifyconfirmationemail" time="23.54"/>
  <testcase classname="icivics_testcases.I30_HomePage_1Header_Test" name="C1_VerifyLogo" time="11.175"/>
  <testcase classname="icivics_testcases.I30_HomePage_1Header_Test" name="C2_VerifyHeaderbuttonforanonymoususer" time="16.131"/>
  <testcase classname="icivics_testcases.I30_HomePage_1Header_Test" name="C2_VerifyHeaderbuttonforauthenticateduser" time="13.617"/>
  <testcase classname="icivics_testcases.I30_HomePage_1Header_Test" name="C1538_Verifydonationpopup" time="13.52"/>
  <testcase classname="icivics_testcases.I31_HomePage_1TeacherHeader_Test" name="C3_Verifyheaderbuttonsforanonymoususer" time="14.556"/>
  <testcase classname="icivics_testcases.I31_HomePage_1TeacherHeader_Test" name="C3_Verifyheaderbuttonsforauthenticateduser" time="13.451"/>
  <testcase classname="icivics_testcases.I31_HomePage_1TeacherHeader_Test" name="C4_Verifyheaderelemets" time="175.019"/>
  <testcase classname="icivics_testcases.I31_HomePage_1TeacherHeader_Test" name="C6_Verifyheaderbuttonhoverforanonymoususer" time="80.329"/>
  <testcase classname="icivics_testcases.I31_HomePage_1TeacherHeader_Test" name="C6_verifyaheaderbuttonhoverforauthenticateduser" time="74.91"/>
  <testcase classname="icivics_testcases.I31_HomePage_1TeacherHeader_Test" name="C7_verifyresizeheaderintohamburger" time="34.316"/>
  <testcase classname="icivics_testcases.I32_HomePage_2Headerplay_Test" name="C8_Verifyplaysubmenu" time="7.536"/>
  <testcase classname="icivics_testcases.I32_HomePage_2Headerplay_Test" name="C9_Verifyplaybuttonlist" time="13.33"/>
  <testcase classname="icivics_testcases.I32_HomePage_2Headerplay_Test" name="C10_Verifyplaybuttonelements" time="212.832"/>
  <testcase classname="icivics_testcases.I32_HomePage_2Headerplay_Test" name="C12_Verifypageisunderlined" time="316.273"/>
  <testcase classname="icivics_testcases.I32_HomePage_2Headerplay_Test" name="C13_Verifyclickonplaybuttonagain" time="9.027"/>
  <testcase classname="icivics_testcases.I33_HomePage_3HeaderTeach_Test" name="C15_Verifyteachsubmenu" time="5.62"/>
  <testcase classname="icivics_testcases.I33_HomePage_3HeaderTeach_Test" name="C16_Verifysubmenucount" time="6.519"/>
  <testcase classname="icivics_testcases.I33_HomePage_3HeaderTeach_Test" name="C17_Verifyteachbuttonelements" time="49.661"/>
  <testcase classname="icivics_testcases.I33_HomePage_3HeaderTeach_Test" name="C20_verifyclickteachbuttonagain" time="6.501"/>
  <testcase classname="icivics_testcases.I34_HomePage_3Headerteach2_Test" name="C19_Verifyteachsubmenu" time="77.432"/>
  <testcase classname="icivics_testcases.I35_HomePage_4HeaderAbout_Test" name="C22_Verifyaboutsubmenu" time="15.615"/>
  <testcase classname="icivics_testcases.I35_HomePage_4HeaderAbout_Test" name="C23_Verifysubmenucount" time="7.945"/>
  <testcase classname="icivics_testcases.I35_HomePage_4HeaderAbout_Test" name="C24_VerifysubmenuElement" time="64.98"/>
  <testcase classname="icivics_testcases.I35_HomePage_4HeaderAbout_Test" name="C27_Verifyclickaboutbuttonagain" time="9.776"/>
  <testcase classname="icivics_testcases.I36_HomePage_5HeaderMyicivicsMisc_Test" name="C29_Verifydonatebutton" time="13.648"/>
  <testcase classname="icivics_testcases.I36_HomePage_5HeaderMyicivicsMisc_Test" name="C30_Verifydonatebuttonclick" time="22.304"/>
  <testcase classname="icivics_testcases.I36_HomePage_5HeaderMyicivicsMisc_Test" name="C31_Verifyshopbutton" time="15.279"/>
  <testcase classname="icivics_testcases.I36_HomePage_5HeaderMyicivicsMisc_Test" name="C32_Verifyshopbuttonclick" time="16.164"/>
  <testcase classname="icivics_testcases.I36_HomePage_5HeaderMyicivicsMisc_Test" name="C34_VerifyIcivicsbutton" time="16.749"/>
  <testcase classname="icivics_testcases.I36_HomePage_5HeaderMyicivicsMisc_Test" name="C35_Verifytheavatar" time="15.468"/>
  <testcase classname="icivics_testcases.I36_HomePage_5HeaderMyicivicsMisc_Test" name="C35_Verifythenoavatar" time="17.561"/>
  <testcase classname="icivics_testcases.I36_HomePage_5HeaderMyicivicsMisc_Test" name="C36_VerifyIcivicssubmenu" time="13.386"/>
  <testcase classname="icivics_testcases.I36_HomePage_5HeaderMyicivicsMisc_Test" name="C37_VerifyIcivicssubmenu" time="14.934"/>
  <testcase classname="icivics_testcases.I36_HomePage_5HeaderMyicivicsMisc_Test" name="C39_Myicivicsbuttonelementsverification" time="29.428"/>
  <testcase classname="icivics_testcases.I36_HomePage_5HeaderMyicivicsMisc_Test" name="C41_verifyselectpageisunderlined" time="52.844"/>
  <testcase classname="icivics_testcases.I36_HomePage_5HeaderMyicivicsMisc_Test" name="C42_Verifymyicivicsbuttonsubmenuclose" time="16.531"/>
  <testcase classname="icivics_testcases.I37_HomePage_5HeaderSigninMisc_Test" name="C29_Verifydonatebutton" time="7.45"/>
  <testcase classname="icivics_testcases.I37_HomePage_5HeaderSigninMisc_Test" name="C30_Verifydonatebuttonclick" time="20.569"/>
  <testcase classname="icivics_testcases.I37_HomePage_5HeaderSigninMisc_Test" name="C31_Verifyshopbutton" time="6.342"/>
  <testcase classname="icivics_testcases.I37_HomePage_5HeaderSigninMisc_Test" name="C32_Verifyshopbuttonclick" time="9.244"/>
  <testcase classname="icivics_testcases.I37_HomePage_5HeaderSigninMisc_Test" name="C33_Verifysigninbuttonforanonymoususer" time="6.122"/>
  <testcase classname="icivics_testcases.I37_HomePage_5HeaderSigninMisc_Test" name="C37_Verifysigninbuttonsubmenu" time="10.013"/>
  <testcase classname="icivics_testcases.I37_HomePage_5HeaderSigninMisc_Test" name="C38_Verifysigninbuttonsubmenu" time="20.921"/>
  <testcase classname="icivics_testcases.I37_HomePage_5HeaderSigninMisc_Test" name="C41_Verifysubmenuoptionisunderlined" time="46.306"/>
  <testcase classname="icivics_testcases.I37_HomePage_5HeaderSigninMisc_Test" name="C42_Verifysubmenuoptionisunderlined" time="10.003"/>
  <testcase classname="icivics_testcases.I40_GoogleIntegration_signon_Test" name="C539_Verifygooglesiginpage" time="13.218"/>
  <testcase classname="icivics_testcases.I40_GoogleIntegration_signon_Test" name="C540_verifyentercredentails" time="35.624"/>
  <testcase classname="icivics_testcases.I40_GoogleIntegration_signon_Test" name="C541_verifyentercredentails2" time="205.442"/>
  <testcase classname="icivics_testcases.I40_GoogleIntegration_signon_Test" name="C542_verifyentercredentailsasstudent" time="37.863"/>
  <testcase classname="icivics_testcases.I40_GoogleIntegration_signon_Test" name="C543_verifynotregisteredaccountforstudent" time="148.552"/>
  <testcase classname="icivics_testcases.I41_GoogleIntegration_Registration_Test" name="C544_Verifyeducatorregistrationpage1" time="46.373"/>
  <testcase classname="icivics_testcases.I41_GoogleIntegration_Registration_Test" name="C545_Verifyregistrationwithoutsignin" time="6.528"/>
  <testcase classname="icivics_testcases.I41_GoogleIntegration_Registration_Test" name="C546_Verifyregistrationwithalreadyregisteredid" time="44.595"/>
  <testcase classname="icivics_testcases.I41_GoogleIntegration_Registration_Test" name="C544_Verifystudentregistrationpage1" time="46.543"/>
  <testcase classname="icivics_testcases.I42_GoogleIntegration_Pg1TeacherRegistration_Test" name="C545_VerifyTeacherregistrationpage1" time="127.855"/>
  <testcase classname="icivics_testcases.I42_GoogleIntegration_Pg1TeacherRegistration_Test" name="C546_Verifyroleandgradefield" time="55.741"/>
  <testcase classname="icivics_testcases.I42_GoogleIntegration_Pg1TeacherRegistration_Test" name="C547_Verifyroleandgradefield" time="65.996"/>
  <testcase classname="icivics_testcases.I42_GoogleIntegration_Pg1TeacherRegistration_Test" name="C548_Verifyleavegradeboxesunchecked" time="57.324"/>
  <testcase classname="icivics_testcases.I42_GoogleIntegration_Pg1TeacherRegistration_Test" name="C549_Verifyleaverolenoneselected" time="52.404"/>
  <testcase classname="icivics_testcases.I42_GoogleIntegration_Pg1TeacherRegistration_Test" name="C550_Verifyenterwithvaliddata" time="54.371"/>
  <testcase classname="icivics_testcases.I43_GoogleIntegration_Pg2TeacherRegistration_Test" name="C545_VerifyTeacherregistrationpage1" time="56.146"/>
  <testcase classname="icivics_testcases.I43_GoogleIntegration_Pg2TeacherRegistration_Test" name="C546_Verifypage2fields" time="61.067"/>
  <testcase classname="icivics_testcases.I43_GoogleIntegration_Pg2TeacherRegistration_Test" name="C546_Verifybackbutton" time="54.72"/>
  <testcase classname="icivics_testcases.I43_GoogleIntegration_Pg2TeacherRegistration_Test" name="C547_Verifyfieldselection" time="91.338"/>
  <testcase classname="icivics_testcases.I43_GoogleIntegration_Pg2TeacherRegistration_Test" name="C548_Verifyfieldswithinvaliddata" time="20.244">
    <skipped/>
  </testcase> <!-- C548_Verifyfieldswithinvaliddata -->
  <testcase classname="icivics_testcases.I43_GoogleIntegration_Pg2TeacherRegistration_Test" name="C548_Verifyfieldswithinvaliddata" time="65.259"/>
  <testcase classname="icivics_testcases.I43_GoogleIntegration_Pg2TeacherRegistration_Test" name="C549_Verifyfieldswithinvaliddata" time="56.873"/>
  <testcase classname="icivics_testcases.I43_GoogleIntegration_Pg2TeacherRegistration_Test" name="C550_Verifyfieldswithvaliddata" time="68.601"/>
  <testcase classname="icivics_testcases.I44_GoogleIntegration_Pg3TeacherRegistration_Test" name="C551_Verifypagecount3" time="74.56"/>
  <testcase classname="icivics_testcases.I44_GoogleIntegration_Pg3TeacherRegistration_Test" name="C552_Verifypage3fields" time="78.418"/>
  <testcase classname="icivics_testcases.I44_GoogleIntegration_Pg3TeacherRegistration_Test" name="C553_Verifybackbutton" time="81.405"/>
  <testcase classname="icivics_testcases.I44_GoogleIntegration_Pg3TeacherRegistration_Test" name="C554_Verifygettingstartedpagewithemailcheck1" time="73.286"/>
  <testcase classname="icivics_testcases.I44_GoogleIntegration_Pg3TeacherRegistration_Test" name="C555_Verifygettingstartedpagewithemailcheck" time="91.431"/>
  <testcase classname="icivics_testcases.I44_GoogleIntegration_Pg3TeacherRegistration_Test" name="C555_Verifygettingstartedpagewithemailuncheck" time="194.054"/>
  <testcase classname="icivics_testcases.I44_GoogleIntegration_Pg3TeacherRegistration_Test" name="C556_Verifysynccheckboxwithemailcheck" time="200.098"/>
  <testcase classname="icivics_testcases.I44_GoogleIntegration_Pg3TeacherRegistration_Test" name="C556_Verifysynccheckboxwithemailuncheck" time="206.145"/>
  <testcase classname="icivics_testcases.I45_GoogleIntegration_StudentRegistration_Test" name="C557_Verifyagreetotermsandconditionfield" time="40.593"/>
  <testcase classname="icivics_testcases.I45_GoogleIntegration_StudentRegistration_Test" name="C558_Verifyerrormsg" time="47.15"/>
  <testcase classname="icivics_testcases.I45_GoogleIntegration_StudentRegistration_Test" name="C559_Verifyerrormsg" time="163.327"/>
  <testcase classname="icivics_testcases.I50_PlayHub_Individual_Game_ArgumentsWar_Test" name="C81_Verifylink" time="22.607"/>
  <testcase classname="icivics_testcases.I50_PlayHub_Individual_Game_ArgumentsWar_Test" name="C82_Verifypopup" time="41.623"/>
  <testcase classname="icivics_testcases.I50_PlayHub_Individual_Game_ArgumentsWar_Test" name="C84_Verifyeducatorbutton" time="52.543"/>
  <testcase classname="icivics_testcases.I50_PlayHub_Individual_Game_ArgumentsWar_Test" name="C85_Verifyeducatorbuttonforstudent" time="61.758"/>
  <testcase classname="icivics_testcases.I50_PlayHub_Individual_Game_ArgumentsWar_Test" name="C85_Verifyeducatorbuttonforanonymoususer" time="17.036"/>
  <testcase classname="icivics_testcases.I50_PlayHub_Individual_Game_ArgumentsWar_Test" name="C86_Verifyteacherresourcespopup" time="40.977"/>
  <testcase classname="icivics_testcases.I50_PlayHub_Individual_Game_ArgumentsWar_Test" name="C87_Verifyassignpopup" time="29.179">
    <skipped/>
  </testcase> <!-- C87_Verifyassignpopup -->
  <testcase classname="icivics_testcases.I50_PlayHub_Individual_Game_ArgumentsWar_Test" name="C87_Verifyassignpopup" time="34.016">
    <failure type="org.openqa.selenium.ElementNotInteractableException" message="element not interactable
  (Session info: chrome=104.0.5112.102)
Build info: version: &amp;apos;4.3.0&amp;apos;, revision: &amp;apos;a4995e2c09*&amp;apos;
System info: host: &amp;apos;AMX-AL-20-017-W&amp;apos;, ip: &amp;apos;10.10.7.73&amp;apos;, os.name: &amp;apos;Windows 11&amp;apos;, os.arch: &amp;apos;amd64&amp;apos;, os.version: &amp;apos;10.0&amp;apos;, java.version: &amp;apos;17.0.3&amp;apos;
Driver info: org.openqa.selenium.chrome.ChromeDriver
Command: [04fdbd0ea328791ce0517eac76ce172e, sendKeysToElement {id=09c987b3-c23c-4fd2-af80-e5937f54fec4, value=[Ljava.lang.CharSequence;@32bfc3}]
Capabilities {acceptInsecureCerts: false, browserName: chrome, browserVersion: 104.0.5112.102, chrome: {chromedriverVersion: 104.0.5112.79 (3cf3e8c8a07d..., userDataDir: C:\Users\TRIPTI~1.GUP\AppDa...}, goog:chromeOptions: {debuggerAddress: localhost:64719}, networkConnectionEnabled: false, pageLoadStrategy: normal, platformName: WINDOWS, proxy: Proxy(), se:cdp: ws://localhost:64719/devtoo..., se:cdpVersion: 104.0.5112.102, setWindowRect: true, strictFileInteractability: false, timeouts: {implicit: 0, pageLoad: 300000, script: 30000}, unhandledPromptBehavior: dismiss and notify, webauthn:extension:credBlob: true, webauthn:extension:largeBlob: true, webauthn:virtualAuthenticators: true}
Element: [[ChromeDriver: chrome on WINDOWS (04fdbd0ea328791ce0517eac76ce172e)] -&amp;gt; xpath: //input[@type=&amp;apos;password&amp;apos;]]
Session ID: 04fdbd0ea328791ce0517eac76ce172e">
      <![CDATA[org.openqa.selenium.ElementNotInteractableException: element not interactable
  (Session info: chrome=104.0.5112.102)
Build info: version: '4.3.0', revision: 'a4995e2c09*'
System info: host: 'AMX-AL-20-017-W', ip: '10.10.7.73', os.name: 'Windows 11', os.arch: 'amd64', os.version: '10.0', java.version: '17.0.3'
Driver info: org.openqa.selenium.chrome.ChromeDriver
Command: [04fdbd0ea328791ce0517eac76ce172e, sendKeysToElement {id=09c987b3-c23c-4fd2-af80-e5937f54fec4, value=[Ljava.lang.CharSequence;@32bfc3}]
Capabilities {acceptInsecureCerts: false, browserName: chrome, browserVersion: 104.0.5112.102, chrome: {chromedriverVersion: 104.0.5112.79 (3cf3e8c8a07d..., userDataDir: C:\Users\TRIPTI~1.GUP\AppDa...}, goog:chromeOptions: {debuggerAddress: localhost:64719}, networkConnectionEnabled: false, pageLoadStrategy: normal, platformName: WINDOWS, proxy: Proxy(), se:cdp: ws://localhost:64719/devtoo..., se:cdpVersion: 104.0.5112.102, setWindowRect: true, strictFileInteractability: false, timeouts: {implicit: 0, pageLoad: 300000, script: 30000}, unhandledPromptBehavior: dismiss and notify, webauthn:extension:credBlob: true, webauthn:extension:largeBlob: true, webauthn:virtualAuthenticators: true}
Element: [[ChromeDriver: chrome on WINDOWS (04fdbd0ea328791ce0517eac76ce172e)] -> xpath: //input[@type='password']]
Session ID: 04fdbd0ea328791ce0517eac76ce172e
at org.openqa.selenium.remote.codec.w3c.W3CHttpResponseCodec.createException(W3CHttpResponseCodec.java:200)
at org.openqa.selenium.remote.codec.w3c.W3CHttpResponseCodec.decode(W3CHttpResponseCodec.java:133)
at org.openqa.selenium.remote.codec.w3c.W3CHttpResponseCodec.decode(W3CHttpResponseCodec.java:53)
at org.openqa.selenium.remote.HttpCommandExecutor.execute(HttpCommandExecutor.java:184)
at org.openqa.selenium.remote.service.DriverCommandExecutor.invokeExecute(DriverCommandExecutor.java:167)
at org.openqa.selenium.remote.service.DriverCommandExecutor.execute(DriverCommandExecutor.java:142)
at org.openqa.selenium.remote.RemoteWebDriver.execute(RemoteWebDriver.java:569)
at org.openqa.selenium.remote.RemoteWebElement.execute(RemoteWebElement.java:257)
at org.openqa.selenium.remote.RemoteWebElement.sendKeys(RemoteWebElement.java:113)
at icivics_pages.PlayHub_Individual_Game_AgrumentsWar.verifyassignpopup(PlayHub_Individual_Game_AgrumentsWar.java:164)
at icivics_testcases.I50_PlayHub_Individual_Game_ArgumentsWar_Test.C87_Verifyassignpopup(I50_PlayHub_Individual_Game_ArgumentsWar_Test.java:81)
at java.base/java.util.ArrayList.forEach(ArrayList.java:1511)
... Removed 32 stack frames]]>
    </failure>
  </testcase> <!-- C87_Verifyassignpopup -->
  <testcase classname="icivics_testcases.I50_PlayHub_Individual_Game_ArgumentsWar_Test" name="C88_Verifyassignform" time="108.487"/>
  <testcase classname="icivics_testcases.I50_PlayHub_Individual_Game_ArgumentsWar_Test" name="C89_Verifyappleapp" time="352.638"/>
  <testcase classname="icivics_testcases.I50_PlayHub_Individual_Game_ArgumentsWar_Test" name="C90_Verifyappleapppage" time="793.57"/>
  <testcase classname="icivics_testcases.I50_PlayHub_Individual_Game_ArgumentsWar_Test" name="C91_Verifygoogleplaybutton" time="317.398"/>
  <testcase classname="icivics_testcases.I50_PlayHub_Individual_Game_ArgumentsWar_Test" name="C92_Verifygoogleplaypage" time="791.992"/>
  <testcase classname="icivics_testcases.I50_PlayHub_Individual_Game_ArgumentsWar_Test" name="C93_Verifyextensionpack" time="32.87"/>
  <testcase classname="icivics_testcases.I50_PlayHub_Individual_Game_ArgumentsWar_Test" name="C93_Verifyextensionpackforsortifygame" time="57.166"/>
  <testcase classname="icivics_testcases.I50_PlayHub_Individual_Game_ArgumentsWar_Test" name="C94_Verifyextensionpackforanonymoususere" time="15.435"/>
  <testcase classname="icivics_testcases.I50_PlayHub_Individual_Game_ArgumentsWar_Test" name="C94_Verifyextensionpackforstudent" time="30.142"/>
  <testcase classname="icivics_testcases.I50_PlayHub_Individual_Game_ArgumentsWar_Test" name="C95_Verifyextensionpackclick" time="51.495"/>
  <testcase classname="icivics_testcases.I50_PlayHub_Individual_Game_ArgumentsWar_Test" name="C96_Verifylearningobjectives" time="52.888"/>
  <testcase classname="icivics_testcases.I50_PlayHub_Individual_Game_ArgumentsWar_Test" name="C97_Verifylearningobjectivesforanonymoususer" time="10.065"/>
  <testcase classname="icivics_testcases.I50_PlayHub_Individual_Game_ArgumentsWar_Test" name="C97_Verifylearningobjectivesforstudent" time="53.19"/>
  <testcase classname="icivics_testcases.I51_PlayHub_MainsGamePage_Test" name="C73_Verifymainsgamepage" time="24.837"/>
  <testcase classname="icivics_testcases.I51_PlayHub_MainsGamePage_Test" name="C73_Verifyleftcarousel" time="14.712"/>
  <testcase classname="icivics_testcases.I51_PlayHub_MainsGamePage_Test" name="C73_Verifyrightcarousel" time="14.907"/>
  <testcase classname="icivics_testcases.I51_PlayHub_MainsGamePage_Test" name="C73_Verifycarouseldots" time="41.481"/>
  <testcase classname="icivics_testcases.I51_PlayHub_MainsGamePage_Test" name="C73_Verifycarouseldots3rdpage" time="15.11"/>
  <testcase classname="icivics_testcases.I51_PlayHub_MainsGamePage_Test" name="C73_Verifybannerasananonymoususer" time="14.218"/>
  <testcase classname="icivics_testcases.I51_PlayHub_MainsGamePage_Test" name="C73_Verifybannerasastudentlogin" time="18.41">
    <skipped/>
  </testcase> <!-- C73_Verifybannerasastudentlogin -->
  <testcase classname="icivics_testcases.I51_PlayHub_MainsGamePage_Test" name="C73_Verifybannerasastudentlogin" time="70.801"/>
  <testcase classname="icivics_testcases.I51_PlayHub_MainsGamePage_Test" name="C73_Verifybannerasateacherlogin" time="43.32"/>
  <testcase classname="icivics_testcases.I51_PlayHub_MainsGamePage_Test" name="C73_Verifyregisterbuttonclick" time="18.444"/>
  <testcase classname="icivics_testcases.I51_PlayHub_MainsGamePage_Test" name="C73_VerifygamesTiles" time="16.319"/>
  <testcase classname="icivics_testcases.I51_PlayHub_MainsGamePage_Test" name="C73_VerifygamesTilesclick" time="318.339"/>
  <testcase classname="icivics_testcases.I51_PlayHub_MainsGamePage_Test" name="C73_Verifygreenteachertile" time="20.356"/>
  <testcase classname="icivics_testcases.I51_PlayHub_MainsGamePage_Test" name="C73_Verifyteachbutton" time="29.522"/>
  <testcase classname="icivics_testcases.I51_PlayHub_MainsGamePage_Test" name="C73_Verifygetstartedbutton" time="27.703"/>
  <testcase classname="icivics_testcases.I52_PlayHub_Gameload_Test" name="C83_Verifymainsgamepage" time="441.223">
    <skipped/>
  </testcase> <!-- C83_Verifymainsgamepage -->
  <testcase classname="icivics_testcases.I52_PlayHub_Gameload_Test" name="C83_Verifymainsgamepage" time="316.011">
    <failure type="org.openqa.selenium.TimeoutException" message="Expected condition failed: waiting for visibility of element located by By.xpath: //*[@id=&amp;apos;clickToPlayBtn&amp;apos;]/i (tried for 120 second(s) with 500 milliseconds interval)
Build info: version: &amp;apos;4.3.0&amp;apos;, revision: &amp;apos;a4995e2c09*&amp;apos;
System info: host: &amp;apos;AMX-AL-20-017-W&amp;apos;, ip: &amp;apos;10.10.7.73&amp;apos;, os.name: &amp;apos;Windows 11&amp;apos;, os.arch: &amp;apos;amd64&amp;apos;, os.version: &amp;apos;10.0&amp;apos;, java.version: &amp;apos;17.0.3&amp;apos;
Driver info: org.openqa.selenium.chrome.ChromeDriver
Capabilities {acceptInsecureCerts: false, browserName: chrome, browserVersion: 104.0.5112.102, chrome: {chromedriverVersion: 104.0.5112.79 (3cf3e8c8a07d..., userDataDir: C:\Users\TRIPTI~1.GUP\AppDa...}, goog:chromeOptions: {debuggerAddress: localhost:52715}, networkConnectionEnabled: false, pageLoadStrategy: normal, platformName: WINDOWS, proxy: Proxy(), se:cdp: ws://localhost:52715/devtoo..., se:cdpVersion: 104.0.5112.102, setWindowRect: true, strictFileInteractability: false, timeouts: {implicit: 0, pageLoad: 300000, script: 30000}, unhandledPromptBehavior: dismiss and notify, webauthn:extension:credBlob: true, webauthn:extension:largeBlob: true, webauthn:virtualAuthenticators: true}
Session ID: 4762d19cda49279cff7996d87539b516">
      <![CDATA[org.openqa.selenium.TimeoutException: Expected condition failed: waiting for visibility of element located by By.xpath: //*[@id='clickToPlayBtn']/i (tried for 120 second(s) with 500 milliseconds interval)
Build info: version: '4.3.0', revision: 'a4995e2c09*'
System info: host: 'AMX-AL-20-017-W', ip: '10.10.7.73', os.name: 'Windows 11', os.arch: 'amd64', os.version: '10.0', java.version: '17.0.3'
Driver info: org.openqa.selenium.chrome.ChromeDriver
Capabilities {acceptInsecureCerts: false, browserName: chrome, browserVersion: 104.0.5112.102, chrome: {chromedriverVersion: 104.0.5112.79 (3cf3e8c8a07d..., userDataDir: C:\Users\TRIPTI~1.GUP\AppDa...}, goog:chromeOptions: {debuggerAddress: localhost:52715}, networkConnectionEnabled: false, pageLoadStrategy: normal, platformName: WINDOWS, proxy: Proxy(), se:cdp: ws://localhost:52715/devtoo..., se:cdpVersion: 104.0.5112.102, setWindowRect: true, strictFileInteractability: false, timeouts: {implicit: 0, pageLoad: 300000, script: 30000}, unhandledPromptBehavior: dismiss and notify, webauthn:extension:credBlob: true, webauthn:extension:largeBlob: true, webauthn:virtualAuthenticators: true}
Session ID: 4762d19cda49279cff7996d87539b516
at org.openqa.selenium.support.ui.WebDriverWait.timeoutException(WebDriverWait.java:87)
at org.openqa.selenium.support.ui.FluentWait.until(FluentWait.java:231)
at icivics_pages.PlayHub_Gameload.verifygameload1(PlayHub_Gameload.java:93)
at icivics_testcases.I52_PlayHub_Gameload_Test.C83_Verifymainsgamepage(I52_PlayHub_Gameload_Test.java:28)
at java.base/java.util.ArrayList.forEach(ArrayList.java:1511)
... Removed 27 stack frames]]>
    </failure>
  </testcase> <!-- C83_Verifymainsgamepage -->
  <testcase classname="utilities.Reporter" name="@BeforeSuite startReport" time="0.0">
    <ignored/>
  </testcase> <!-- @BeforeSuite startReport -->
  <testcase classname="utilities.Reporter" name="@BeforeSuite startReport" time="0.0">
    <ignored/>
  </testcase> <!-- @BeforeSuite startReport -->
  <testcase classname="utilities.Reporter" name="@BeforeSuite startReport" time="0.0">
    <ignored/>
  </testcase> <!-- @BeforeSuite startReport -->
  <testcase classname="utilities.Reporter" name="@BeforeSuite startReport" time="0.0">
    <ignored/>
  </testcase> <!-- @BeforeSuite startReport -->
  <testcase classname="utilities.Reporter" name="@BeforeSuite startReport" time="0.0">
    <ignored/>
  </testcase> <!-- @BeforeSuite startReport -->
  <testcase classname="utilities.Reporter" name="@BeforeSuite startReport" time="0.0">
    <ignored/>
  </testcase> <!-- @BeforeSuite startReport -->
  <testcase classname="utilities.Reporter" name="@BeforeSuite startReport" time="0.0">
    <ignored/>
  </testcase> <!-- @BeforeSuite startReport -->
  <testcase classname="utilities.Reporter" name="@BeforeSuite startReport" time="0.0">
    <ignored/>
  </testcase> <!-- @BeforeSuite startReport -->
  <testcase classname="utilities.Reporter" name="@BeforeSuite startReport" time="0.0">
    <ignored/>
  </testcase> <!-- @BeforeSuite startReport -->
  <testcase classname="utilities.Reporter" name="@BeforeSuite startReport" time="0.0">
    <ignored/>
  </testcase> <!-- @BeforeSuite startReport -->
  <testcase classname="utilities.Reporter" name="@BeforeSuite startReport" time="0.0">
    <ignored/>
  </testcase> <!-- @BeforeSuite startReport -->
  <testcase classname="utilities.Reporter" name="@BeforeSuite startReport" time="0.0">
    <ignored/>
  </testcase> <!-- @BeforeSuite startReport -->
  <testcase classname="utilities.Reporter" name="@BeforeSuite startReport" time="0.0">
    <ignored/>
  </testcase> <!-- @BeforeSuite startReport -->
  <testcase classname="utilities.Reporter" name="@BeforeSuite startReport" time="0.0">
    <ignored/>
  </testcase> <!-- @BeforeSuite startReport -->
  <testcase classname="utilities.Reporter" name="@BeforeSuite startReport" time="0.0">
    <ignored/>
  </testcase> <!-- @BeforeSuite startReport -->
  <testcase classname="utilities.Reporter" name="@BeforeSuite startReport" time="0.0">
    <ignored/>
  </testcase> <!-- @BeforeSuite startReport -->
  <testcase classname="utilities.Reporter" name="@BeforeSuite startReport" time="0.0">
    <ignored/>
  </testcase> <!-- @BeforeSuite startReport -->
  <testcase classname="utilities.Reporter" name="@BeforeSuite startReport" time="0.0">
    <ignored/>
  </testcase> <!-- @BeforeSuite startReport -->
  <testcase classname="utilities.Reporter" name="@BeforeSuite startReport" time="0.0">
    <ignored/>
  </testcase> <!-- @BeforeSuite startReport -->
  <testcase classname="utilities.Reporter" name="@BeforeSuite startReport" time="0.0">
    <ignored/>
  </testcase> <!-- @BeforeSuite startReport -->
  <testcase classname="utilities.Reporter" name="@BeforeSuite startReport" time="0.0">
    <ignored/>
  </testcase> <!-- @BeforeSuite startReport -->
  <testcase classname="utilities.Reporter" name="@BeforeSuite startReport" time="0.0">
    <ignored/>
  </testcase> <!-- @BeforeSuite startReport -->
  <testcase classname="utilities.Reporter" name="@BeforeSuite startReport" time="0.0">
    <ignored/>
  </testcase> <!-- @BeforeSuite startReport -->
  <testcase classname="utilities.Reporter" name="@BeforeSuite startReport" time="0.0">
    <ignored/>
  </testcase> <!-- @BeforeSuite startReport -->
  <testcase classname="utilities.Reporter" name="@BeforeSuite startReport" time="0.0">
    <ignored/>
  </testcase> <!-- @BeforeSuite startReport -->
  <testcase classname="utilities.Reporter" name="@BeforeSuite startReport" time="0.0">
    <ignored/>
  </testcase> <!-- @BeforeSuite startReport -->
  <testcase classname="utilities.Reporter" name="@BeforeSuite startReport" time="0.0">
    <ignored/>
  </testcase> <!-- @BeforeSuite startReport -->
  <testcase classname="utilities.Reporter" name="@BeforeSuite startReport" time="0.0">
    <ignored/>
  </testcase> <!-- @BeforeSuite startReport -->
  <testcase classname="utilities.Reporter" name="@AfterSuite stopReport" time="0.0">
    <ignored/>
  </testcase> <!-- @AfterSuite stopReport -->
  <testcase classname="utilities.Reporter" name="@AfterSuite stopReport" time="0.0">
    <ignored/>
  </testcase> <!-- @AfterSuite stopReport -->
  <testcase classname="utilities.Reporter" name="@AfterSuite stopReport" time="0.0">
    <ignored/>
  </testcase> <!-- @AfterSuite stopReport -->
  <testcase classname="utilities.Reporter" name="@AfterSuite stopReport" time="0.0">
    <ignored/>
  </testcase> <!-- @AfterSuite stopReport -->
  <testcase classname="utilities.Reporter" name="@AfterSuite stopReport" time="0.0">
    <ignored/>
  </testcase> <!-- @AfterSuite stopReport -->
  <testcase classname="utilities.Reporter" name="@AfterSuite stopReport" time="0.0">
    <ignored/>
  </testcase> <!-- @AfterSuite stopReport -->
  <testcase classname="utilities.Reporter" name="@AfterSuite stopReport" time="0.0">
    <ignored/>
  </testcase> <!-- @AfterSuite stopReport -->
  <testcase classname="utilities.Reporter" name="@AfterSuite stopReport" time="0.0">
    <ignored/>
  </testcase> <!-- @AfterSuite stopReport -->
  <testcase classname="utilities.Reporter" name="@AfterSuite stopReport" time="0.0">
    <ignored/>
  </testcase> <!-- @AfterSuite stopReport -->
  <testcase classname="utilities.Reporter" name="@AfterSuite stopReport" time="0.0">
    <ignored/>
  </testcase> <!-- @AfterSuite stopReport -->
  <testcase classname="utilities.Reporter" name="@AfterSuite stopReport" time="0.0">
    <ignored/>
  </testcase> <!-- @AfterSuite stopReport -->
  <testcase classname="utilities.Reporter" name="@AfterSuite stopReport" time="0.0">
    <ignored/>
  </testcase> <!-- @AfterSuite stopReport -->
  <testcase classname="utilities.Reporter" name="@AfterSuite stopReport" time="0.0">
    <ignored/>
  </testcase> <!-- @AfterSuite stopReport -->
  <testcase classname="utilities.Reporter" name="@AfterSuite stopReport" time="0.0">
    <ignored/>
  </testcase> <!-- @AfterSuite stopReport -->
  <testcase classname="utilities.Reporter" name="@AfterSuite stopReport" time="0.0">
    <ignored/>
  </testcase> <!-- @AfterSuite stopReport -->
  <testcase classname="utilities.Reporter" name="@AfterSuite stopReport" time="0.0">
    <ignored/>
  </testcase> <!-- @AfterSuite stopReport -->
  <testcase classname="utilities.Reporter" name="@AfterSuite stopReport" time="0.0">
    <ignored/>
  </testcase> <!-- @AfterSuite stopReport -->
  <testcase classname="utilities.Reporter" name="@AfterSuite stopReport" time="0.0">
    <ignored/>
  </testcase> <!-- @AfterSuite stopReport -->
  <testcase classname="utilities.Reporter" name="@AfterSuite stopReport" time="0.0">
    <ignored/>
  </testcase> <!-- @AfterSuite stopReport -->
  <testcase classname="utilities.Reporter" name="@AfterSuite stopReport" time="0.0">
    <ignored/>
  </testcase> <!-- @AfterSuite stopReport -->
  <testcase classname="utilities.Reporter" name="@AfterSuite stopReport" time="0.0">
    <ignored/>
  </testcase> <!-- @AfterSuite stopReport -->
  <testcase classname="utilities.Reporter" name="@AfterSuite stopReport" time="0.0">
    <ignored/>
  </testcase> <!-- @AfterSuite stopReport -->
  <testcase classname="utilities.Reporter" name="@AfterSuite stopReport" time="0.0">
    <ignored/>
  </testcase> <!-- @AfterSuite stopReport -->
  <testcase classname="utilities.Reporter" name="@AfterSuite stopReport" time="0.0">
    <ignored/>
  </testcase> <!-- @AfterSuite stopReport -->
  <testcase classname="utilities.Reporter" name="@AfterSuite stopReport" time="0.0">
    <ignored/>
  </testcase> <!-- @AfterSuite stopReport -->
  <testcase classname="utilities.Reporter" name="@AfterSuite stopReport" time="0.0">
    <ignored/>
  </testcase> <!-- @AfterSuite stopReport -->
  <testcase classname="utilities.Reporter" name="@AfterSuite stopReport" time="0.0">
    <ignored/>
  </testcase> <!-- @AfterSuite stopReport -->
  <testcase classname="utilities.Reporter" name="@AfterSuite stopReport" time="0.0">
    <ignored/>
  </testcase> <!-- @AfterSuite stopReport -->
</testsuite> <!-- Regression_Testscripts -->
