<?xml version="1.0" encoding="UTF-8"?>
<testng-results ignored="38" total="200" passed="156" failed="6" skipped="0">
  <reporter-output>
  </reporter-output>
  <suite started-at="2022-07-01T14:19:07 IST" name="Suite" finished-at="2022-07-01T15:18:08 IST" duration-ms="3540606">
    <groups>
      <group name="cucumber">
        <method signature="AbstractTestNGCucumberTests.runScenario(cucumber.api.testng.PickleEventWrapper,cucumber.api.testng.CucumberFeatureWrapper)[pri:0, instance:icivics_testcases.Icivics10_StudentRegistration2Email_Test@673fdbce]" name="runScenario" class="cucumber.api.testng.AbstractTestNGCucumberTests"/>
        <method signature="AbstractTestNGCucumberTests.runScenario(cucumber.api.testng.PickleEventWrapper,cucumber.api.testng.CucumberFeatureWrapper)[pri:0, instance:icivics_testcases.Icivics11_StudentRegistration3classcode_Test@4d1bf319]" name="runScenario" class="cucumber.api.testng.AbstractTestNGCucumberTests"/>
        <method signature="AbstractTestNGCucumberTests.runScenario(cucumber.api.testng.PickleEventWrapper,cucumber.api.testng.CucumberFeatureWrapper)[pri:0, instance:icivics_testcases.Icivics12_StudentRegistration3Email_Test@5c80cf32]" name="runScenario" class="cucumber.api.testng.AbstractTestNGCucumberTests"/>
        <method signature="AbstractTestNGCucumberTests.runScenario(cucumber.api.testng.PickleEventWrapper,cucumber.api.testng.CucumberFeatureWrapper)[pri:0, instance:icivics_testcases.Icivics13_HP_1Header_Test@5a59ca5e]" name="runScenario" class="cucumber.api.testng.AbstractTestNGCucumberTests"/>
        <method signature="AbstractTestNGCucumberTests.runScenario(cucumber.api.testng.PickleEventWrapper,cucumber.api.testng.CucumberFeatureWrapper)[pri:0, instance:icivics_testcases.Icivics14_HP_1TeacherHeader_Test@5965d37]" name="runScenario" class="cucumber.api.testng.AbstractTestNGCucumberTests"/>
        <method signature="AbstractTestNGCucumberTests.runScenario(cucumber.api.testng.PickleEventWrapper,cucumber.api.testng.CucumberFeatureWrapper)[pri:0, instance:icivics_testcases.Icivics15_HP_2Headerplay_Test@4007f65e]" name="runScenario" class="cucumber.api.testng.AbstractTestNGCucumberTests"/>
        <method signature="AbstractTestNGCucumberTests.runScenario(cucumber.api.testng.PickleEventWrapper,cucumber.api.testng.CucumberFeatureWrapper)[pri:0, instance:icivics_testcases.Icivics16_HP_3HeaderTeach_Test@7a5ceedd]" name="runScenario" class="cucumber.api.testng.AbstractTestNGCucumberTests"/>
        <method signature="AbstractTestNGCucumberTests.runScenario(cucumber.api.testng.PickleEventWrapper,cucumber.api.testng.CucumberFeatureWrapper)[pri:0, instance:icivics_testcases.Icivics17_HP_3Headerteach2_Test@6f53b8a]" name="runScenario" class="cucumber.api.testng.AbstractTestNGCucumberTests"/>
        <method signature="AbstractTestNGCucumberTests.runScenario(cucumber.api.testng.PickleEventWrapper,cucumber.api.testng.CucumberFeatureWrapper)[pri:0, instance:icivics_testcases.Icivics18_HP_4HeaderAbout_Test@6f01b95f]" name="runScenario" class="cucumber.api.testng.AbstractTestNGCucumberTests"/>
        <method signature="AbstractTestNGCucumberTests.runScenario(cucumber.api.testng.PickleEventWrapper,cucumber.api.testng.CucumberFeatureWrapper)[pri:0, instance:icivics_testcases.Icivics19_HP_5HeaderMyicivicsMisc_Test@4f32a3ad]" name="runScenario" class="cucumber.api.testng.AbstractTestNGCucumberTests"/>
        <method signature="AbstractTestNGCucumberTests.runScenario(cucumber.api.testng.PickleEventWrapper,cucumber.api.testng.CucumberFeatureWrapper)[pri:0, instance:icivics_testcases.Icivics1_EducatorRegistration_Test@4bdeaabb]" name="runScenario" class="cucumber.api.testng.AbstractTestNGCucumberTests"/>
        <method signature="AbstractTestNGCucumberTests.runScenario(cucumber.api.testng.PickleEventWrapper,cucumber.api.testng.CucumberFeatureWrapper)[pri:0, instance:icivics_testcases.Icivics20_HP_5HeaderSigninMisc_Test@66982506]" name="runScenario" class="cucumber.api.testng.AbstractTestNGCucumberTests"/>
        <method signature="AbstractTestNGCucumberTests.runScenario(cucumber.api.testng.PickleEventWrapper,cucumber.api.testng.CucumberFeatureWrapper)[pri:0, instance:icivics_testcases.Icivics2_EducatorRegistration1_Test@45d84a20]" name="runScenario" class="cucumber.api.testng.AbstractTestNGCucumberTests"/>
        <method signature="AbstractTestNGCucumberTests.runScenario(cucumber.api.testng.PickleEventWrapper,cucumber.api.testng.CucumberFeatureWrapper)[pri:0, instance:icivics_testcases.Icivics3_EducatorRegistration2_Test@65987993]" name="runScenario" class="cucumber.api.testng.AbstractTestNGCucumberTests"/>
        <method signature="AbstractTestNGCucumberTests.runScenario(cucumber.api.testng.PickleEventWrapper,cucumber.api.testng.CucumberFeatureWrapper)[pri:0, instance:icivics_testcases.Icivics4_EducatorRegistration3_Test@7d900ecf]" name="runScenario" class="cucumber.api.testng.AbstractTestNGCucumberTests"/>
        <method signature="AbstractTestNGCucumberTests.runScenario(cucumber.api.testng.PickleEventWrapper,cucumber.api.testng.CucumberFeatureWrapper)[pri:0, instance:icivics_testcases.Icivics5_EducatorRegistration4_Test@71075444]" name="runScenario" class="cucumber.api.testng.AbstractTestNGCucumberTests"/>
        <method signature="AbstractTestNGCucumberTests.runScenario(cucumber.api.testng.PickleEventWrapper,cucumber.api.testng.CucumberFeatureWrapper)[pri:0, instance:icivics_testcases.Icivics6_EducatorRegistration5_Test@70cf32e3]" name="runScenario" class="cucumber.api.testng.AbstractTestNGCucumberTests"/>
        <method signature="AbstractTestNGCucumberTests.runScenario(cucumber.api.testng.PickleEventWrapper,cucumber.api.testng.CucumberFeatureWrapper)[pri:0, instance:icivics_testcases.Icivics7_StudentRegistration1classcode_Test@1a245833]" name="runScenario" class="cucumber.api.testng.AbstractTestNGCucumberTests"/>
        <method signature="AbstractTestNGCucumberTests.runScenario(cucumber.api.testng.PickleEventWrapper,cucumber.api.testng.CucumberFeatureWrapper)[pri:0, instance:icivics_testcases.Icivics8_StudentRegistration1Email_Test@6b695b06]" name="runScenario" class="cucumber.api.testng.AbstractTestNGCucumberTests"/>
        <method signature="AbstractTestNGCucumberTests.runScenario(cucumber.api.testng.PickleEventWrapper,cucumber.api.testng.CucumberFeatureWrapper)[pri:0, instance:icivics_testcases.Icivics9_StudentRegistration2classcode_Test@6c4906d3]" name="runScenario" class="cucumber.api.testng.AbstractTestNGCucumberTests"/>
      </group> <!-- cucumber -->
    </groups>
    <test started-at="2022-07-01T14:19:07 IST" name="Test" finished-at="2022-07-01T15:18:08 IST" duration-ms="3540606">
      <class name="icivics_testcases.Icivics8_StudentRegistration1Email_Test">
        <test-method is-config="true" signature="setValues()[pri:0, instance:icivics_testcases.Icivics8_StudentRegistration1Email_Test@6b695b06]" started-at="2022-07-01T14:19:07 IST" name="setValues" finished-at="2022-07-01T14:19:07 IST" duration-ms="1" status="PASS">
          <reporter-output>
          </reporter-output>
        </test-method> <!-- setValues -->
        <test-method is-config="true" signature="setUpClass()[pri:0, instance:icivics_testcases.Icivics8_StudentRegistration1Email_Test@6b695b06]" started-at="2022-07-01T14:47:41 IST" name="setUpClass" finished-at="2022-07-01T14:47:41 IST" duration-ms="1" status="PASS">
          <reporter-output>
          </reporter-output>
        </test-method> <!-- setUpClass -->
        <test-method is-config="true" signature="report()[pri:0, instance:icivics_testcases.Icivics8_StudentRegistration1Email_Test@6b695b06]" started-at="2022-07-01T14:47:41 IST" name="report" finished-at="2022-07-01T14:47:41 IST" duration-ms="0" status="PASS">
          <reporter-output>
          </reporter-output>
        </test-method> <!-- report -->
        <test-method is-config="true" signature="beforeMethod()[pri:0, instance:icivics_testcases.Icivics8_StudentRegistration1Email_Test@6b695b06]" started-at="2022-07-01T14:47:41 IST" name="beforeMethod" finished-at="2022-07-01T14:47:43 IST" duration-ms="1111" status="PASS">
          <reporter-output>
          </reporter-output>
        </test-method> <!-- beforeMethod -->
        <test-method signature="C383_Verifybreadcrumbs(java.lang.String)[pri:0, instance:icivics_testcases.Icivics8_StudentRegistration1Email_Test@6b695b06]" started-at="2022-07-01T14:47:43 IST" name="C383_Verifybreadcrumbs" data-provider="fetchData" finished-at="2022-07-01T14:47:47 IST" duration-ms="4476" status="PASS">
          <params>
            <param index="0">
              <value>
                <![CDATA[https://staging.d9.icivics.org/user/register?role=student&email=1]]>
              </value>
            </param>
          </params>
          <reporter-output>
          </reporter-output>
        </test-method> <!-- C383_Verifybreadcrumbs -->
        <test-method is-config="true" signature="afterMethod()[pri:0, instance:icivics_testcases.Icivics8_StudentRegistration1Email_Test@6b695b06]" started-at="2022-07-01T14:47:47 IST" name="afterMethod" finished-at="2022-07-01T14:47:47 IST" duration-ms="172" status="PASS">
          <reporter-output>
          </reporter-output>
        </test-method> <!-- afterMethod -->
        <test-method is-config="true" signature="beforeMethod()[pri:0, instance:icivics_testcases.Icivics8_StudentRegistration1Email_Test@6b695b06]" started-at="2022-07-01T14:47:47 IST" name="beforeMethod" finished-at="2022-07-01T14:47:48 IST" duration-ms="1035" status="PASS">
          <reporter-output>
          </reporter-output>
        </test-method> <!-- beforeMethod -->
        <test-method signature="C384_Verifybreadcrumbspage(java.lang.String)[pri:1, instance:icivics_testcases.Icivics8_StudentRegistration1Email_Test@6b695b06]" started-at="2022-07-01T14:47:48 IST" name="C384_Verifybreadcrumbspage" data-provider="fetchData" finished-at="2022-07-01T14:47:51 IST" duration-ms="3222" status="PASS">
          <params>
            <param index="0">
              <value>
                <![CDATA[https://staging.d9.icivics.org/user/register?role=student&email=1]]>
              </value>
            </param>
          </params>
          <reporter-output>
          </reporter-output>
        </test-method> <!-- C384_Verifybreadcrumbspage -->
        <test-method is-config="true" signature="afterMethod()[pri:0, instance:icivics_testcases.Icivics8_StudentRegistration1Email_Test@6b695b06]" started-at="2022-07-01T14:47:51 IST" name="afterMethod" finished-at="2022-07-01T14:47:52 IST" duration-ms="239" status="PASS">
          <reporter-output>
          </reporter-output>
        </test-method> <!-- afterMethod -->
        <test-method is-config="true" signature="beforeMethod()[pri:0, instance:icivics_testcases.Icivics8_StudentRegistration1Email_Test@6b695b06]" started-at="2022-07-01T14:47:52 IST" name="beforeMethod" finished-at="2022-07-01T14:47:53 IST" duration-ms="939" status="PASS">
          <reporter-output>
          </reporter-output>
        </test-method> <!-- beforeMethod -->
        <test-method signature="C385_Verifyvideolink(java.lang.String)[pri:2, instance:icivics_testcases.Icivics8_StudentRegistration1Email_Test@6b695b06]" started-at="2022-07-01T14:47:53 IST" name="C385_Verifyvideolink" data-provider="fetchData" finished-at="2022-07-01T14:48:08 IST" duration-ms="15468" status="PASS">
          <params>
            <param index="0">
              <value>
                <![CDATA[https://staging.d9.icivics.org/user/register?role=student&email=1]]>
              </value>
            </param>
          </params>
          <reporter-output>
          </reporter-output>
        </test-method> <!-- C385_Verifyvideolink -->
        <test-method is-config="true" signature="afterMethod()[pri:0, instance:icivics_testcases.Icivics8_StudentRegistration1Email_Test@6b695b06]" started-at="2022-07-01T14:48:08 IST" name="afterMethod" finished-at="2022-07-01T14:48:08 IST" duration-ms="295" status="PASS">
          <reporter-output>
          </reporter-output>
        </test-method> <!-- afterMethod -->
        <test-method is-config="true" signature="beforeMethod()[pri:0, instance:icivics_testcases.Icivics8_StudentRegistration1Email_Test@6b695b06]" started-at="2022-07-01T14:48:08 IST" name="beforeMethod" finished-at="2022-07-01T14:48:10 IST" duration-ms="1124" status="PASS">
          <reporter-output>
          </reporter-output>
        </test-method> <!-- beforeMethod -->
        <test-method signature="C387_verifytextfields(java.lang.String)[pri:3, instance:icivics_testcases.Icivics8_StudentRegistration1Email_Test@6b695b06]" started-at="2022-07-01T14:48:10 IST" name="C387_verifytextfields" data-provider="fetchData" finished-at="2022-07-01T14:48:17 IST" duration-ms="7034" status="PASS">
          <params>
            <param index="0">
              <value>
                <![CDATA[https://staging.d9.icivics.org/user/register?role=student&email=1]]>
              </value>
            </param>
          </params>
          <reporter-output>
          </reporter-output>
        </test-method> <!-- C387_verifytextfields -->
        <test-method is-config="true" signature="afterMethod()[pri:0, instance:icivics_testcases.Icivics8_StudentRegistration1Email_Test@6b695b06]" started-at="2022-07-01T14:48:17 IST" name="afterMethod" finished-at="2022-07-01T14:48:17 IST" duration-ms="212" status="PASS">
          <reporter-output>
          </reporter-output>
        </test-method> <!-- afterMethod -->
        <test-method is-config="true" signature="beforeMethod()[pri:0, instance:icivics_testcases.Icivics8_StudentRegistration1Email_Test@6b695b06]" started-at="2022-07-01T14:48:17 IST" name="beforeMethod" finished-at="2022-07-01T14:48:18 IST" duration-ms="1023" status="PASS">
          <reporter-output>
          </reporter-output>
        </test-method> <!-- beforeMethod -->
        <test-method signature="C388_verifyusernamepregenerated(java.lang.String)[pri:4, instance:icivics_testcases.Icivics8_StudentRegistration1Email_Test@6b695b06]" started-at="2022-07-01T14:48:18 IST" name="C388_verifyusernamepregenerated" data-provider="fetchData" finished-at="2022-07-01T14:48:27 IST" duration-ms="9268" status="PASS">
          <params>
            <param index="0">
              <value>
                <![CDATA[https://staging.d9.icivics.org/user/register?role=student&email=1]]>
              </value>
            </param>
          </params>
          <reporter-output>
          </reporter-output>
        </test-method> <!-- C388_verifyusernamepregenerated -->
        <test-method is-config="true" signature="afterMethod()[pri:0, instance:icivics_testcases.Icivics8_StudentRegistration1Email_Test@6b695b06]" started-at="2022-07-01T14:48:27 IST" name="afterMethod" finished-at="2022-07-01T14:48:27 IST" duration-ms="278" status="PASS">
          <reporter-output>
          </reporter-output>
        </test-method> <!-- afterMethod -->
        <test-method is-config="true" signature="beforeMethod()[pri:0, instance:icivics_testcases.Icivics8_StudentRegistration1Email_Test@6b695b06]" started-at="2022-07-01T14:48:27 IST" name="beforeMethod" finished-at="2022-07-01T14:48:29 IST" duration-ms="1020" status="PASS">
          <reporter-output>
          </reporter-output>
        </test-method> <!-- beforeMethod -->
        <test-method signature="C389_verifyusernamepregeneratedrandomly(java.lang.String)[pri:5, instance:icivics_testcases.Icivics8_StudentRegistration1Email_Test@6b695b06]" started-at="2022-07-01T14:48:29 IST" name="C389_verifyusernamepregeneratedrandomly" data-provider="fetchData" finished-at="2022-07-01T14:48:44 IST" duration-ms="15789" status="PASS">
          <params>
            <param index="0">
              <value>
                <![CDATA[https://staging.d9.icivics.org/user/register?role=student&email=1]]>
              </value>
            </param>
          </params>
          <reporter-output>
          </reporter-output>
        </test-method> <!-- C389_verifyusernamepregeneratedrandomly -->
        <test-method is-config="true" signature="afterMethod()[pri:0, instance:icivics_testcases.Icivics8_StudentRegistration1Email_Test@6b695b06]" started-at="2022-07-01T14:48:44 IST" name="afterMethod" finished-at="2022-07-01T14:48:44 IST" duration-ms="173" status="PASS">
          <reporter-output>
          </reporter-output>
        </test-method> <!-- afterMethod -->
        <test-method is-config="true" signature="beforeMethod()[pri:0, instance:icivics_testcases.Icivics8_StudentRegistration1Email_Test@6b695b06]" started-at="2022-07-01T14:48:45 IST" name="beforeMethod" finished-at="2022-07-01T14:48:45 IST" duration-ms="945" status="PASS">
          <reporter-output>
          </reporter-output>
        </test-method> <!-- beforeMethod -->
        <test-method signature="C390_verifyentertextinallfields(java.lang.String)[pri:6, instance:icivics_testcases.Icivics8_StudentRegistration1Email_Test@6b695b06]" started-at="2022-07-01T14:48:45 IST" name="C390_verifyentertextinallfields" data-provider="fetchData" finished-at="2022-07-01T14:48:52 IST" duration-ms="6419" status="PASS">
          <params>
            <param index="0">
              <value>
                <![CDATA[https://staging.d9.icivics.org/user/register?role=student&email=1]]>
              </value>
            </param>
          </params>
          <reporter-output>
          </reporter-output>
        </test-method> <!-- C390_verifyentertextinallfields -->
        <test-method is-config="true" signature="afterMethod()[pri:0, instance:icivics_testcases.Icivics8_StudentRegistration1Email_Test@6b695b06]" started-at="2022-07-01T14:48:52 IST" name="afterMethod" finished-at="2022-07-01T14:48:52 IST" duration-ms="189" status="PASS">
          <reporter-output>
          </reporter-output>
        </test-method> <!-- afterMethod -->
        <test-method is-config="true" signature="beforeMethod()[pri:0, instance:icivics_testcases.Icivics8_StudentRegistration1Email_Test@6b695b06]" started-at="2022-07-01T14:48:52 IST" name="beforeMethod" finished-at="2022-07-01T14:48:53 IST" duration-ms="895" status="PASS">
          <reporter-output>
          </reporter-output>
        </test-method> <!-- beforeMethod -->
        <test-method signature="C391_verifyfieldsmarkedwithanasterisk(java.lang.String)[pri:7, instance:icivics_testcases.Icivics8_StudentRegistration1Email_Test@6b695b06]" started-at="2022-07-01T14:48:53 IST" name="C391_verifyfieldsmarkedwithanasterisk" data-provider="fetchData" finished-at="2022-07-01T14:48:56 IST" duration-ms="3352" status="PASS">
          <params>
            <param index="0">
              <value>
                <![CDATA[https://staging.d9.icivics.org/user/register?role=student&email=1]]>
              </value>
            </param>
          </params>
          <reporter-output>
          </reporter-output>
        </test-method> <!-- C391_verifyfieldsmarkedwithanasterisk -->
        <test-method is-config="true" signature="afterMethod()[pri:0, instance:icivics_testcases.Icivics8_StudentRegistration1Email_Test@6b695b06]" started-at="2022-07-01T14:48:56 IST" name="afterMethod" finished-at="2022-07-01T14:48:57 IST" duration-ms="185" status="PASS">
          <reporter-output>
          </reporter-output>
        </test-method> <!-- afterMethod -->
        <test-method is-config="true" signature="beforeMethod()[pri:0, instance:icivics_testcases.Icivics8_StudentRegistration1Email_Test@6b695b06]" started-at="2022-07-01T14:48:57 IST" name="beforeMethod" finished-at="2022-07-01T14:48:58 IST" duration-ms="992" status="PASS">
          <reporter-output>
          </reporter-output>
        </test-method> <!-- beforeMethod -->
        <test-method signature="C392_verifyemailtooltips(java.lang.String)[pri:8, instance:icivics_testcases.Icivics8_StudentRegistration1Email_Test@6b695b06]" started-at="2022-07-01T14:48:58 IST" name="C392_verifyemailtooltips" data-provider="fetchData" finished-at="2022-07-01T14:49:01 IST" duration-ms="3345" status="PASS">
          <params>
            <param index="0">
              <value>
                <![CDATA[https://staging.d9.icivics.org/user/register?role=student&email=1]]>
              </value>
            </param>
          </params>
          <reporter-output>
          </reporter-output>
        </test-method> <!-- C392_verifyemailtooltips -->
        <test-method is-config="true" signature="afterMethod()[pri:0, instance:icivics_testcases.Icivics8_StudentRegistration1Email_Test@6b695b06]" started-at="2022-07-01T14:49:01 IST" name="afterMethod" finished-at="2022-07-01T14:49:01 IST" duration-ms="168" status="PASS">
          <reporter-output>
          </reporter-output>
        </test-method> <!-- afterMethod -->
        <test-method is-config="true" signature="beforeMethod()[pri:0, instance:icivics_testcases.Icivics8_StudentRegistration1Email_Test@6b695b06]" started-at="2022-07-01T14:49:01 IST" name="beforeMethod" finished-at="2022-07-01T14:49:02 IST" duration-ms="935" status="PASS">
          <reporter-output>
          </reporter-output>
        </test-method> <!-- beforeMethod -->
        <test-method signature="C393_verifyemailerrormsg(java.lang.String)[pri:9, instance:icivics_testcases.Icivics8_StudentRegistration1Email_Test@6b695b06]" started-at="2022-07-01T14:49:02 IST" name="C393_verifyemailerrormsg" data-provider="fetchData" finished-at="2022-07-01T14:49:11 IST" duration-ms="8790" status="PASS">
          <params>
            <param index="0">
              <value>
                <![CDATA[https://staging.d9.icivics.org/user/register?role=student&email=1]]>
              </value>
            </param>
          </params>
          <reporter-output>
          </reporter-output>
        </test-method> <!-- C393_verifyemailerrormsg -->
        <test-method is-config="true" signature="afterMethod()[pri:0, instance:icivics_testcases.Icivics8_StudentRegistration1Email_Test@6b695b06]" started-at="2022-07-01T14:49:11 IST" name="afterMethod" finished-at="2022-07-01T14:49:11 IST" duration-ms="182" status="PASS">
          <reporter-output>
          </reporter-output>
        </test-method> <!-- afterMethod -->
        <test-method is-config="true" signature="beforeMethod()[pri:0, instance:icivics_testcases.Icivics8_StudentRegistration1Email_Test@6b695b06]" started-at="2022-07-01T14:49:11 IST" name="beforeMethod" finished-at="2022-07-01T14:49:12 IST" duration-ms="976" status="PASS">
          <reporter-output>
          </reporter-output>
        </test-method> <!-- beforeMethod -->
        <test-method signature="C394_verifyblankerrormsg(java.lang.String)[pri:10, instance:icivics_testcases.Icivics8_StudentRegistration1Email_Test@6b695b06]" started-at="2022-07-01T14:49:12 IST" name="C394_verifyblankerrormsg" data-provider="fetchData" finished-at="2022-07-01T14:49:53 IST" duration-ms="40793" status="PASS">
          <params>
            <param index="0">
              <value>
                <![CDATA[https://staging.d9.icivics.org/user/register?role=student&email=1]]>
              </value>
            </param>
          </params>
          <reporter-output>
          </reporter-output>
        </test-method> <!-- C394_verifyblankerrormsg -->
        <test-method is-config="true" signature="afterMethod()[pri:0, instance:icivics_testcases.Icivics8_StudentRegistration1Email_Test@6b695b06]" started-at="2022-07-01T14:49:53 IST" name="afterMethod" finished-at="2022-07-01T14:49:53 IST" duration-ms="190" status="PASS">
          <reporter-output>
          </reporter-output>
        </test-method> <!-- afterMethod -->
        <test-method is-config="true" signature="beforeMethod()[pri:0, instance:icivics_testcases.Icivics8_StudentRegistration1Email_Test@6b695b06]" started-at="2022-07-01T14:49:53 IST" name="beforeMethod" finished-at="2022-07-01T14:49:54 IST" duration-ms="930" status="PASS">
          <reporter-output>
          </reporter-output>
        </test-method> <!-- beforeMethod -->
        <test-method signature="C396_verifyvalidregistration(java.lang.String)[pri:11, instance:icivics_testcases.Icivics8_StudentRegistration1Email_Test@6b695b06]" started-at="2022-07-01T14:49:54 IST" name="C396_verifyvalidregistration" data-provider="fetchData" finished-at="2022-07-01T14:50:07 IST" duration-ms="13445" status="PASS">
          <params>
            <param index="0">
              <value>
                <![CDATA[https://staging.d9.icivics.org/user/register?role=student&email=1]]>
              </value>
            </param>
          </params>
          <reporter-output>
          </reporter-output>
        </test-method> <!-- C396_verifyvalidregistration -->
        <test-method is-config="true" signature="afterMethod()[pri:0, instance:icivics_testcases.Icivics8_StudentRegistration1Email_Test@6b695b06]" started-at="2022-07-01T14:50:07 IST" name="afterMethod" finished-at="2022-07-01T14:50:08 IST" duration-ms="249" status="PASS">
          <reporter-output>
          </reporter-output>
        </test-method> <!-- afterMethod -->
        <test-method is-config="true" signature="beforeMethod()[pri:0, instance:icivics_testcases.Icivics8_StudentRegistration1Email_Test@6b695b06]" started-at="2022-07-01T14:50:08 IST" name="beforeMethod" finished-at="2022-07-01T14:50:09 IST" duration-ms="1056" status="PASS">
          <reporter-output>
          </reporter-output>
        </test-method> <!-- beforeMethod -->
        <test-method signature="C397_Verifyclasscodelink(java.lang.String)[pri:12, instance:icivics_testcases.Icivics8_StudentRegistration1Email_Test@6b695b06]" started-at="2022-07-01T14:50:09 IST" name="C397_Verifyclasscodelink" data-provider="fetchData" finished-at="2022-07-01T14:50:12 IST" duration-ms="3448" status="FAIL">
          <params>
            <param index="0">
              <value>
                <![CDATA[https://staging.d9.icivics.org/user/register?role=student&email=1]]>
              </value>
            </param>
          </params>
          <exception class="org.openqa.selenium.WebDriverException">
            <message>
              <![CDATA[unknown error: cannot determine loading status
from unknown error: unexpected command response
  (Session info: chrome=103.0.5060.66)
Build info: version: '3.141.59', revision: 'e82be7d358', time: '2018-11-14T08:17:03'
System info: host: 'AMX-RL-20-348-W', ip: '10.10.7.187', os.name: 'Windows 10', os.arch: 'amd64', os.version: '10.0', java.version: '17.0.3'
Driver info: org.openqa.selenium.chrome.ChromeDriver
Capabilities {acceptInsecureCerts: false, browserName: chrome, browserVersion: 103.0.5060.66, chrome: {chromedriverVersion: 103.0.5060.53 (a1711811edd7..., userDataDir: C:\Users\VENKAT~1.T\AppData...}, goog:chromeOptions: {debuggerAddress: localhost:54973}, javascriptEnabled: true, networkConnectionEnabled: false, pageLoadStrategy: normal, platform: WINDOWS, platformName: WINDOWS, proxy: Proxy(), setWindowRect: true, strictFileInteractability: false, timeouts: {implicit: 0, pageLoad: 300000, script: 30000}, unhandledPromptBehavior: dismiss and notify, webauthn:extension:credBlob: true, webauthn:extension:largeBlob: true, webauthn:virtualAuthenticators: true}
Session ID: f123d6cae07b5524d61b44248a5db8e2]]>
            </message>
            <full-stacktrace>
              <![CDATA[org.openqa.selenium.WebDriverException: unknown error: cannot determine loading status
from unknown error: unexpected command response
  (Session info: chrome=103.0.5060.66)
Build info: version: '3.141.59', revision: 'e82be7d358', time: '2018-11-14T08:17:03'
System info: host: 'AMX-RL-20-348-W', ip: '10.10.7.187', os.name: 'Windows 10', os.arch: 'amd64', os.version: '10.0', java.version: '17.0.3'
Driver info: org.openqa.selenium.chrome.ChromeDriver
Capabilities {acceptInsecureCerts: false, browserName: chrome, browserVersion: 103.0.5060.66, chrome: {chromedriverVersion: 103.0.5060.53 (a1711811edd7..., userDataDir: C:\Users\VENKAT~1.T\AppData...}, goog:chromeOptions: {debuggerAddress: localhost:54973}, javascriptEnabled: true, networkConnectionEnabled: false, pageLoadStrategy: normal, platform: WINDOWS, platformName: WINDOWS, proxy: Proxy(), setWindowRect: true, strictFileInteractability: false, timeouts: {implicit: 0, pageLoad: 300000, script: 30000}, unhandledPromptBehavior: dismiss and notify, webauthn:extension:credBlob: true, webauthn:extension:largeBlob: true, webauthn:virtualAuthenticators: true}
Session ID: f123d6cae07b5524d61b44248a5db8e2
at jdk.internal.reflect.GeneratedConstructorAccessor63.newInstance(Unknown Source)
at java.base/jdk.internal.reflect.DelegatingConstructorAccessorImpl.newInstance(DelegatingConstructorAccessorImpl.java:45)
at java.base/java.lang.reflect.Constructor.newInstanceWithCaller(Constructor.java:499)
at java.base/java.lang.reflect.Constructor.newInstance(Constructor.java:480)
at org.openqa.selenium.remote.http.W3CHttpResponseCodec.createException(W3CHttpResponseCodec.java:187)
at org.openqa.selenium.remote.http.W3CHttpResponseCodec.decode(W3CHttpResponseCodec.java:122)
at org.openqa.selenium.remote.http.W3CHttpResponseCodec.decode(W3CHttpResponseCodec.java:49)
at org.openqa.selenium.remote.HttpCommandExecutor.execute(HttpCommandExecutor.java:158)
at org.openqa.selenium.remote.service.DriverCommandExecutor.execute(DriverCommandExecutor.java:83)
at org.openqa.selenium.remote.RemoteWebDriver.execute(RemoteWebDriver.java:552)
at org.openqa.selenium.remote.RemoteWebElement.execute(RemoteWebElement.java:285)
at org.openqa.selenium.remote.RemoteWebElement.click(RemoteWebElement.java:84)
at icivics_pages.Icivics_StudentReg1Email.verifyclasscodelink(Icivics_StudentReg1Email.java:797)
at icivics_testcases.Icivics8_StudentRegistration1Email_Test.C397_Verifyclasscodelink(Icivics8_StudentRegistration1Email_Test.java:142)
at java.base/jdk.internal.reflect.NativeMethodAccessorImpl.invoke0(Native Method)
at java.base/jdk.internal.reflect.NativeMethodAccessorImpl.invoke(NativeMethodAccessorImpl.java:77)
at java.base/jdk.internal.reflect.DelegatingMethodAccessorImpl.invoke(DelegatingMethodAccessorImpl.java:43)
at java.base/java.lang.reflect.Method.invoke(Method.java:568)
at org.testng.internal.MethodInvocationHelper.invokeMethod(MethodInvocationHelper.java:133)
at org.testng.internal.TestInvoker.invokeMethod(TestInvoker.java:598)
at org.testng.internal.TestInvoker.invokeTestMethod(TestInvoker.java:173)
at org.testng.internal.MethodRunner.runInSequence(MethodRunner.java:46)
at org.testng.internal.TestInvoker$MethodInvocationAgent.invoke(TestInvoker.java:824)
at org.testng.internal.TestInvoker.invokeTestMethods(TestInvoker.java:146)
at org.testng.internal.TestMethodWorker.invokeTestMethods(TestMethodWorker.java:146)
at org.testng.internal.TestMethodWorker.run(TestMethodWorker.java:128)
at java.base/java.util.ArrayList.forEach(ArrayList.java:1511)
at org.testng.TestRunner.privateRun(TestRunner.java:794)
at org.testng.TestRunner.run(TestRunner.java:596)
at org.testng.SuiteRunner.runTest(SuiteRunner.java:377)
at org.testng.SuiteRunner.runSequentially(SuiteRunner.java:371)
at org.testng.SuiteRunner.privateRun(SuiteRunner.java:332)
at org.testng.SuiteRunner.run(SuiteRunner.java:276)
at org.testng.SuiteRunnerWorker.runSuite(SuiteRunnerWorker.java:53)
at org.testng.SuiteRunnerWorker.run(SuiteRunnerWorker.java:96)
at org.testng.TestNG.runSuitesSequentially(TestNG.java:1212)
at org.testng.TestNG.runSuitesLocally(TestNG.java:1134)
at org.testng.TestNG.runSuites(TestNG.java:1063)
at org.testng.TestNG.run(TestNG.java:1031)
at org.testng.remote.AbstractRemoteTestNG.run(AbstractRemoteTestNG.java:115)
at org.testng.remote.RemoteTestNG.initAndRun(RemoteTestNG.java:251)
at org.testng.remote.RemoteTestNG.main(RemoteTestNG.java:77)
]]>
            </full-stacktrace>
          </exception> <!-- org.openqa.selenium.WebDriverException -->
          <reporter-output>
          </reporter-output>
        </test-method> <!-- C397_Verifyclasscodelink -->
        <test-method is-config="true" signature="afterMethod()[pri:0, instance:icivics_testcases.Icivics8_StudentRegistration1Email_Test@6b695b06]" started-at="2022-07-01T14:50:12 IST" name="afterMethod" finished-at="2022-07-01T14:50:12 IST" duration-ms="171" status="PASS">
          <reporter-output>
          </reporter-output>
        </test-method> <!-- afterMethod -->
        <test-method is-config="true" signature="tearDownClass()[pri:0, instance:icivics_testcases.Icivics8_StudentRegistration1Email_Test@6b695b06]" started-at="2022-07-01T14:50:12 IST" name="tearDownClass" finished-at="2022-07-01T14:50:12 IST" duration-ms="1" status="PASS">
          <reporter-output>
          </reporter-output>
        </test-method> <!-- tearDownClass -->
      </class> <!-- icivics_testcases.Icivics8_StudentRegistration1Email_Test -->
      <class name="icivics_testcases.Icivics10_StudentRegistration2Email_Test">
        <test-method is-config="true" signature="setValues()[pri:0, instance:icivics_testcases.Icivics10_StudentRegistration2Email_Test@673fdbce]" started-at="2022-07-01T14:19:07 IST" name="setValues" finished-at="2022-07-01T14:19:07 IST" duration-ms="1" status="PASS">
          <reporter-output>
          </reporter-output>
        </test-method> <!-- setValues -->
        <test-method is-config="true" signature="setUpClass()[pri:0, instance:icivics_testcases.Icivics10_StudentRegistration2Email_Test@673fdbce]" started-at="2022-07-01T15:08:36 IST" name="setUpClass" finished-at="2022-07-01T15:08:36 IST" duration-ms="1" status="PASS">
          <reporter-output>
          </reporter-output>
        </test-method> <!-- setUpClass -->
        <test-method is-config="true" signature="report()[pri:0, instance:icivics_testcases.Icivics10_StudentRegistration2Email_Test@673fdbce]" started-at="2022-07-01T15:08:36 IST" name="report" finished-at="2022-07-01T15:08:36 IST" duration-ms="0" status="PASS">
          <reporter-output>
          </reporter-output>
        </test-method> <!-- report -->
        <test-method is-config="true" signature="beforeMethod()[pri:0, instance:icivics_testcases.Icivics10_StudentRegistration2Email_Test@673fdbce]" started-at="2022-07-01T15:08:36 IST" name="beforeMethod" finished-at="2022-07-01T15:08:37 IST" duration-ms="913" status="PASS">
          <reporter-output>
          </reporter-output>
        </test-method> <!-- beforeMethod -->
        <test-method signature="C398_verifypagecount2(java.lang.String)[pri:0, instance:icivics_testcases.Icivics10_StudentRegistration2Email_Test@673fdbce]" started-at="2022-07-01T15:08:37 IST" name="C398_verifypagecount2" data-provider="fetchData" finished-at="2022-07-01T15:08:43 IST" duration-ms="6435" status="PASS">
          <params>
            <param index="0">
              <value>
                <![CDATA[https://staging.d9.icivics.org/user/register?role=student&email=1]]>
              </value>
            </param>
          </params>
          <reporter-output>
          </reporter-output>
        </test-method> <!-- C398_verifypagecount2 -->
        <test-method is-config="true" signature="afterMethod()[pri:0, instance:icivics_testcases.Icivics10_StudentRegistration2Email_Test@673fdbce]" started-at="2022-07-01T15:08:43 IST" name="afterMethod" finished-at="2022-07-01T15:08:43 IST" duration-ms="173" status="PASS">
          <reporter-output>
          </reporter-output>
        </test-method> <!-- afterMethod -->
        <test-method is-config="true" signature="beforeMethod()[pri:0, instance:icivics_testcases.Icivics10_StudentRegistration2Email_Test@673fdbce]" started-at="2022-07-01T15:08:43 IST" name="beforeMethod" finished-at="2022-07-01T15:08:44 IST" duration-ms="1015" status="PASS">
          <reporter-output>
          </reporter-output>
        </test-method> <!-- beforeMethod -->
        <test-method signature="C399_Clickbackbutton(java.lang.String)[pri:1, instance:icivics_testcases.Icivics10_StudentRegistration2Email_Test@673fdbce]" started-at="2022-07-01T15:08:44 IST" name="C399_Clickbackbutton" data-provider="fetchData" finished-at="2022-07-01T15:08:56 IST" duration-ms="11932" status="PASS">
          <params>
            <param index="0">
              <value>
                <![CDATA[https://staging.d9.icivics.org/user/register?role=student&email=1]]>
              </value>
            </param>
          </params>
          <reporter-output>
          </reporter-output>
        </test-method> <!-- C399_Clickbackbutton -->
        <test-method is-config="true" signature="afterMethod()[pri:0, instance:icivics_testcases.Icivics10_StudentRegistration2Email_Test@673fdbce]" started-at="2022-07-01T15:08:56 IST" name="afterMethod" finished-at="2022-07-01T15:08:56 IST" duration-ms="207" status="PASS">
          <reporter-output>
          </reporter-output>
        </test-method> <!-- afterMethod -->
        <test-method is-config="true" signature="beforeMethod()[pri:0, instance:icivics_testcases.Icivics10_StudentRegistration2Email_Test@673fdbce]" started-at="2022-07-01T15:08:56 IST" name="beforeMethod" finished-at="2022-07-01T15:08:57 IST" duration-ms="977" status="PASS">
          <reporter-output>
          </reporter-output>
        </test-method> <!-- beforeMethod -->
        <test-method signature="C400_verifyfieldsisremembered(java.lang.String)[pri:2, instance:icivics_testcases.Icivics10_StudentRegistration2Email_Test@673fdbce]" started-at="2022-07-01T15:08:57 IST" name="C400_verifyfieldsisremembered" data-provider="fetchData" finished-at="2022-07-01T15:09:07 IST" duration-ms="9540" status="PASS">
          <params>
            <param index="0">
              <value>
                <![CDATA[https://staging.d9.icivics.org/user/register?role=student&email=1]]>
              </value>
            </param>
          </params>
          <reporter-output>
          </reporter-output>
        </test-method> <!-- C400_verifyfieldsisremembered -->
        <test-method is-config="true" signature="afterMethod()[pri:0, instance:icivics_testcases.Icivics10_StudentRegistration2Email_Test@673fdbce]" started-at="2022-07-01T15:09:07 IST" name="afterMethod" finished-at="2022-07-01T15:09:07 IST" duration-ms="159" status="PASS">
          <reporter-output>
          </reporter-output>
        </test-method> <!-- afterMethod -->
        <test-method is-config="true" signature="beforeMethod()[pri:0, instance:icivics_testcases.Icivics10_StudentRegistration2Email_Test@673fdbce]" started-at="2022-07-01T15:09:07 IST" name="beforeMethod" finished-at="2022-07-01T15:09:08 IST" duration-ms="930" status="PASS">
          <reporter-output>
          </reporter-output>
        </test-method> <!-- beforeMethod -->
        <test-method signature="C403_clickontermsofuselink(java.lang.String)[pri:3, instance:icivics_testcases.Icivics10_StudentRegistration2Email_Test@673fdbce]" started-at="2022-07-01T15:09:08 IST" name="C403_clickontermsofuselink" data-provider="fetchData" finished-at="2022-07-01T15:09:29 IST" duration-ms="21311" status="PASS">
          <params>
            <param index="0">
              <value>
                <![CDATA[https://staging.d9.icivics.org/user/register?role=student&email=1]]>
              </value>
            </param>
          </params>
          <reporter-output>
          </reporter-output>
        </test-method> <!-- C403_clickontermsofuselink -->
        <test-method is-config="true" signature="afterMethod()[pri:0, instance:icivics_testcases.Icivics10_StudentRegistration2Email_Test@673fdbce]" started-at="2022-07-01T15:09:29 IST" name="afterMethod" finished-at="2022-07-01T15:09:30 IST" duration-ms="202" status="PASS">
          <reporter-output>
          </reporter-output>
        </test-method> <!-- afterMethod -->
        <test-method is-config="true" signature="beforeMethod()[pri:0, instance:icivics_testcases.Icivics10_StudentRegistration2Email_Test@673fdbce]" started-at="2022-07-01T15:09:30 IST" name="beforeMethod" finished-at="2022-07-01T15:09:31 IST" duration-ms="1097" status="PASS">
          <reporter-output>
          </reporter-output>
        </test-method> <!-- beforeMethod -->
        <test-method signature="C404_clickprivacypolicy(java.lang.String)[pri:4, instance:icivics_testcases.Icivics10_StudentRegistration2Email_Test@673fdbce]" started-at="2022-07-01T15:09:31 IST" name="C404_clickprivacypolicy" data-provider="fetchData" finished-at="2022-07-01T15:09:44 IST" duration-ms="13306" status="PASS">
          <params>
            <param index="0">
              <value>
                <![CDATA[https://staging.d9.icivics.org/user/register?role=student&email=1]]>
              </value>
            </param>
          </params>
          <reporter-output>
          </reporter-output>
        </test-method> <!-- C404_clickprivacypolicy -->
        <test-method is-config="true" signature="afterMethod()[pri:0, instance:icivics_testcases.Icivics10_StudentRegistration2Email_Test@673fdbce]" started-at="2022-07-01T15:09:44 IST" name="afterMethod" finished-at="2022-07-01T15:09:44 IST" duration-ms="195" status="PASS">
          <reporter-output>
          </reporter-output>
        </test-method> <!-- afterMethod -->
        <test-method is-config="true" signature="beforeMethod()[pri:0, instance:icivics_testcases.Icivics10_StudentRegistration2Email_Test@673fdbce]" started-at="2022-07-01T15:09:44 IST" name="beforeMethod" finished-at="2022-07-01T15:09:45 IST" duration-ms="929" status="PASS">
          <reporter-output>
          </reporter-output>
        </test-method> <!-- beforeMethod -->
        <test-method signature="C405_verifypage2SignUpforEmailsfield(java.lang.String)[pri:5, instance:icivics_testcases.Icivics10_StudentRegistration2Email_Test@673fdbce]" started-at="2022-07-01T15:09:45 IST" name="C405_verifypage2SignUpforEmailsfield" data-provider="fetchData" finished-at="2022-07-01T15:09:52 IST" duration-ms="6905" status="PASS">
          <params>
            <param index="0">
              <value>
                <![CDATA[https://staging.d9.icivics.org/user/register?role=student&email=1]]>
              </value>
            </param>
          </params>
          <reporter-output>
          </reporter-output>
        </test-method> <!-- C405_verifypage2SignUpforEmailsfield -->
        <test-method is-config="true" signature="afterMethod()[pri:0, instance:icivics_testcases.Icivics10_StudentRegistration2Email_Test@673fdbce]" started-at="2022-07-01T15:09:52 IST" name="afterMethod" finished-at="2022-07-01T15:09:52 IST" duration-ms="176" status="PASS">
          <reporter-output>
          </reporter-output>
        </test-method> <!-- afterMethod -->
        <test-method is-config="true" signature="beforeMethod()[pri:0, instance:icivics_testcases.Icivics10_StudentRegistration2Email_Test@673fdbce]" started-at="2022-07-01T15:09:52 IST" name="beforeMethod" finished-at="2022-07-01T15:09:53 IST" duration-ms="908" status="PASS">
          <reporter-output>
          </reporter-output>
        </test-method> <!-- beforeMethod -->
        <test-method signature="C408_hoveronpwdfield(java.lang.String)[pri:6, instance:icivics_testcases.Icivics10_StudentRegistration2Email_Test@673fdbce]" started-at="2022-07-01T15:09:53 IST" name="C408_hoveronpwdfield" data-provider="fetchData" finished-at="2022-07-01T15:10:00 IST" duration-ms="6878" status="PASS">
          <params>
            <param index="0">
              <value>
                <![CDATA[https://staging.d9.icivics.org/user/register?role=student&email=1]]>
              </value>
            </param>
          </params>
          <reporter-output>
          </reporter-output>
        </test-method> <!-- C408_hoveronpwdfield -->
        <test-method is-config="true" signature="afterMethod()[pri:0, instance:icivics_testcases.Icivics10_StudentRegistration2Email_Test@673fdbce]" started-at="2022-07-01T15:10:00 IST" name="afterMethod" finished-at="2022-07-01T15:10:00 IST" duration-ms="183" status="PASS">
          <reporter-output>
          </reporter-output>
        </test-method> <!-- afterMethod -->
        <test-method is-config="true" signature="beforeMethod()[pri:0, instance:icivics_testcases.Icivics10_StudentRegistration2Email_Test@673fdbce]" started-at="2022-07-01T15:10:00 IST" name="beforeMethod" finished-at="2022-07-01T15:10:01 IST" duration-ms="984" status="PASS">
          <reporter-output>
          </reporter-output>
        </test-method> <!-- beforeMethod -->
        <test-method signature="C409_VerifyPasswordstrengthmeter(java.lang.String)[pri:7, instance:icivics_testcases.Icivics10_StudentRegistration2Email_Test@673fdbce]" started-at="2022-07-01T15:10:01 IST" name="C409_VerifyPasswordstrengthmeter" data-provider="fetchData" finished-at="2022-07-01T15:10:11 IST" duration-ms="9733" status="PASS">
          <params>
            <param index="0">
              <value>
                <![CDATA[https://staging.d9.icivics.org/user/register?role=student&email=1]]>
              </value>
            </param>
          </params>
          <reporter-output>
          </reporter-output>
        </test-method> <!-- C409_VerifyPasswordstrengthmeter -->
        <test-method is-config="true" signature="afterMethod()[pri:0, instance:icivics_testcases.Icivics10_StudentRegistration2Email_Test@673fdbce]" started-at="2022-07-01T15:10:11 IST" name="afterMethod" finished-at="2022-07-01T15:10:11 IST" duration-ms="252" status="PASS">
          <reporter-output>
          </reporter-output>
        </test-method> <!-- afterMethod -->
        <test-method is-config="true" signature="beforeMethod()[pri:0, instance:icivics_testcases.Icivics10_StudentRegistration2Email_Test@673fdbce]" started-at="2022-07-01T15:10:11 IST" name="beforeMethod" finished-at="2022-07-01T15:10:12 IST" duration-ms="940" status="PASS">
          <reporter-output>
          </reporter-output>
        </test-method> <!-- beforeMethod -->
        <test-method signature="C410_VerifyPasswordindicatormatch(java.lang.String)[pri:8, instance:icivics_testcases.Icivics10_StudentRegistration2Email_Test@673fdbce]" started-at="2022-07-01T15:10:12 IST" name="C410_VerifyPasswordindicatormatch" data-provider="fetchData" finished-at="2022-07-01T15:10:19 IST" duration-ms="6870" status="PASS">
          <params>
            <param index="0">
              <value>
                <![CDATA[https://staging.d9.icivics.org/user/register?role=student&email=1]]>
              </value>
            </param>
          </params>
          <reporter-output>
          </reporter-output>
        </test-method> <!-- C410_VerifyPasswordindicatormatch -->
        <test-method is-config="true" signature="afterMethod()[pri:0, instance:icivics_testcases.Icivics10_StudentRegistration2Email_Test@673fdbce]" started-at="2022-07-01T15:10:19 IST" name="afterMethod" finished-at="2022-07-01T15:10:19 IST" duration-ms="190" status="PASS">
          <reporter-output>
          </reporter-output>
        </test-method> <!-- afterMethod -->
        <test-method is-config="true" signature="beforeMethod()[pri:0, instance:icivics_testcases.Icivics10_StudentRegistration2Email_Test@673fdbce]" started-at="2022-07-01T15:10:19 IST" name="beforeMethod" finished-at="2022-07-01T15:10:20 IST" duration-ms="971" status="PASS">
          <reporter-output>
          </reporter-output>
        </test-method> <!-- beforeMethod -->
        <test-method signature="C412_verifyenterinvaliddata(java.lang.String)[pri:9, instance:icivics_testcases.Icivics10_StudentRegistration2Email_Test@673fdbce]" started-at="2022-07-01T15:10:20 IST" name="C412_verifyenterinvaliddata" data-provider="fetchData" finished-at="2022-07-01T15:10:31 IST" duration-ms="10503" status="PASS">
          <params>
            <param index="0">
              <value>
                <![CDATA[https://staging.d9.icivics.org/user/register?role=student&email=1]]>
              </value>
            </param>
          </params>
          <reporter-output>
          </reporter-output>
        </test-method> <!-- C412_verifyenterinvaliddata -->
        <test-method is-config="true" signature="afterMethod()[pri:0, instance:icivics_testcases.Icivics10_StudentRegistration2Email_Test@673fdbce]" started-at="2022-07-01T15:10:31 IST" name="afterMethod" finished-at="2022-07-01T15:10:31 IST" duration-ms="228" status="PASS">
          <reporter-output>
          </reporter-output>
        </test-method> <!-- afterMethod -->
        <test-method is-config="true" signature="beforeMethod()[pri:0, instance:icivics_testcases.Icivics10_StudentRegistration2Email_Test@673fdbce]" started-at="2022-07-01T15:10:31 IST" name="beforeMethod" finished-at="2022-07-01T15:10:32 IST" duration-ms="997" status="PASS">
          <reporter-output>
          </reporter-output>
        </test-method> <!-- beforeMethod -->
        <test-method signature="C412_verifytermsofuseandprivacycheckbox(java.lang.String)[pri:10, instance:icivics_testcases.Icivics10_StudentRegistration2Email_Test@673fdbce]" started-at="2022-07-01T15:10:32 IST" name="C412_verifytermsofuseandprivacycheckbox" data-provider="fetchData" finished-at="2022-07-01T15:10:42 IST" duration-ms="9748" status="PASS">
          <params>
            <param index="0">
              <value>
                <![CDATA[https://staging.d9.icivics.org/user/register?role=student&email=1]]>
              </value>
            </param>
          </params>
          <reporter-output>
          </reporter-output>
        </test-method> <!-- C412_verifytermsofuseandprivacycheckbox -->
        <test-method is-config="true" signature="afterMethod()[pri:0, instance:icivics_testcases.Icivics10_StudentRegistration2Email_Test@673fdbce]" started-at="2022-07-01T15:10:42 IST" name="afterMethod" finished-at="2022-07-01T15:10:42 IST" duration-ms="171" status="PASS">
          <reporter-output>
          </reporter-output>
        </test-method> <!-- afterMethod -->
        <test-method is-config="true" signature="beforeMethod()[pri:0, instance:icivics_testcases.Icivics10_StudentRegistration2Email_Test@673fdbce]" started-at="2022-07-01T15:10:42 IST" name="beforeMethod" finished-at="2022-07-01T15:10:43 IST" duration-ms="960" status="PASS">
          <reporter-output>
          </reporter-output>
        </test-method> <!-- beforeMethod -->
        <test-method signature="C413_verifyblankerrormsg(java.lang.String)[pri:11, instance:icivics_testcases.Icivics10_StudentRegistration2Email_Test@673fdbce]" started-at="2022-07-01T15:10:43 IST" name="C413_verifyblankerrormsg" data-provider="fetchData" finished-at="2022-07-01T15:10:57 IST" duration-ms="13790" status="PASS">
          <params>
            <param index="0">
              <value>
                <![CDATA[https://staging.d9.icivics.org/user/register?role=student&email=1]]>
              </value>
            </param>
          </params>
          <reporter-output>
          </reporter-output>
        </test-method> <!-- C413_verifyblankerrormsg -->
        <test-method is-config="true" signature="afterMethod()[pri:0, instance:icivics_testcases.Icivics10_StudentRegistration2Email_Test@673fdbce]" started-at="2022-07-01T15:10:57 IST" name="afterMethod" finished-at="2022-07-01T15:10:57 IST" duration-ms="212" status="PASS">
          <reporter-output>
          </reporter-output>
        </test-method> <!-- afterMethod -->
        <test-method is-config="true" signature="beforeMethod()[pri:0, instance:icivics_testcases.Icivics10_StudentRegistration2Email_Test@673fdbce]" started-at="2022-07-01T15:10:57 IST" name="beforeMethod" finished-at="2022-07-01T15:10:58 IST" duration-ms="975" status="PASS">
          <reporter-output>
          </reporter-output>
        </test-method> <!-- beforeMethod -->
        <test-method signature="C414_verifypage3loaded(java.lang.String)[pri:12, instance:icivics_testcases.Icivics10_StudentRegistration2Email_Test@673fdbce]" started-at="2022-07-01T15:10:58 IST" name="C414_verifypage3loaded" data-provider="fetchData" finished-at="2022-07-01T15:11:14 IST" duration-ms="15698" status="PASS">
          <params>
            <param index="0">
              <value>
                <![CDATA[https://staging.d9.icivics.org/user/register?role=student&email=1]]>
              </value>
            </param>
          </params>
          <reporter-output>
          </reporter-output>
        </test-method> <!-- C414_verifypage3loaded -->
        <test-method is-config="true" signature="afterMethod()[pri:0, instance:icivics_testcases.Icivics10_StudentRegistration2Email_Test@673fdbce]" started-at="2022-07-01T15:11:14 IST" name="afterMethod" finished-at="2022-07-01T15:11:14 IST" duration-ms="247" status="PASS">
          <reporter-output>
          </reporter-output>
        </test-method> <!-- afterMethod -->
        <test-method is-config="true" signature="tearDownClass()[pri:0, instance:icivics_testcases.Icivics10_StudentRegistration2Email_Test@673fdbce]" started-at="2022-07-01T15:11:14 IST" name="tearDownClass" finished-at="2022-07-01T15:11:14 IST" duration-ms="1" status="PASS">
          <reporter-output>
          </reporter-output>
        </test-method> <!-- tearDownClass -->
      </class> <!-- icivics_testcases.Icivics10_StudentRegistration2Email_Test -->
      <class name="icivics_testcases.Icivics12_StudentRegistration3Email_Test">
        <test-method is-config="true" signature="setValues()[pri:0, instance:icivics_testcases.Icivics12_StudentRegistration3Email_Test@5c80cf32]" started-at="2022-07-01T14:19:07 IST" name="setValues" finished-at="2022-07-01T14:19:07 IST" duration-ms="0" status="PASS">
          <reporter-output>
          </reporter-output>
        </test-method> <!-- setValues -->
        <test-method is-config="true" signature="setUpClass()[pri:0, instance:icivics_testcases.Icivics12_StudentRegistration3Email_Test@5c80cf32]" started-at="2022-07-01T14:53:10 IST" name="setUpClass" finished-at="2022-07-01T14:53:10 IST" duration-ms="1" status="PASS">
          <reporter-output>
          </reporter-output>
        </test-method> <!-- setUpClass -->
        <test-method is-config="true" signature="report()[pri:0, instance:icivics_testcases.Icivics12_StudentRegistration3Email_Test@5c80cf32]" started-at="2022-07-01T14:53:10 IST" name="report" finished-at="2022-07-01T14:53:10 IST" duration-ms="0" status="PASS">
          <reporter-output>
          </reporter-output>
        </test-method> <!-- report -->
        <test-method is-config="true" signature="beforeMethod()[pri:0, instance:icivics_testcases.Icivics12_StudentRegistration3Email_Test@5c80cf32]" started-at="2022-07-01T14:53:10 IST" name="beforeMethod" finished-at="2022-07-01T14:53:11 IST" duration-ms="932" status="PASS">
          <reporter-output>
          </reporter-output>
        </test-method> <!-- beforeMethod -->
        <test-method signature="C372_verifypagecount3(java.lang.String)[pri:0, instance:icivics_testcases.Icivics12_StudentRegistration3Email_Test@5c80cf32]" started-at="2022-07-01T14:53:11 IST" name="C372_verifypagecount3" data-provider="fetchData" finished-at="2022-07-01T14:53:26 IST" duration-ms="15039" status="PASS">
          <params>
            <param index="0">
              <value>
                <![CDATA[https://staging.d9.icivics.org/user/register?role=student&email=1]]>
              </value>
            </param>
          </params>
          <reporter-output>
          </reporter-output>
        </test-method> <!-- C372_verifypagecount3 -->
        <test-method is-config="true" signature="afterMethod()[pri:0, instance:icivics_testcases.Icivics12_StudentRegistration3Email_Test@5c80cf32]" started-at="2022-07-01T14:53:26 IST" name="afterMethod" finished-at="2022-07-01T14:53:26 IST" duration-ms="196" status="PASS">
          <reporter-output>
          </reporter-output>
        </test-method> <!-- afterMethod -->
        <test-method is-config="true" signature="beforeMethod()[pri:0, instance:icivics_testcases.Icivics12_StudentRegistration3Email_Test@5c80cf32]" started-at="2022-07-01T14:53:26 IST" name="beforeMethod" finished-at="2022-07-01T14:53:27 IST" duration-ms="1044" status="PASS">
          <reporter-output>
          </reporter-output>
        </test-method> <!-- beforeMethod -->
        <test-method signature="C373_verifycheckmsgdisplay(java.lang.String)[pri:1, instance:icivics_testcases.Icivics12_StudentRegistration3Email_Test@5c80cf32]" started-at="2022-07-01T14:53:27 IST" name="C373_verifycheckmsgdisplay" data-provider="fetchData" finished-at="2022-07-01T14:53:42 IST" duration-ms="14810" status="PASS">
          <params>
            <param index="0">
              <value>
                <![CDATA[https://staging.d9.icivics.org/user/register?role=student&email=1]]>
              </value>
            </param>
          </params>
          <reporter-output>
          </reporter-output>
        </test-method> <!-- C373_verifycheckmsgdisplay -->
        <test-method is-config="true" signature="afterMethod()[pri:0, instance:icivics_testcases.Icivics12_StudentRegistration3Email_Test@5c80cf32]" started-at="2022-07-01T14:53:42 IST" name="afterMethod" finished-at="2022-07-01T14:53:42 IST" duration-ms="210" status="PASS">
          <reporter-output>
          </reporter-output>
        </test-method> <!-- afterMethod -->
        <test-method is-config="true" signature="beforeMethod()[pri:0, instance:icivics_testcases.Icivics12_StudentRegistration3Email_Test@5c80cf32]" started-at="2022-07-01T14:53:42 IST" name="beforeMethod" finished-at="2022-07-01T14:53:44 IST" duration-ms="1067" status="PASS">
          <reporter-output>
          </reporter-output>
        </test-method> <!-- beforeMethod -->
        <test-method signature="C374_verifycheckmsgdisplay(java.lang.String)[pri:2, instance:icivics_testcases.Icivics12_StudentRegistration3Email_Test@5c80cf32]" started-at="2022-07-01T14:53:44 IST" name="C374_verifycheckmsgdisplay" data-provider="fetchData" finished-at="2022-07-01T14:53:58 IST" duration-ms="14839" status="PASS">
          <params>
            <param index="0">
              <value>
                <![CDATA[https://staging.d9.icivics.org/user/register?role=student&email=1]]>
              </value>
            </param>
          </params>
          <reporter-output>
          </reporter-output>
        </test-method> <!-- C374_verifycheckmsgdisplay -->
        <test-method is-config="true" signature="afterMethod()[pri:0, instance:icivics_testcases.Icivics12_StudentRegistration3Email_Test@5c80cf32]" started-at="2022-07-01T14:53:58 IST" name="afterMethod" finished-at="2022-07-01T14:53:59 IST" duration-ms="214" status="PASS">
          <reporter-output>
          </reporter-output>
        </test-method> <!-- afterMethod -->
        <test-method is-config="true" signature="beforeMethod()[pri:0, instance:icivics_testcases.Icivics12_StudentRegistration3Email_Test@5c80cf32]" started-at="2022-07-01T14:53:59 IST" name="beforeMethod" finished-at="2022-07-01T14:54:00 IST" duration-ms="1148" status="PASS">
          <reporter-output>
          </reporter-output>
        </test-method> <!-- beforeMethod -->
        <test-method signature="C375_verifyregisteredemaildisplay(java.lang.String)[pri:2, instance:icivics_testcases.Icivics12_StudentRegistration3Email_Test@5c80cf32]" started-at="2022-07-01T14:54:00 IST" name="C375_verifyregisteredemaildisplay" data-provider="fetchData" finished-at="2022-07-01T14:54:15 IST" duration-ms="14867" status="PASS">
          <params>
            <param index="0">
              <value>
                <![CDATA[https://staging.d9.icivics.org/user/register?role=student&email=1]]>
              </value>
            </param>
          </params>
          <reporter-output>
          </reporter-output>
        </test-method> <!-- C375_verifyregisteredemaildisplay -->
        <test-method is-config="true" signature="afterMethod()[pri:0, instance:icivics_testcases.Icivics12_StudentRegistration3Email_Test@5c80cf32]" started-at="2022-07-01T14:54:15 IST" name="afterMethod" finished-at="2022-07-01T14:54:15 IST" duration-ms="219" status="PASS">
          <reporter-output>
          </reporter-output>
        </test-method> <!-- afterMethod -->
        <test-method is-config="true" signature="beforeMethod()[pri:0, instance:icivics_testcases.Icivics12_StudentRegistration3Email_Test@5c80cf32]" started-at="2022-07-01T14:54:15 IST" name="beforeMethod" finished-at="2022-07-01T14:54:16 IST" duration-ms="1046" status="PASS">
          <reporter-output>
          </reporter-output>
        </test-method> <!-- beforeMethod -->
        <test-method signature="C376_verifyresendbutton(java.lang.String)[pri:2, instance:icivics_testcases.Icivics12_StudentRegistration3Email_Test@5c80cf32]" started-at="2022-07-01T14:54:16 IST" name="C376_verifyresendbutton" data-provider="fetchData" finished-at="2022-07-01T14:54:37 IST" duration-ms="20959" status="PASS">
          <params>
            <param index="0">
              <value>
                <![CDATA[https://staging.d9.icivics.org/user/register?role=student&email=1]]>
              </value>
            </param>
          </params>
          <reporter-output>
          </reporter-output>
        </test-method> <!-- C376_verifyresendbutton -->
        <test-method is-config="true" signature="afterMethod()[pri:0, instance:icivics_testcases.Icivics12_StudentRegistration3Email_Test@5c80cf32]" started-at="2022-07-01T14:54:37 IST" name="afterMethod" finished-at="2022-07-01T14:54:37 IST" duration-ms="309" status="PASS">
          <reporter-output>
          </reporter-output>
        </test-method> <!-- afterMethod -->
        <test-method is-config="true" signature="beforeMethod()[pri:0, instance:icivics_testcases.Icivics12_StudentRegistration3Email_Test@5c80cf32]" started-at="2022-07-01T14:54:37 IST" name="beforeMethod" finished-at="2022-07-01T14:54:38 IST" duration-ms="1170" status="PASS">
          <reporter-output>
          </reporter-output>
        </test-method> <!-- beforeMethod -->
        <test-method signature="C377_verifyconfirmationemail(java.lang.String)[pri:2, instance:icivics_testcases.Icivics12_StudentRegistration3Email_Test@5c80cf32]" started-at="2022-07-01T14:54:38 IST" name="C377_verifyconfirmationemail" data-provider="fetchData" finished-at="2022-07-01T14:54:59 IST" duration-ms="20144" status="PASS">
          <params>
            <param index="0">
              <value>
                <![CDATA[https://staging.d9.icivics.org/user/register?role=student&email=1]]>
              </value>
            </param>
          </params>
          <reporter-output>
          </reporter-output>
        </test-method> <!-- C377_verifyconfirmationemail -->
        <test-method is-config="true" signature="afterMethod()[pri:0, instance:icivics_testcases.Icivics12_StudentRegistration3Email_Test@5c80cf32]" started-at="2022-07-01T14:54:59 IST" name="afterMethod" finished-at="2022-07-01T14:54:59 IST" duration-ms="284" status="PASS">
          <reporter-output>
          </reporter-output>
        </test-method> <!-- afterMethod -->
        <test-method is-config="true" signature="tearDownClass()[pri:0, instance:icivics_testcases.Icivics12_StudentRegistration3Email_Test@5c80cf32]" started-at="2022-07-01T14:54:59 IST" name="tearDownClass" finished-at="2022-07-01T14:54:59 IST" duration-ms="1" status="PASS">
          <reporter-output>
          </reporter-output>
        </test-method> <!-- tearDownClass -->
      </class> <!-- icivics_testcases.Icivics12_StudentRegistration3Email_Test -->
      <class name="icivics_testcases.Icivics3_EducatorRegistration2_Test">
        <test-method is-config="true" signature="setValues()[pri:0, instance:icivics_testcases.Icivics3_EducatorRegistration2_Test@65987993]" started-at="2022-07-01T14:19:07 IST" name="setValues" finished-at="2022-07-01T14:19:07 IST" duration-ms="0" status="PASS">
          <reporter-output>
          </reporter-output>
        </test-method> <!-- setValues -->
        <test-method is-config="true" signature="setUpClass()[pri:0, instance:icivics_testcases.Icivics3_EducatorRegistration2_Test@65987993]" started-at="2022-07-01T14:34:36 IST" name="setUpClass" finished-at="2022-07-01T14:34:36 IST" duration-ms="2" status="PASS">
          <reporter-output>
          </reporter-output>
        </test-method> <!-- setUpClass -->
        <test-method is-config="true" signature="report()[pri:0, instance:icivics_testcases.Icivics3_EducatorRegistration2_Test@65987993]" started-at="2022-07-01T14:34:36 IST" name="report" finished-at="2022-07-01T14:34:36 IST" duration-ms="1" status="PASS">
          <reporter-output>
          </reporter-output>
        </test-method> <!-- report -->
        <test-method is-config="true" signature="beforeMethod()[pri:0, instance:icivics_testcases.Icivics3_EducatorRegistration2_Test@65987993]" started-at="2022-07-01T14:34:37 IST" name="beforeMethod" finished-at="2022-07-01T14:34:38 IST" duration-ms="1010" status="PASS">
          <reporter-output>
          </reporter-output>
        </test-method> <!-- beforeMethod -->
        <test-method signature="C338_verifybreadcrumbspage1(java.lang.String)[pri:0, instance:icivics_testcases.Icivics3_EducatorRegistration2_Test@65987993]" started-at="2022-07-01T14:34:38 IST" name="C338_verifybreadcrumbspage1" data-provider="fetchData" finished-at="2022-07-01T14:34:45 IST" duration-ms="7924" status="PASS">
          <params>
            <param index="0">
              <value>
                <![CDATA[https://staging.d9.icivics.org/user/register?role=teacher]]>
              </value>
            </param>
          </params>
          <reporter-output>
          </reporter-output>
        </test-method> <!-- C338_verifybreadcrumbspage1 -->
        <test-method is-config="true" signature="afterMethod()[pri:0, instance:icivics_testcases.Icivics3_EducatorRegistration2_Test@65987993]" started-at="2022-07-01T14:34:45 IST" name="afterMethod" finished-at="2022-07-01T14:34:46 IST" duration-ms="210" status="PASS">
          <reporter-output>
          </reporter-output>
        </test-method> <!-- afterMethod -->
        <test-method is-config="true" signature="beforeMethod()[pri:0, instance:icivics_testcases.Icivics3_EducatorRegistration2_Test@65987993]" started-at="2022-07-01T14:34:46 IST" name="beforeMethod" finished-at="2022-07-01T14:34:47 IST" duration-ms="1107" status="PASS">
          <reporter-output>
          </reporter-output>
        </test-method> <!-- beforeMethod -->
        <test-method signature="C339_verifypreviouspage(java.lang.String)[pri:1, instance:icivics_testcases.Icivics3_EducatorRegistration2_Test@65987993]" started-at="2022-07-01T14:34:47 IST" name="C339_verifypreviouspage" data-provider="fetchData" finished-at="2022-07-01T14:34:57 IST" duration-ms="10466" status="PASS">
          <params>
            <param index="0">
              <value>
                <![CDATA[https://staging.d9.icivics.org/user/register?role=teacher]]>
              </value>
            </param>
          </params>
          <reporter-output>
          </reporter-output>
        </test-method> <!-- C339_verifypreviouspage -->
        <test-method is-config="true" signature="afterMethod()[pri:0, instance:icivics_testcases.Icivics3_EducatorRegistration2_Test@65987993]" started-at="2022-07-01T14:34:57 IST" name="afterMethod" finished-at="2022-07-01T14:34:58 IST" duration-ms="512" status="PASS">
          <reporter-output>
          </reporter-output>
        </test-method> <!-- afterMethod -->
        <test-method is-config="true" signature="beforeMethod()[pri:0, instance:icivics_testcases.Icivics3_EducatorRegistration2_Test@65987993]" started-at="2022-07-01T14:34:58 IST" name="beforeMethod" finished-at="2022-07-01T14:34:59 IST" duration-ms="990" status="PASS">
          <reporter-output>
          </reporter-output>
        </test-method> <!-- beforeMethod -->
        <test-method signature="C340_verifyalldataremembered(java.lang.String)[pri:2, instance:icivics_testcases.Icivics3_EducatorRegistration2_Test@65987993]" started-at="2022-07-01T14:34:59 IST" name="C340_verifyalldataremembered" data-provider="fetchData" finished-at="2022-07-01T14:35:13 IST" duration-ms="14216" status="PASS">
          <params>
            <param index="0">
              <value>
                <![CDATA[https://staging.d9.icivics.org/user/register?role=teacher]]>
              </value>
            </param>
          </params>
          <reporter-output>
          </reporter-output>
        </test-method> <!-- C340_verifyalldataremembered -->
        <test-method is-config="true" signature="afterMethod()[pri:0, instance:icivics_testcases.Icivics3_EducatorRegistration2_Test@65987993]" started-at="2022-07-01T14:35:13 IST" name="afterMethod" finished-at="2022-07-01T14:35:13 IST" duration-ms="192" status="PASS">
          <reporter-output>
          </reporter-output>
        </test-method> <!-- afterMethod -->
        <test-method is-config="true" signature="beforeMethod()[pri:0, instance:icivics_testcases.Icivics3_EducatorRegistration2_Test@65987993]" started-at="2022-07-01T14:35:13 IST" name="beforeMethod" finished-at="2022-07-01T14:35:14 IST" duration-ms="1008" status="PASS">
          <reporter-output>
          </reporter-output>
        </test-method> <!-- beforeMethod -->
        <test-method signature="C341_verifyRoleandGradeLevel(java.lang.String)[pri:3, instance:icivics_testcases.Icivics3_EducatorRegistration2_Test@65987993]" started-at="2022-07-01T14:35:14 IST" name="C341_verifyRoleandGradeLevel" data-provider="fetchData" finished-at="2022-07-01T14:35:33 IST" duration-ms="18251" status="PASS">
          <params>
            <param index="0">
              <value>
                <![CDATA[https://staging.d9.icivics.org/user/register?role=teacher]]>
              </value>
            </param>
          </params>
          <reporter-output>
          </reporter-output>
        </test-method> <!-- C341_verifyRoleandGradeLevel -->
        <test-method is-config="true" signature="afterMethod()[pri:0, instance:icivics_testcases.Icivics3_EducatorRegistration2_Test@65987993]" started-at="2022-07-01T14:35:33 IST" name="afterMethod" finished-at="2022-07-01T14:35:33 IST" duration-ms="209" status="PASS">
          <reporter-output>
          </reporter-output>
        </test-method> <!-- afterMethod -->
        <test-method is-config="true" signature="beforeMethod()[pri:0, instance:icivics_testcases.Icivics3_EducatorRegistration2_Test@65987993]" started-at="2022-07-01T14:35:33 IST" name="beforeMethod" finished-at="2022-07-01T14:35:34 IST" duration-ms="1027" status="PASS">
          <reporter-output>
          </reporter-output>
        </test-method> <!-- beforeMethod -->
        <test-method signature="C342_verifymakeselection(java.lang.String)[pri:4, instance:icivics_testcases.Icivics3_EducatorRegistration2_Test@65987993]" started-at="2022-07-01T14:35:34 IST" name="C342_verifymakeselection" data-provider="fetchData" finished-at="2022-07-01T14:35:52 IST" duration-ms="18355" status="PASS">
          <params>
            <param index="0">
              <value>
                <![CDATA[https://staging.d9.icivics.org/user/register?role=teacher]]>
              </value>
            </param>
          </params>
          <reporter-output>
          </reporter-output>
        </test-method> <!-- C342_verifymakeselection -->
        <test-method is-config="true" signature="afterMethod()[pri:0, instance:icivics_testcases.Icivics3_EducatorRegistration2_Test@65987993]" started-at="2022-07-01T14:35:52 IST" name="afterMethod" finished-at="2022-07-01T14:35:52 IST" duration-ms="242" status="PASS">
          <reporter-output>
          </reporter-output>
        </test-method> <!-- afterMethod -->
        <test-method is-config="true" signature="beforeMethod()[pri:0, instance:icivics_testcases.Icivics3_EducatorRegistration2_Test@65987993]" started-at="2022-07-01T14:35:52 IST" name="beforeMethod" finished-at="2022-07-01T14:35:53 IST" duration-ms="969" status="PASS">
          <reporter-output>
          </reporter-output>
        </test-method> <!-- beforeMethod -->
        <test-method signature="C343_verifyotheradditionalfield(java.lang.String)[pri:5, instance:icivics_testcases.Icivics3_EducatorRegistration2_Test@65987993]" started-at="2022-07-01T14:35:53 IST" name="C343_verifyotheradditionalfield" data-provider="fetchData" finished-at="2022-07-01T14:36:05 IST" duration-ms="11213" status="PASS">
          <params>
            <param index="0">
              <value>
                <![CDATA[https://staging.d9.icivics.org/user/register?role=teacher]]>
              </value>
            </param>
          </params>
          <reporter-output>
          </reporter-output>
        </test-method> <!-- C343_verifyotheradditionalfield -->
        <test-method is-config="true" signature="afterMethod()[pri:0, instance:icivics_testcases.Icivics3_EducatorRegistration2_Test@65987993]" started-at="2022-07-01T14:36:05 IST" name="afterMethod" finished-at="2022-07-01T14:36:05 IST" duration-ms="309" status="PASS">
          <reporter-output>
          </reporter-output>
        </test-method> <!-- afterMethod -->
        <test-method is-config="true" signature="beforeMethod()[pri:0, instance:icivics_testcases.Icivics3_EducatorRegistration2_Test@65987993]" started-at="2022-07-01T14:36:05 IST" name="beforeMethod" finished-at="2022-07-01T14:36:06 IST" duration-ms="1087" status="PASS">
          <reporter-output>
          </reporter-output>
        </test-method> <!-- beforeMethod -->
        <test-method signature="C344_verifyasterisk(java.lang.String)[pri:6, instance:icivics_testcases.Icivics3_EducatorRegistration2_Test@65987993]" started-at="2022-07-01T14:36:06 IST" name="C344_verifyasterisk" data-provider="fetchData" finished-at="2022-07-01T14:36:15 IST" duration-ms="8516" status="PASS">
          <params>
            <param index="0">
              <value>
                <![CDATA[https://staging.d9.icivics.org/user/register?role=teacher]]>
              </value>
            </param>
          </params>
          <reporter-output>
          </reporter-output>
        </test-method> <!-- C344_verifyasterisk -->
        <test-method is-config="true" signature="afterMethod()[pri:0, instance:icivics_testcases.Icivics3_EducatorRegistration2_Test@65987993]" started-at="2022-07-01T14:36:15 IST" name="afterMethod" finished-at="2022-07-01T14:36:15 IST" duration-ms="180" status="PASS">
          <reporter-output>
          </reporter-output>
        </test-method> <!-- afterMethod -->
        <test-method is-config="true" signature="beforeMethod()[pri:0, instance:icivics_testcases.Icivics3_EducatorRegistration2_Test@65987993]" started-at="2022-07-01T14:36:15 IST" name="beforeMethod" finished-at="2022-07-01T14:36:16 IST" duration-ms="1017" status="PASS">
          <reporter-output>
          </reporter-output>
        </test-method> <!-- beforeMethod -->
        <test-method signature="C345_verifyblankerrormsg(java.lang.String)[pri:7, instance:icivics_testcases.Icivics3_EducatorRegistration2_Test@65987993]" started-at="2022-07-01T14:36:16 IST" name="C345_verifyblankerrormsg" data-provider="fetchData" finished-at="2022-07-01T14:37:03 IST" duration-ms="47029" status="PASS">
          <params>
            <param index="0">
              <value>
                <![CDATA[https://staging.d9.icivics.org/user/register?role=teacher]]>
              </value>
            </param>
          </params>
          <reporter-output>
          </reporter-output>
        </test-method> <!-- C345_verifyblankerrormsg -->
        <test-method is-config="true" signature="afterMethod()[pri:0, instance:icivics_testcases.Icivics3_EducatorRegistration2_Test@65987993]" started-at="2022-07-01T14:37:03 IST" name="afterMethod" finished-at="2022-07-01T14:37:03 IST" duration-ms="248" status="PASS">
          <reporter-output>
          </reporter-output>
        </test-method> <!-- afterMethod -->
        <test-method is-config="true" signature="beforeMethod()[pri:0, instance:icivics_testcases.Icivics3_EducatorRegistration2_Test@65987993]" started-at="2022-07-01T14:37:03 IST" name="beforeMethod" finished-at="2022-07-01T14:37:04 IST" duration-ms="1092" status="PASS">
          <reporter-output>
          </reporter-output>
        </test-method> <!-- beforeMethod -->
        <test-method signature="C346_verifyerrormsgboxcolor(java.lang.String)[pri:8, instance:icivics_testcases.Icivics3_EducatorRegistration2_Test@65987993]" started-at="2022-07-01T14:37:04 IST" name="C346_verifyerrormsgboxcolor" data-provider="fetchData" finished-at="2022-07-01T14:37:15 IST" duration-ms="11220" status="PASS">
          <params>
            <param index="0">
              <value>
                <![CDATA[https://staging.d9.icivics.org/user/register?role=teacher]]>
              </value>
            </param>
          </params>
          <reporter-output>
          </reporter-output>
        </test-method> <!-- C346_verifyerrormsgboxcolor -->
        <test-method is-config="true" signature="afterMethod()[pri:0, instance:icivics_testcases.Icivics3_EducatorRegistration2_Test@65987993]" started-at="2022-07-01T14:37:15 IST" name="afterMethod" finished-at="2022-07-01T14:37:16 IST" duration-ms="832" status="PASS">
          <reporter-output>
          </reporter-output>
        </test-method> <!-- afterMethod -->
        <test-method is-config="true" signature="beforeMethod()[pri:0, instance:icivics_testcases.Icivics3_EducatorRegistration2_Test@65987993]" started-at="2022-07-01T14:37:16 IST" name="beforeMethod" finished-at="2022-07-01T14:37:17 IST" duration-ms="1113" status="PASS">
          <reporter-output>
          </reporter-output>
        </test-method> <!-- beforeMethod -->
        <test-method signature="C347_verifyvalidsubmission(java.lang.String)[pri:9, instance:icivics_testcases.Icivics3_EducatorRegistration2_Test@65987993]" started-at="2022-07-01T14:37:17 IST" name="C347_verifyvalidsubmission" data-provider="fetchData" finished-at="2022-07-01T14:37:38 IST" duration-ms="20794" status="PASS">
          <params>
            <param index="0">
              <value>
                <![CDATA[https://staging.d9.icivics.org/user/register?role=teacher]]>
              </value>
            </param>
          </params>
          <reporter-output>
          </reporter-output>
        </test-method> <!-- C347_verifyvalidsubmission -->
        <test-method is-config="true" signature="afterMethod()[pri:0, instance:icivics_testcases.Icivics3_EducatorRegistration2_Test@65987993]" started-at="2022-07-01T14:37:38 IST" name="afterMethod" finished-at="2022-07-01T14:37:39 IST" duration-ms="268" status="PASS">
          <reporter-output>
          </reporter-output>
        </test-method> <!-- afterMethod -->
        <test-method is-config="true" signature="tearDownClass()[pri:0, instance:icivics_testcases.Icivics3_EducatorRegistration2_Test@65987993]" started-at="2022-07-01T14:37:39 IST" name="tearDownClass" finished-at="2022-07-01T14:37:39 IST" duration-ms="0" status="PASS">
          <reporter-output>
          </reporter-output>
        </test-method> <!-- tearDownClass -->
[...]
          <reporter-output>
          </reporter-output>
        </test-method> <!-- afterMethod -->
        <test-method is-config="true" signature="beforeMethod()[pri:0, instance:icivics_testcases.Icivics5_EducatorRegistration4_Test@71075444]" started-at="2022-07-01T14:42:12 IST" name="beforeMethod" finished-at="2022-07-01T14:42:13 IST" duration-ms="1001" status="PASS">
          <reporter-output>
          </reporter-output>
        </test-method> <!-- beforeMethod -->
        <test-method signature="C368_verifyallfieldswithinvaliddata(java.lang.String)[pri:10, instance:icivics_testcases.Icivics5_EducatorRegistration4_Test@71075444]" started-at="2022-07-01T14:42:13 IST" name="C368_verifyallfieldswithinvaliddata" data-provider="fetchData" finished-at="2022-07-01T14:42:40 IST" duration-ms="27633" status="PASS">
          <params>
            <param index="0">
              <value>
                <![CDATA[https://staging.d9.icivics.org/user/register?role=teacher]]>
              </value>
            </param>
          </params>
          <reporter-output>
          </reporter-output>
        </test-method> <!-- C368_verifyallfieldswithinvaliddata -->
        <test-method is-config="true" signature="afterMethod()[pri:0, instance:icivics_testcases.Icivics5_EducatorRegistration4_Test@71075444]" started-at="2022-07-01T14:42:40 IST" name="afterMethod" finished-at="2022-07-01T14:42:40 IST" duration-ms="233" status="PASS">
          <reporter-output>
          </reporter-output>
        </test-method> <!-- afterMethod -->
        <test-method is-config="true" signature="beforeMethod()[pri:0, instance:icivics_testcases.Icivics5_EducatorRegistration4_Test@71075444]" started-at="2022-07-01T14:42:40 IST" name="beforeMethod" finished-at="2022-07-01T14:42:41 IST" duration-ms="994" status="PASS">
          <reporter-output>
          </reporter-output>
        </test-method> <!-- beforeMethod -->
        <test-method signature="C369_verifyallfieldswithblankdata(java.lang.String)[pri:11, instance:icivics_testcases.Icivics5_EducatorRegistration4_Test@71075444]" started-at="2022-07-01T14:42:41 IST" name="C369_verifyallfieldswithblankdata" data-provider="fetchData" finished-at="2022-07-01T14:43:07 IST" duration-ms="26018" status="PASS">
          <params>
            <param index="0">
              <value>
                <![CDATA[https://staging.d9.icivics.org/user/register?role=teacher]]>
              </value>
            </param>
          </params>
          <reporter-output>
          </reporter-output>
        </test-method> <!-- C369_verifyallfieldswithblankdata -->
        <test-method is-config="true" signature="afterMethod()[pri:0, instance:icivics_testcases.Icivics5_EducatorRegistration4_Test@71075444]" started-at="2022-07-01T14:43:07 IST" name="afterMethod" finished-at="2022-07-01T14:43:08 IST" duration-ms="245" status="PASS">
          <reporter-output>
          </reporter-output>
        </test-method> <!-- afterMethod -->
        <test-method is-config="true" signature="beforeMethod()[pri:0, instance:icivics_testcases.Icivics5_EducatorRegistration4_Test@71075444]" started-at="2022-07-01T14:43:08 IST" name="beforeMethod" finished-at="2022-07-01T14:43:09 IST" duration-ms="1019" status="PASS">
          <reporter-output>
          </reporter-output>
        </test-method> <!-- beforeMethod -->
        <test-method signature="C370_verifyallfieldswithblankandinvaliddata(java.lang.String)[pri:12, instance:icivics_testcases.Icivics5_EducatorRegistration4_Test@71075444]" started-at="2022-07-01T14:43:09 IST" name="C370_verifyallfieldswithblankandinvaliddata" data-provider="fetchData" finished-at="2022-07-01T14:43:34 IST" duration-ms="25262" status="PASS">
          <params>
            <param index="0">
              <value>
                <![CDATA[https://staging.d9.icivics.org/user/register?role=teacher]]>
              </value>
            </param>
          </params>
          <reporter-output>
          </reporter-output>
        </test-method> <!-- C370_verifyallfieldswithblankandinvaliddata -->
        <test-method is-config="true" signature="afterMethod()[pri:0, instance:icivics_testcases.Icivics5_EducatorRegistration4_Test@71075444]" started-at="2022-07-01T14:43:34 IST" name="afterMethod" finished-at="2022-07-01T14:43:34 IST" duration-ms="230" status="PASS">
          <reporter-output>
          </reporter-output>
        </test-method> <!-- afterMethod -->
        <test-method is-config="true" signature="beforeMethod()[pri:0, instance:icivics_testcases.Icivics5_EducatorRegistration4_Test@71075444]" started-at="2022-07-01T14:43:34 IST" name="beforeMethod" finished-at="2022-07-01T14:43:35 IST" duration-ms="1023" status="PASS">
          <reporter-output>
          </reporter-output>
        </test-method> <!-- beforeMethod -->
        <test-method signature="C371_verifyvalidsubmission(java.lang.String)[pri:13, instance:icivics_testcases.Icivics5_EducatorRegistration4_Test@71075444]" started-at="2022-07-01T14:43:35 IST" name="C371_verifyvalidsubmission" data-provider="fetchData" finished-at="2022-07-01T14:44:06 IST" duration-ms="30222" status="PASS">
          <params>
            <param index="0">
              <value>
                <![CDATA[https://staging.d9.icivics.org/user/register?role=teacher]]>
              </value>
            </param>
          </params>
          <reporter-output>
          </reporter-output>
        </test-method> <!-- C371_verifyvalidsubmission -->
        <test-method is-config="true" signature="afterMethod()[pri:0, instance:icivics_testcases.Icivics5_EducatorRegistration4_Test@71075444]" started-at="2022-07-01T14:44:06 IST" name="afterMethod" finished-at="2022-07-01T14:44:06 IST" duration-ms="284" status="PASS">
          <reporter-output>
          </reporter-output>
        </test-method> <!-- afterMethod -->
        <test-method is-config="true" signature="tearDownClass()[pri:0, instance:icivics_testcases.Icivics5_EducatorRegistration4_Test@71075444]" started-at="2022-07-01T14:44:06 IST" name="tearDownClass" finished-at="2022-07-01T14:44:06 IST" duration-ms="1" status="PASS">
          <reporter-output>
          </reporter-output>
        </test-method> <!-- tearDownClass -->
      </class> <!-- icivics_testcases.Icivics5_EducatorRegistration4_Test -->
      <class name="icivics_testcases.Icivics17_HP_3Headerteach2_Test">
        <test-method is-config="true" signature="setValues()[pri:0, instance:icivics_testcases.Icivics17_HP_3Headerteach2_Test@6f53b8a]" started-at="2022-07-01T14:19:07 IST" name="setValues" finished-at="2022-07-01T14:19:07 IST" duration-ms="0" status="PASS">
          <reporter-output>
          </reporter-output>
        </test-method> <!-- setValues -->
        <test-method is-config="true" signature="setUpClass()[pri:0, instance:icivics_testcases.Icivics17_HP_3Headerteach2_Test@6f53b8a]" started-at="2022-07-01T14:52:04 IST" name="setUpClass" finished-at="2022-07-01T14:52:04 IST" duration-ms="3" status="PASS">
          <reporter-output>
          </reporter-output>
        </test-method> <!-- setUpClass -->
        <test-method is-config="true" signature="report()[pri:0, instance:icivics_testcases.Icivics17_HP_3Headerteach2_Test@6f53b8a]" started-at="2022-07-01T14:52:04 IST" name="report" finished-at="2022-07-01T14:52:04 IST" duration-ms="0" status="PASS">
          <reporter-output>
          </reporter-output>
        </test-method> <!-- report -->
        <test-method is-config="true" signature="beforeMethod()[pri:0, instance:icivics_testcases.Icivics17_HP_3Headerteach2_Test@6f53b8a]" started-at="2022-07-01T14:52:04 IST" name="beforeMethod" finished-at="2022-07-01T14:52:05 IST" duration-ms="886" status="PASS">
          <reporter-output>
          </reporter-output>
        </test-method> <!-- beforeMethod -->
        <test-method signature="C19_Verifyteachsubmenu(java.lang.String)[pri:0, instance:icivics_testcases.Icivics17_HP_3Headerteach2_Test@6f53b8a]" started-at="2022-07-01T14:52:05 IST" name="C19_Verifyteachsubmenu" data-provider="fetchData" finished-at="2022-07-01T14:53:10 IST" duration-ms="64702" status="PASS">
          <params>
            <param index="0">
              <value>
                <![CDATA[https://staging.d9.icivics.org/teachers]]>
              </value>
            </param>
          </params>
          <reporter-output>
          </reporter-output>
        </test-method> <!-- C19_Verifyteachsubmenu -->
        <test-method is-config="true" signature="afterMethod()[pri:0, instance:icivics_testcases.Icivics17_HP_3Headerteach2_Test@6f53b8a]" started-at="2022-07-01T14:53:10 IST" name="afterMethod" finished-at="2022-07-01T14:53:10 IST" duration-ms="287" status="PASS">
          <reporter-output>
          </reporter-output>
        </test-method> <!-- afterMethod -->
        <test-method is-config="true" signature="tearDownClass()[pri:0, instance:icivics_testcases.Icivics17_HP_3Headerteach2_Test@6f53b8a]" started-at="2022-07-01T14:53:10 IST" name="tearDownClass" finished-at="2022-07-01T14:53:10 IST" duration-ms="1" status="PASS">
          <reporter-output>
          </reporter-output>
        </test-method> <!-- tearDownClass -->
      </class> <!-- icivics_testcases.Icivics17_HP_3Headerteach2_Test -->
      <class name="icivics_testcases.Icivics11_StudentRegistration3classcode_Test">
        <test-method is-config="true" signature="setValues()[pri:0, instance:icivics_testcases.Icivics11_StudentRegistration3classcode_Test@4d1bf319]" started-at="2022-07-01T14:19:07 IST" name="setValues" finished-at="2022-07-01T14:19:07 IST" duration-ms="0" status="PASS">
          <reporter-output>
          </reporter-output>
        </test-method> <!-- setValues -->
        <test-method is-config="true" signature="setUpClass()[pri:0, instance:icivics_testcases.Icivics11_StudentRegistration3classcode_Test@4d1bf319]" started-at="2022-07-01T14:50:12 IST" name="setUpClass" finished-at="2022-07-01T14:50:12 IST" duration-ms="1" status="PASS">
          <reporter-output>
          </reporter-output>
        </test-method> <!-- setUpClass -->
        <test-method is-config="true" signature="report()[pri:0, instance:icivics_testcases.Icivics11_StudentRegistration3classcode_Test@4d1bf319]" started-at="2022-07-01T14:50:12 IST" name="report" finished-at="2022-07-01T14:50:12 IST" duration-ms="0" status="PASS">
          <reporter-output>
          </reporter-output>
        </test-method> <!-- report -->
        <test-method is-config="true" signature="beforeMethod()[pri:0, instance:icivics_testcases.Icivics11_StudentRegistration3classcode_Test@4d1bf319]" started-at="2022-07-01T14:50:12 IST" name="beforeMethod" finished-at="2022-07-01T14:50:14 IST" duration-ms="1058" status="PASS">
          <reporter-output>
          </reporter-output>
        </test-method> <!-- beforeMethod -->
        <test-method signature="C454_verifypagecount3(java.lang.String)[pri:0, instance:icivics_testcases.Icivics11_StudentRegistration3classcode_Test@4d1bf319]" started-at="2022-07-01T14:50:14 IST" name="C454_verifypagecount3" data-provider="fetchData" finished-at="2022-07-01T14:50:29 IST" duration-ms="15606" status="PASS">
          <params>
            <param index="0">
              <value>
                <![CDATA[https://staging.d9.icivics.org/user/register?role=student]]>
              </value>
            </param>
          </params>
          <reporter-output>
          </reporter-output>
        </test-method> <!-- C454_verifypagecount3 -->
        <test-method is-config="true" signature="afterMethod()[pri:0, instance:icivics_testcases.Icivics11_StudentRegistration3classcode_Test@4d1bf319]" started-at="2022-07-01T14:50:29 IST" name="afterMethod" finished-at="2022-07-01T14:50:29 IST" duration-ms="200" status="PASS">
          <reporter-output>
          </reporter-output>
        </test-method> <!-- afterMethod -->
        <test-method is-config="true" signature="beforeMethod()[pri:0, instance:icivics_testcases.Icivics11_StudentRegistration3classcode_Test@4d1bf319]" started-at="2022-07-01T14:50:29 IST" name="beforeMethod" finished-at="2022-07-01T14:50:30 IST" duration-ms="964" status="PASS">
          <reporter-output>
          </reporter-output>
        </test-method> <!-- beforeMethod -->
        <test-method signature="C455_verifyusernamegenerateddisplay(java.lang.String)[pri:1, instance:icivics_testcases.Icivics11_StudentRegistration3classcode_Test@4d1bf319]" started-at="2022-07-01T14:50:30 IST" name="C455_verifyusernamegenerateddisplay" data-provider="fetchData" finished-at="2022-07-01T14:50:49 IST" duration-ms="18438" status="PASS">
          <params>
            <param index="0">
              <value>
                <![CDATA[https://staging.d9.icivics.org/user/register?role=student]]>
              </value>
            </param>
          </params>
          <reporter-output>
          </reporter-output>
        </test-method> <!-- C455_verifyusernamegenerateddisplay -->
        <test-method is-config="true" signature="afterMethod()[pri:0, instance:icivics_testcases.Icivics11_StudentRegistration3classcode_Test@4d1bf319]" started-at="2022-07-01T14:50:49 IST" name="afterMethod" finished-at="2022-07-01T14:50:49 IST" duration-ms="206" status="PASS">
          <reporter-output>
          </reporter-output>
        </test-method> <!-- afterMethod -->
        <test-method is-config="true" signature="beforeMethod()[pri:0, instance:icivics_testcases.Icivics11_StudentRegistration3classcode_Test@4d1bf319]" started-at="2022-07-01T14:50:49 IST" name="beforeMethod" finished-at="2022-07-01T14:50:50 IST" duration-ms="1019" status="PASS">
          <reporter-output>
          </reporter-output>
        </test-method> <!-- beforeMethod -->
        <test-method signature="C456_verifyusernametextddisplay(java.lang.String)[pri:2, instance:icivics_testcases.Icivics11_StudentRegistration3classcode_Test@4d1bf319]" started-at="2022-07-01T14:50:50 IST" name="C456_verifyusernametextddisplay" data-provider="fetchData" finished-at="2022-07-01T14:51:05 IST" duration-ms="15346" status="PASS">
          <params>
            <param index="0">
              <value>
                <![CDATA[https://staging.d9.icivics.org/user/register?role=student]]>
              </value>
            </param>
          </params>
          <reporter-output>
          </reporter-output>
        </test-method> <!-- C456_verifyusernametextddisplay -->
        <test-method is-config="true" signature="afterMethod()[pri:0, instance:icivics_testcases.Icivics11_StudentRegistration3classcode_Test@4d1bf319]" started-at="2022-07-01T14:51:05 IST" name="afterMethod" finished-at="2022-07-01T14:51:06 IST" duration-ms="209" status="PASS">
          <reporter-output>
          </reporter-output>
        </test-method> <!-- afterMethod -->
        <test-method is-config="true" signature="beforeMethod()[pri:0, instance:icivics_testcases.Icivics11_StudentRegistration3classcode_Test@4d1bf319]" started-at="2022-07-01T14:51:06 IST" name="beforeMethod" finished-at="2022-07-01T14:51:07 IST" duration-ms="913" status="PASS">
          <reporter-output>
          </reporter-output>
        </test-method> <!-- beforeMethod -->
        <test-method signature="C457_verifyemailddisplay(java.lang.String)[pri:3, instance:icivics_testcases.Icivics11_StudentRegistration3classcode_Test@4d1bf319]" started-at="2022-07-01T14:51:07 IST" name="C457_verifyemailddisplay" data-provider="fetchData" finished-at="2022-07-01T14:51:25 IST" duration-ms="18424" status="PASS">
          <params>
            <param index="0">
              <value>
                <![CDATA[https://staging.d9.icivics.org/user/register?role=student]]>
              </value>
            </param>
          </params>
          <reporter-output>
          </reporter-output>
        </test-method> <!-- C457_verifyemailddisplay -->
        <test-method is-config="true" signature="afterMethod()[pri:0, instance:icivics_testcases.Icivics11_StudentRegistration3classcode_Test@4d1bf319]" started-at="2022-07-01T14:51:25 IST" name="afterMethod" finished-at="2022-07-01T14:51:25 IST" duration-ms="210" status="PASS">
          <reporter-output>
          </reporter-output>
        </test-method> <!-- afterMethod -->
        <test-method is-config="true" signature="beforeMethod()[pri:0, instance:icivics_testcases.Icivics11_StudentRegistration3classcode_Test@4d1bf319]" started-at="2022-07-01T14:51:25 IST" name="beforeMethod" finished-at="2022-07-01T14:51:26 IST" duration-ms="941" status="PASS">
          <reporter-output>
          </reporter-output>
        </test-method> <!-- beforeMethod -->
        <test-method signature="C458_verifyemailtextddisplay(java.lang.String)[pri:4, instance:icivics_testcases.Icivics11_StudentRegistration3classcode_Test@4d1bf319]" started-at="2022-07-01T14:51:26 IST" name="C458_verifyemailtextddisplay" data-provider="fetchData" finished-at="2022-07-01T14:51:42 IST" duration-ms="16145" status="PASS">
          <params>
            <param index="0">
              <value>
                <![CDATA[https://staging.d9.icivics.org/user/register?role=student]]>
              </value>
            </param>
          </params>
          <reporter-output>
          </reporter-output>
        </test-method> <!-- C458_verifyemailtextddisplay -->
        <test-method is-config="true" signature="afterMethod()[pri:0, instance:icivics_testcases.Icivics11_StudentRegistration3classcode_Test@4d1bf319]" started-at="2022-07-01T14:51:42 IST" name="afterMethod" finished-at="2022-07-01T14:51:43 IST" duration-ms="196" status="PASS">
          <reporter-output>
          </reporter-output>
        </test-method> <!-- afterMethod -->
        <test-method is-config="true" signature="beforeMethod()[pri:0, instance:icivics_testcases.Icivics11_StudentRegistration3classcode_Test@4d1bf319]" started-at="2022-07-01T14:51:43 IST" name="beforeMethod" finished-at="2022-07-01T14:51:44 IST" duration-ms="1001" status="PASS">
          <reporter-output>
          </reporter-output>
        </test-method> <!-- beforeMethod -->
        <test-method signature="C459_clickcontinuetomyassignmentbutton(java.lang.String)[pri:5, instance:icivics_testcases.Icivics11_StudentRegistration3classcode_Test@4d1bf319]" started-at="2022-07-01T14:51:44 IST" name="C459_clickcontinuetomyassignmentbutton" data-provider="fetchData" finished-at="2022-07-01T14:52:04 IST" duration-ms="20384" status="PASS">
          <params>
            <param index="0">
              <value>
                <![CDATA[https://staging.d9.icivics.org/user/register?role=student]]>
              </value>
            </param>
          </params>
          <reporter-output>
          </reporter-output>
        </test-method> <!-- C459_clickcontinuetomyassignmentbutton -->
        <test-method is-config="true" signature="afterMethod()[pri:0, instance:icivics_testcases.Icivics11_StudentRegistration3classcode_Test@4d1bf319]" started-at="2022-07-01T14:52:04 IST" name="afterMethod" finished-at="2022-07-01T14:52:04 IST" duration-ms="218" status="PASS">
          <reporter-output>
          </reporter-output>
        </test-method> <!-- afterMethod -->
        <test-method is-config="true" signature="tearDownClass()[pri:0, instance:icivics_testcases.Icivics11_StudentRegistration3classcode_Test@4d1bf319]" started-at="2022-07-01T14:52:04 IST" name="tearDownClass" finished-at="2022-07-01T14:52:04 IST" duration-ms="2" status="PASS">
          <reporter-output>
          </reporter-output>
        </test-method> <!-- tearDownClass -->
      </class> <!-- icivics_testcases.Icivics11_StudentRegistration3classcode_Test -->
    </test> <!-- Test -->
  </suite> <!-- Suite -->
</testng-results>
