<?xml version="1.0" encoding="UTF-8"?>
<testng-results ignored="38" total="200" passed="162" failed="0" skipped="0">
  <reporter-output>
  </reporter-output>
  <suite started-at="2022-07-02T21:02:32 IST" name="Suite" finished-at="2022-07-02T22:38:30 IST" duration-ms="5757976">
    <groups>
      <group name="cucumber">
        <method signature="AbstractTestNGCucumberTests.runScenario(cucumber.api.testng.PickleEventWrapper,cucumber.api.testng.CucumberFeatureWrapper)[pri:0, instance:icivics_testcases.Icivics10_StudentRegistration2Email_Test@6b695b06]" name="runScenario" class="cucumber.api.testng.AbstractTestNGCucumberTests"/>
        <method signature="AbstractTestNGCucumberTests.runScenario(cucumber.api.testng.PickleEventWrapper,cucumber.api.testng.CucumberFeatureWrapper)[pri:0, instance:icivics_testcases.Icivics11_StudentRegistration3classcode_Test@4d1bf319]" name="runScenario" class="cucumber.api.testng.AbstractTestNGCucumberTests"/>
        <method signature="AbstractTestNGCucumberTests.runScenario(cucumber.api.testng.PickleEventWrapper,cucumber.api.testng.CucumberFeatureWrapper)[pri:0, instance:icivics_testcases.Icivics12_StudentRegistration3Email_Test@6f53b8a]" name="runScenario" class="cucumber.api.testng.AbstractTestNGCucumberTests"/>
        <method signature="AbstractTestNGCucumberTests.runScenario(cucumber.api.testng.PickleEventWrapper,cucumber.api.testng.CucumberFeatureWrapper)[pri:0, instance:icivics_testcases.Icivics13_HP_1Header_Test@5c80cf32]" name="runScenario" class="cucumber.api.testng.AbstractTestNGCucumberTests"/>
        <method signature="AbstractTestNGCucumberTests.runScenario(cucumber.api.testng.PickleEventWrapper,cucumber.api.testng.CucumberFeatureWrapper)[pri:0, instance:icivics_testcases.Icivics14_HP_1TeacherHeader_Test@7d900ecf]" name="runScenario" class="cucumber.api.testng.AbstractTestNGCucumberTests"/>
        <method signature="AbstractTestNGCucumberTests.runScenario(cucumber.api.testng.PickleEventWrapper,cucumber.api.testng.CucumberFeatureWrapper)[pri:0, instance:icivics_testcases.Icivics15_HP_2Headerplay_Test@6f01b95f]" name="runScenario" class="cucumber.api.testng.AbstractTestNGCucumberTests"/>
        <method signature="AbstractTestNGCucumberTests.runScenario(cucumber.api.testng.PickleEventWrapper,cucumber.api.testng.CucumberFeatureWrapper)[pri:0, instance:icivics_testcases.Icivics16_HP_3HeaderTeach_Test@1a245833]" name="runScenario" class="cucumber.api.testng.AbstractTestNGCucumberTests"/>
        <method signature="AbstractTestNGCucumberTests.runScenario(cucumber.api.testng.PickleEventWrapper,cucumber.api.testng.CucumberFeatureWrapper)[pri:0, instance:icivics_testcases.Icivics17_HP_3Headerteach2_Test@673fdbce]" name="runScenario" class="cucumber.api.testng.AbstractTestNGCucumberTests"/>
        <method signature="AbstractTestNGCucumberTests.runScenario(cucumber.api.testng.PickleEventWrapper,cucumber.api.testng.CucumberFeatureWrapper)[pri:0, instance:icivics_testcases.Icivics18_HP_4HeaderAbout_Test@5965d37]" name="runScenario" class="cucumber.api.testng.AbstractTestNGCucumberTests"/>
        <method signature="AbstractTestNGCucumberTests.runScenario(cucumber.api.testng.PickleEventWrapper,cucumber.api.testng.CucumberFeatureWrapper)[pri:0, instance:icivics_testcases.Icivics19_HP_5HeaderMyicivicsMisc_Test@7a5ceedd]" name="runScenario" class="cucumber.api.testng.AbstractTestNGCucumberTests"/>
        <method signature="AbstractTestNGCucumberTests.runScenario(cucumber.api.testng.PickleEventWrapper,cucumber.api.testng.CucumberFeatureWrapper)[pri:0, instance:icivics_testcases.Icivics1_EducatorRegistration_Test@25be7b63]" name="runScenario" class="cucumber.api.testng.AbstractTestNGCucumberTests"/>
        <method signature="AbstractTestNGCucumberTests.runScenario(cucumber.api.testng.PickleEventWrapper,cucumber.api.testng.CucumberFeatureWrapper)[pri:0, instance:icivics_testcases.Icivics20_HP_5HeaderSigninMisc_Test@4201c465]" name="runScenario" class="cucumber.api.testng.AbstractTestNGCucumberTests"/>
        <method signature="AbstractTestNGCucumberTests.runScenario(cucumber.api.testng.PickleEventWrapper,cucumber.api.testng.CucumberFeatureWrapper)[pri:0, instance:icivics_testcases.Icivics2_EducatorRegistration1_Test@66982506]" name="runScenario" class="cucumber.api.testng.AbstractTestNGCucumberTests"/>
        <method signature="AbstractTestNGCucumberTests.runScenario(cucumber.api.testng.PickleEventWrapper,cucumber.api.testng.CucumberFeatureWrapper)[pri:0, instance:icivics_testcases.Icivics3_EducatorRegistration2_Test@70cf32e3]" name="runScenario" class="cucumber.api.testng.AbstractTestNGCucumberTests"/>
        <method signature="AbstractTestNGCucumberTests.runScenario(cucumber.api.testng.PickleEventWrapper,cucumber.api.testng.CucumberFeatureWrapper)[pri:0, instance:icivics_testcases.Icivics4_EducatorRegistration3_Test@5a59ca5e]" name="runScenario" class="cucumber.api.testng.AbstractTestNGCucumberTests"/>
        <method signature="AbstractTestNGCucumberTests.runScenario(cucumber.api.testng.PickleEventWrapper,cucumber.api.testng.CucumberFeatureWrapper)[pri:0, instance:icivics_testcases.Icivics5_EducatorRegistration4_Test@4bdeaabb]" name="runScenario" class="cucumber.api.testng.AbstractTestNGCucumberTests"/>
        <method signature="AbstractTestNGCucumberTests.runScenario(cucumber.api.testng.PickleEventWrapper,cucumber.api.testng.CucumberFeatureWrapper)[pri:0, instance:icivics_testcases.Icivics6_EducatorRegistration5_Test@6c4906d3]" name="runScenario" class="cucumber.api.testng.AbstractTestNGCucumberTests"/>
        <method signature="AbstractTestNGCucumberTests.runScenario(cucumber.api.testng.PickleEventWrapper,cucumber.api.testng.CucumberFeatureWrapper)[pri:0, instance:icivics_testcases.Icivics7_StudentRegistration1classcode_Test@65987993]" name="runScenario" class="cucumber.api.testng.AbstractTestNGCucumberTests"/>
        <method signature="AbstractTestNGCucumberTests.runScenario(cucumber.api.testng.PickleEventWrapper,cucumber.api.testng.CucumberFeatureWrapper)[pri:0, instance:icivics_testcases.Icivics8_StudentRegistration1Email_Test@71075444]" name="runScenario" class="cucumber.api.testng.AbstractTestNGCucumberTests"/>
        <method signature="AbstractTestNGCucumberTests.runScenario(cucumber.api.testng.PickleEventWrapper,cucumber.api.testng.CucumberFeatureWrapper)[pri:0, instance:icivics_testcases.Icivics9_StudentRegistration2classcode_Test@4f32a3ad]" name="runScenario" class="cucumber.api.testng.AbstractTestNGCucumberTests"/>
      </group> <!-- cucumber -->
    </groups>
    <test started-at="2022-07-02T21:02:32 IST" name="Test" finished-at="2022-07-02T22:38:30 IST" duration-ms="5757976">
      <class name="icivics_testcases.Icivics8_StudentRegistration1Email_Test">
        <test-method is-config="true" signature="setValues()[pri:0, instance:icivics_testcases.Icivics8_StudentRegistration1Email_Test@71075444]" started-at="2022-07-02T21:02:32 IST" name="setValues" finished-at="2022-07-02T21:02:32 IST" duration-ms="0" status="PASS">
          <reporter-output>
          </reporter-output>
        </test-method> <!-- setValues -->
        <test-method is-config="true" signature="setUpClass()[pri:0, instance:icivics_testcases.Icivics8_StudentRegistration1Email_Test@71075444]" started-at="2022-07-02T21:36:10 IST" name="setUpClass" finished-at="2022-07-02T21:36:10 IST" duration-ms="1" status="PASS">
          <reporter-output>
          </reporter-output>
        </test-method> <!-- setUpClass -->
        <test-method is-config="true" signature="report()[pri:0, instance:icivics_testcases.Icivics8_StudentRegistration1Email_Test@71075444]" started-at="2022-07-02T21:36:10 IST" name="report" finished-at="2022-07-02T21:36:10 IST" duration-ms="0" status="PASS">
          <reporter-output>
          </reporter-output>
        </test-method> <!-- report -->
        <test-method is-config="true" signature="beforeMethod()[pri:0, instance:icivics_testcases.Icivics8_StudentRegistration1Email_Test@71075444]" started-at="2022-07-02T21:36:10 IST" name="beforeMethod" finished-at="2022-07-02T21:36:11 IST" duration-ms="1146" status="PASS">
          <reporter-output>
          </reporter-output>
        </test-method> <!-- beforeMethod -->
        <test-method signature="C383_Verifybreadcrumbs(java.lang.String)[pri:0, instance:icivics_testcases.Icivics8_StudentRegistration1Email_Test@71075444]" started-at="2022-07-02T21:36:11 IST" name="C383_Verifybreadcrumbs" data-provider="fetchData" finished-at="2022-07-02T21:36:16 IST" duration-ms="5073" status="PASS">
          <params>
            <param index="0">
              <value>
                <![CDATA[https://staging.d9.icivics.org/user/register?role=student&email=1]]>
              </value>
            </param>
          </params>
          <reporter-output>
          </reporter-output>
        </test-method> <!-- C383_Verifybreadcrumbs -->
        <test-method is-config="true" signature="afterMethod()[pri:0, instance:icivics_testcases.Icivics8_StudentRegistration1Email_Test@71075444]" started-at="2022-07-02T21:36:16 IST" name="afterMethod" finished-at="2022-07-02T21:36:17 IST" duration-ms="293" status="PASS">
          <reporter-output>
          </reporter-output>
        </test-method> <!-- afterMethod -->
        <test-method is-config="true" signature="beforeMethod()[pri:0, instance:icivics_testcases.Icivics8_StudentRegistration1Email_Test@71075444]" started-at="2022-07-02T21:36:17 IST" name="beforeMethod" finished-at="2022-07-02T21:36:18 IST" duration-ms="1086" status="PASS">
          <reporter-output>
          </reporter-output>
        </test-method> <!-- beforeMethod -->
        <test-method signature="C384_Verifybreadcrumbspage(java.lang.String)[pri:1, instance:icivics_testcases.Icivics8_StudentRegistration1Email_Test@71075444]" started-at="2022-07-02T21:36:18 IST" name="C384_Verifybreadcrumbspage" data-provider="fetchData" finished-at="2022-07-02T21:36:22 IST" duration-ms="3863" status="PASS">
          <params>
            <param index="0">
              <value>
                <![CDATA[https://staging.d9.icivics.org/user/register?role=student&email=1]]>
              </value>
            </param>
          </params>
          <reporter-output>
          </reporter-output>
        </test-method> <!-- C384_Verifybreadcrumbspage -->
        <test-method is-config="true" signature="afterMethod()[pri:0, instance:icivics_testcases.Icivics8_StudentRegistration1Email_Test@71075444]" started-at="2022-07-02T21:36:22 IST" name="afterMethod" finished-at="2022-07-02T21:36:22 IST" duration-ms="300" status="PASS">
          <reporter-output>
          </reporter-output>
        </test-method> <!-- afterMethod -->
        <test-method is-config="true" signature="beforeMethod()[pri:0, instance:icivics_testcases.Icivics8_StudentRegistration1Email_Test@71075444]" started-at="2022-07-02T21:36:22 IST" name="beforeMethod" finished-at="2022-07-02T21:36:23 IST" duration-ms="1036" status="PASS">
          <reporter-output>
          </reporter-output>
        </test-method> <!-- beforeMethod -->
        <test-method signature="C385_Verifyvideolink(java.lang.String)[pri:2, instance:icivics_testcases.Icivics8_StudentRegistration1Email_Test@71075444]" started-at="2022-07-02T21:36:23 IST" name="C385_Verifyvideolink" data-provider="fetchData" finished-at="2022-07-02T21:36:41 IST" duration-ms="18366" status="PASS">
          <params>
            <param index="0">
              <value>
                <![CDATA[https://staging.d9.icivics.org/user/register?role=student&email=1]]>
              </value>
            </param>
          </params>
          <reporter-output>
          </reporter-output>
        </test-method> <!-- C385_Verifyvideolink -->
        <test-method is-config="true" signature="afterMethod()[pri:0, instance:icivics_testcases.Icivics8_StudentRegistration1Email_Test@71075444]" started-at="2022-07-02T21:36:41 IST" name="afterMethod" finished-at="2022-07-02T21:36:42 IST" duration-ms="433" status="PASS">
          <reporter-output>
          </reporter-output>
        </test-method> <!-- afterMethod -->
        <test-method is-config="true" signature="beforeMethod()[pri:0, instance:icivics_testcases.Icivics8_StudentRegistration1Email_Test@71075444]" started-at="2022-07-02T21:36:42 IST" name="beforeMethod" finished-at="2022-07-02T21:36:43 IST" duration-ms="1060" status="PASS">
          <reporter-output>
          </reporter-output>
        </test-method> <!-- beforeMethod -->
        <test-method signature="C387_verifytextfields(java.lang.String)[pri:3, instance:icivics_testcases.Icivics8_StudentRegistration1Email_Test@71075444]" started-at="2022-07-02T21:36:43 IST" name="C387_verifytextfields" data-provider="fetchData" finished-at="2022-07-02T21:36:49 IST" duration-ms="6261" status="PASS">
          <params>
            <param index="0">
              <value>
                <![CDATA[https://staging.d9.icivics.org/user/register?role=student&email=1]]>
              </value>
            </param>
          </params>
          <reporter-output>
          </reporter-output>
        </test-method> <!-- C387_verifytextfields -->
        <test-method is-config="true" signature="afterMethod()[pri:0, instance:icivics_testcases.Icivics8_StudentRegistration1Email_Test@71075444]" started-at="2022-07-02T21:36:49 IST" name="afterMethod" finished-at="2022-07-02T21:36:50 IST" duration-ms="328" status="PASS">
          <reporter-output>
          </reporter-output>
        </test-method> <!-- afterMethod -->
        <test-method is-config="true" signature="beforeMethod()[pri:0, instance:icivics_testcases.Icivics8_StudentRegistration1Email_Test@71075444]" started-at="2022-07-02T21:36:50 IST" name="beforeMethod" finished-at="2022-07-02T21:36:51 IST" duration-ms="1105" status="PASS">
          <reporter-output>
          </reporter-output>
        </test-method> <!-- beforeMethod -->
        <test-method signature="C388_verifyusernamepregenerated(java.lang.String)[pri:4, instance:icivics_testcases.Icivics8_StudentRegistration1Email_Test@71075444]" started-at="2022-07-02T21:36:51 IST" name="C388_verifyusernamepregenerated" data-provider="fetchData" finished-at="2022-07-02T21:37:01 IST" duration-ms="9904" status="PASS">
          <params>
            <param index="0">
              <value>
                <![CDATA[https://staging.d9.icivics.org/user/register?role=student&email=1]]>
              </value>
            </param>
          </params>
          <reporter-output>
          </reporter-output>
        </test-method> <!-- C388_verifyusernamepregenerated -->
        <test-method is-config="true" signature="afterMethod()[pri:0, instance:icivics_testcases.Icivics8_StudentRegistration1Email_Test@71075444]" started-at="2022-07-02T21:37:01 IST" name="afterMethod" finished-at="2022-07-02T21:37:01 IST" duration-ms="327" status="PASS">
          <reporter-output>
          </reporter-output>
        </test-method> <!-- afterMethod -->
        <test-method is-config="true" signature="beforeMethod()[pri:0, instance:icivics_testcases.Icivics8_StudentRegistration1Email_Test@71075444]" started-at="2022-07-02T21:37:01 IST" name="beforeMethod" finished-at="2022-07-02T21:37:02 IST" duration-ms="995" status="PASS">
          <reporter-output>
          </reporter-output>
        </test-method> <!-- beforeMethod -->
        <test-method signature="C389_verifyusernamepregeneratedrandomly(java.lang.String)[pri:5, instance:icivics_testcases.Icivics8_StudentRegistration1Email_Test@71075444]" started-at="2022-07-02T21:37:02 IST" name="C389_verifyusernamepregeneratedrandomly" data-provider="fetchData" finished-at="2022-07-02T21:37:18 IST" duration-ms="16042" status="PASS">
          <params>
            <param index="0">
              <value>
                <![CDATA[https://staging.d9.icivics.org/user/register?role=student&email=1]]>
              </value>
            </param>
          </params>
          <reporter-output>
          </reporter-output>
        </test-method> <!-- C389_verifyusernamepregeneratedrandomly -->
        <test-method is-config="true" signature="afterMethod()[pri:0, instance:icivics_testcases.Icivics8_StudentRegistration1Email_Test@71075444]" started-at="2022-07-02T21:37:18 IST" name="afterMethod" finished-at="2022-07-02T21:37:18 IST" duration-ms="311" status="PASS">
          <reporter-output>
          </reporter-output>
        </test-method> <!-- afterMethod -->
        <test-method is-config="true" signature="beforeMethod()[pri:0, instance:icivics_testcases.Icivics8_StudentRegistration1Email_Test@71075444]" started-at="2022-07-02T21:37:18 IST" name="beforeMethod" finished-at="2022-07-02T21:37:19 IST" duration-ms="1063" status="PASS">
          <reporter-output>
          </reporter-output>
        </test-method> <!-- beforeMethod -->
        <test-method signature="C390_verifyentertextinallfields(java.lang.String)[pri:6, instance:icivics_testcases.Icivics8_StudentRegistration1Email_Test@71075444]" started-at="2022-07-02T21:37:19 IST" name="C390_verifyentertextinallfields" data-provider="fetchData" finished-at="2022-07-02T21:37:27 IST" duration-ms="7601" status="PASS">
          <params>
            <param index="0">
              <value>
                <![CDATA[https://staging.d9.icivics.org/user/register?role=student&email=1]]>
              </value>
            </param>
          </params>
          <reporter-output>
          </reporter-output>
        </test-method> <!-- C390_verifyentertextinallfields -->
        <test-method is-config="true" signature="afterMethod()[pri:0, instance:icivics_testcases.Icivics8_StudentRegistration1Email_Test@71075444]" started-at="2022-07-02T21:37:27 IST" name="afterMethod" finished-at="2022-07-02T21:37:28 IST" duration-ms="734" status="PASS">
          <reporter-output>
          </reporter-output>
        </test-method> <!-- afterMethod -->
        <test-method is-config="true" signature="beforeMethod()[pri:0, instance:icivics_testcases.Icivics8_StudentRegistration1Email_Test@71075444]" started-at="2022-07-02T21:37:28 IST" name="beforeMethod" finished-at="2022-07-02T21:37:29 IST" duration-ms="1007" status="PASS">
          <reporter-output>
          </reporter-output>
        </test-method> <!-- beforeMethod -->
        <test-method signature="C391_verifyfieldsmarkedwithanasterisk(java.lang.String)[pri:7, instance:icivics_testcases.Icivics8_StudentRegistration1Email_Test@71075444]" started-at="2022-07-02T21:37:29 IST" name="C391_verifyfieldsmarkedwithanasterisk" data-provider="fetchData" finished-at="2022-07-02T21:37:33 IST" duration-ms="4397" status="PASS">
          <params>
            <param index="0">
              <value>
                <![CDATA[https://staging.d9.icivics.org/user/register?role=student&email=1]]>
              </value>
            </param>
          </params>
          <reporter-output>
          </reporter-output>
        </test-method> <!-- C391_verifyfieldsmarkedwithanasterisk -->
        <test-method is-config="true" signature="afterMethod()[pri:0, instance:icivics_testcases.Icivics8_StudentRegistration1Email_Test@71075444]" started-at="2022-07-02T21:37:33 IST" name="afterMethod" finished-at="2022-07-02T21:37:33 IST" duration-ms="281" status="PASS">
          <reporter-output>
          </reporter-output>
        </test-method> <!-- afterMethod -->
        <test-method is-config="true" signature="beforeMethod()[pri:0, instance:icivics_testcases.Icivics8_StudentRegistration1Email_Test@71075444]" started-at="2022-07-02T21:37:33 IST" name="beforeMethod" finished-at="2022-07-02T21:37:34 IST" duration-ms="1003" status="PASS">
          <reporter-output>
          </reporter-output>
        </test-method> <!-- beforeMethod -->
        <test-method signature="C392_verifyemailtooltips(java.lang.String)[pri:8, instance:icivics_testcases.Icivics8_StudentRegistration1Email_Test@71075444]" started-at="2022-07-02T21:37:34 IST" name="C392_verifyemailtooltips" data-provider="fetchData" finished-at="2022-07-02T21:37:39 IST" duration-ms="4650" status="PASS">
          <params>
            <param index="0">
              <value>
                <![CDATA[https://staging.d9.icivics.org/user/register?role=student&email=1]]>
              </value>
            </param>
          </params>
          <reporter-output>
          </reporter-output>
        </test-method> <!-- C392_verifyemailtooltips -->
        <test-method is-config="true" signature="afterMethod()[pri:0, instance:icivics_testcases.Icivics8_StudentRegistration1Email_Test@71075444]" started-at="2022-07-02T21:37:39 IST" name="afterMethod" finished-at="2022-07-02T21:37:39 IST" duration-ms="285" status="PASS">
          <reporter-output>
          </reporter-output>
        </test-method> <!-- afterMethod -->
        <test-method is-config="true" signature="beforeMethod()[pri:0, instance:icivics_testcases.Icivics8_StudentRegistration1Email_Test@71075444]" started-at="2022-07-02T21:37:39 IST" name="beforeMethod" finished-at="2022-07-02T21:37:40 IST" duration-ms="1028" status="PASS">
          <reporter-output>
          </reporter-output>
        </test-method> <!-- beforeMethod -->
        <test-method signature="C393_verifyemailerrormsg(java.lang.String)[pri:9, instance:icivics_testcases.Icivics8_StudentRegistration1Email_Test@71075444]" started-at="2022-07-02T21:37:40 IST" name="C393_verifyemailerrormsg" data-provider="fetchData" finished-at="2022-07-02T21:37:52 IST" duration-ms="12014" status="PASS">
          <params>
            <param index="0">
              <value>
                <![CDATA[https://staging.d9.icivics.org/user/register?role=student&email=1]]>
              </value>
            </param>
          </params>
          <reporter-output>
          </reporter-output>
        </test-method> <!-- C393_verifyemailerrormsg -->
        <test-method is-config="true" signature="afterMethod()[pri:0, instance:icivics_testcases.Icivics8_StudentRegistration1Email_Test@71075444]" started-at="2022-07-02T21:37:52 IST" name="afterMethod" finished-at="2022-07-02T21:37:53 IST" duration-ms="345" status="PASS">
          <reporter-output>
          </reporter-output>
        </test-method> <!-- afterMethod -->
        <test-method is-config="true" signature="beforeMethod()[pri:0, instance:icivics_testcases.Icivics8_StudentRegistration1Email_Test@71075444]" started-at="2022-07-02T21:37:53 IST" name="beforeMethod" finished-at="2022-07-02T21:37:54 IST" duration-ms="1036" status="PASS">
          <reporter-output>
          </reporter-output>
        </test-method> <!-- beforeMethod -->
        <test-method signature="C394_verifyblankerrormsg(java.lang.String)[pri:10, instance:icivics_testcases.Icivics8_StudentRegistration1Email_Test@71075444]" started-at="2022-07-02T21:37:54 IST" name="C394_verifyblankerrormsg" data-provider="fetchData" finished-at="2022-07-02T21:38:35 IST" duration-ms="41013" status="PASS">
          <params>
            <param index="0">
              <value>
                <![CDATA[https://staging.d9.icivics.org/user/register?role=student&email=1]]>
              </value>
            </param>
          </params>
          <reporter-output>
          </reporter-output>
        </test-method> <!-- C394_verifyblankerrormsg -->
        <test-method is-config="true" signature="afterMethod()[pri:0, instance:icivics_testcases.Icivics8_StudentRegistration1Email_Test@71075444]" started-at="2022-07-02T21:38:35 IST" name="afterMethod" finished-at="2022-07-02T21:38:35 IST" duration-ms="347" status="PASS">
          <reporter-output>
          </reporter-output>
        </test-method> <!-- afterMethod -->
        <test-method is-config="true" signature="beforeMethod()[pri:0, instance:icivics_testcases.Icivics8_StudentRegistration1Email_Test@71075444]" started-at="2022-07-02T21:38:35 IST" name="beforeMethod" finished-at="2022-07-02T21:38:36 IST" duration-ms="1102" status="PASS">
          <reporter-output>
          </reporter-output>
        </test-method> <!-- beforeMethod -->
        <test-method signature="C396_verifyvalidregistration(java.lang.String)[pri:11, instance:icivics_testcases.Icivics8_StudentRegistration1Email_Test@71075444]" started-at="2022-07-02T21:38:36 IST" name="C396_verifyvalidregistration" data-provider="fetchData" finished-at="2022-07-02T21:38:53 IST" duration-ms="16625" status="PASS">
          <params>
            <param index="0">
              <value>
                <![CDATA[https://staging.d9.icivics.org/user/register?role=student&email=1]]>
              </value>
            </param>
          </params>
          <reporter-output>
          </reporter-output>
        </test-method> <!-- C396_verifyvalidregistration -->
        <test-method is-config="true" signature="afterMethod()[pri:0, instance:icivics_testcases.Icivics8_StudentRegistration1Email_Test@71075444]" started-at="2022-07-02T21:38:53 IST" name="afterMethod" finished-at="2022-07-02T21:38:53 IST" duration-ms="330" status="PASS">
          <reporter-output>
          </reporter-output>
        </test-method> <!-- afterMethod -->
        <test-method is-config="true" signature="beforeMethod()[pri:0, instance:icivics_testcases.Icivics8_StudentRegistration1Email_Test@71075444]" started-at="2022-07-02T21:38:53 IST" name="beforeMethod" finished-at="2022-07-02T21:38:54 IST" duration-ms="998" status="PASS">
          <reporter-output>
          </reporter-output>
        </test-method> <!-- beforeMethod -->
        <test-method signature="C397_Verifyclasscodelink(java.lang.String)[pri:12, instance:icivics_testcases.Icivics8_StudentRegistration1Email_Test@71075444]" started-at="2022-07-02T21:38:54 IST" name="C397_Verifyclasscodelink" data-provider="fetchData" finished-at="2022-07-02T21:39:03 IST" duration-ms="8475" status="PASS">
          <params>
            <param index="0">
              <value>
                <![CDATA[https://staging.d9.icivics.org/user/register?role=student&email=1]]>
              </value>
            </param>
          </params>
          <reporter-output>
          </reporter-output>
        </test-method> <!-- C397_Verifyclasscodelink -->
        <test-method is-config="true" signature="afterMethod()[pri:0, instance:icivics_testcases.Icivics8_StudentRegistration1Email_Test@71075444]" started-at="2022-07-02T21:39:03 IST" name="afterMethod" finished-at="2022-07-02T21:39:03 IST" duration-ms="332" status="PASS">
          <reporter-output>
          </reporter-output>
        </test-method> <!-- afterMethod -->
        <test-method is-config="true" signature="tearDownClass()[pri:0, instance:icivics_testcases.Icivics8_StudentRegistration1Email_Test@71075444]" started-at="2022-07-02T21:39:03 IST" name="tearDownClass" finished-at="2022-07-02T21:39:03 IST" duration-ms="0" status="PASS">
          <reporter-output>
          </reporter-output>
        </test-method> <!-- tearDownClass -->
      </class> <!-- icivics_testcases.Icivics8_StudentRegistration1Email_Test -->
      <class name="icivics_testcases.Icivics10_StudentRegistration2Email_Test">
        <test-method is-config="true" signature="setValues()[pri:0, instance:icivics_testcases.Icivics10_StudentRegistration2Email_Test@6b695b06]" started-at="2022-07-02T21:02:32 IST" name="setValues" finished-at="2022-07-02T21:02:32 IST" duration-ms="2" status="PASS">
          <reporter-output>
          </reporter-output>
        </test-method> <!-- setValues -->
        <test-method is-config="true" signature="setUpClass()[pri:0, instance:icivics_testcases.Icivics10_StudentRegistration2Email_Test@6b695b06]" started-at="2022-07-02T21:43:43 IST" name="setUpClass" finished-at="2022-07-02T21:43:43 IST" duration-ms="0" status="PASS">
          <reporter-output>
          </reporter-output>
        </test-method> <!-- setUpClass -->
        <test-method is-config="true" signature="report()[pri:0, instance:icivics_testcases.Icivics10_StudentRegistration2Email_Test@6b695b06]" started-at="2022-07-02T21:43:43 IST" name="report" finished-at="2022-07-02T21:43:43 IST" duration-ms="0" status="PASS">
          <reporter-output>
          </reporter-output>
        </test-method> <!-- report -->
        <test-method is-config="true" signature="beforeMethod()[pri:0, instance:icivics_testcases.Icivics10_StudentRegistration2Email_Test@6b695b06]" started-at="2022-07-02T21:43:43 IST" name="beforeMethod" finished-at="2022-07-02T21:43:44 IST" duration-ms="1078" status="PASS">
          <reporter-output>
          </reporter-output>
        </test-method> <!-- beforeMethod -->
        <test-method signature="C398_verifypagecount2(java.lang.String)[pri:0, instance:icivics_testcases.Icivics10_StudentRegistration2Email_Test@6b695b06]" started-at="2022-07-02T21:43:44 IST" name="C398_verifypagecount2" data-provider="fetchData" finished-at="2022-07-02T21:43:53 IST" duration-ms="8038" status="PASS">
          <params>
            <param index="0">
              <value>
                <![CDATA[https://staging.d9.icivics.org/user/register?role=student&email=1]]>
              </value>
            </param>
          </params>
          <reporter-output>
          </reporter-output>
        </test-method> <!-- C398_verifypagecount2 -->
        <test-method is-config="true" signature="afterMethod()[pri:0, instance:icivics_testcases.Icivics10_StudentRegistration2Email_Test@6b695b06]" started-at="2022-07-02T21:43:53 IST" name="afterMethod" finished-at="2022-07-02T21:43:53 IST" duration-ms="277" status="PASS">
          <reporter-output>
          </reporter-output>
        </test-method> <!-- afterMethod -->
        <test-method is-config="true" signature="beforeMethod()[pri:0, instance:icivics_testcases.Icivics10_StudentRegistration2Email_Test@6b695b06]" started-at="2022-07-02T21:43:53 IST" name="beforeMethod" finished-at="2022-07-02T21:43:54 IST" duration-ms="1209" status="PASS">
          <reporter-output>
          </reporter-output>
        </test-method> <!-- beforeMethod -->
        <test-method signature="C399_Clickbackbutton(java.lang.String)[pri:1, instance:icivics_testcases.Icivics10_StudentRegistration2Email_Test@6b695b06]" started-at="2022-07-02T21:43:54 IST" name="C399_Clickbackbutton" data-provider="fetchData" finished-at="2022-07-02T21:44:07 IST" duration-ms="13061" status="PASS">
          <params>
            <param index="0">
              <value>
                <![CDATA[https://staging.d9.icivics.org/user/register?role=student&email=1]]>
              </value>
            </param>
          </params>
          <reporter-output>
          </reporter-output>
        </test-method> <!-- C399_Clickbackbutton -->
        <test-method is-config="true" signature="afterMethod()[pri:0, instance:icivics_testcases.Icivics10_StudentRegistration2Email_Test@6b695b06]" started-at="2022-07-02T21:44:07 IST" name="afterMethod" finished-at="2022-07-02T21:44:07 IST" duration-ms="338" status="PASS">
          <reporter-output>
          </reporter-output>
        </test-method> <!-- afterMethod -->
        <test-method is-config="true" signature="beforeMethod()[pri:0, instance:icivics_testcases.Icivics10_StudentRegistration2Email_Test@6b695b06]" started-at="2022-07-02T21:44:07 IST" name="beforeMethod" finished-at="2022-07-02T21:44:08 IST" duration-ms="1023" status="PASS">
          <reporter-output>
          </reporter-output>
        </test-method> <!-- beforeMethod -->
        <test-method signature="C400_verifyfieldsisremembered(java.lang.String)[pri:2, instance:icivics_testcases.Icivics10_StudentRegistration2Email_Test@6b695b06]" started-at="2022-07-02T21:44:08 IST" name="C400_verifyfieldsisremembered" data-provider="fetchData" finished-at="2022-07-02T21:44:19 IST" duration-ms="10926" status="PASS">
          <params>
            <param index="0">
              <value>
                <![CDATA[https://staging.d9.icivics.org/user/register?role=student&email=1]]>
              </value>
            </param>
          </params>
          <reporter-output>
          </reporter-output>
        </test-method> <!-- C400_verifyfieldsisremembered -->
        <test-method is-config="true" signature="afterMethod()[pri:0, instance:icivics_testcases.Icivics10_StudentRegistration2Email_Test@6b695b06]" started-at="2022-07-02T21:44:19 IST" name="afterMethod" finished-at="2022-07-02T21:44:20 IST" duration-ms="290" status="PASS">
          <reporter-output>
          </reporter-output>
        </test-method> <!-- afterMethod -->
        <test-method is-config="true" signature="beforeMethod()[pri:0, instance:icivics_testcases.Icivics10_StudentRegistration2Email_Test@6b695b06]" started-at="2022-07-02T21:44:20 IST" name="beforeMethod" finished-at="2022-07-02T21:44:21 IST" duration-ms="1027" status="PASS">
          <reporter-output>
          </reporter-output>
        </test-method> <!-- beforeMethod -->
        <test-method signature="C403_clickontermsofuselink(java.lang.String)[pri:3, instance:icivics_testcases.Icivics10_StudentRegistration2Email_Test@6b695b06]" started-at="2022-07-02T21:44:21 IST" name="C403_clickontermsofuselink" data-provider="fetchData" finished-at="2022-07-02T21:45:03 IST" duration-ms="42552" status="PASS">
          <params>
            <param index="0">
              <value>
                <![CDATA[https://staging.d9.icivics.org/user/register?role=student&email=1]]>
              </value>
            </param>
          </params>
          <reporter-output>
          </reporter-output>
        </test-method> <!-- C403_clickontermsofuselink -->
        <test-method is-config="true" signature="afterMethod()[pri:0, instance:icivics_testcases.Icivics10_StudentRegistration2Email_Test@6b695b06]" started-at="2022-07-02T21:45:03 IST" name="afterMethod" finished-at="2022-07-02T21:45:04 IST" duration-ms="365" status="PASS">
          <reporter-output>
          </reporter-output>
        </test-method> <!-- afterMethod -->
        <test-method is-config="true" signature="beforeMethod()[pri:0, instance:icivics_testcases.Icivics10_StudentRegistration2Email_Test@6b695b06]" started-at="2022-07-02T21:45:04 IST" name="beforeMethod" finished-at="2022-07-02T21:45:05 IST" duration-ms="1185" status="PASS">
          <reporter-output>
          </reporter-output>
        </test-method> <!-- beforeMethod -->
        <test-method signature="C404_clickprivacypolicy(java.lang.String)[pri:4, instance:icivics_testcases.Icivics10_StudentRegistration2Email_Test@6b695b06]" started-at="2022-07-02T21:45:05 IST" name="C404_clickprivacypolicy" data-provider="fetchData" finished-at="2022-07-02T21:45:37 IST" duration-ms="32556" status="PASS">
          <params>
            <param index="0">
              <value>
                <![CDATA[https://staging.d9.icivics.org/user/register?role=student&email=1]]>
              </value>
            </param>
          </params>
          <reporter-output>
          </reporter-output>
        </test-method> <!-- C404_clickprivacypolicy -->
        <test-method is-config="true" signature="afterMethod()[pri:0, instance:icivics_testcases.Icivics10_StudentRegistration2Email_Test@6b695b06]" started-at="2022-07-02T21:45:37 IST" name="afterMethod" finished-at="2022-07-02T21:45:38 IST" duration-ms="384" status="PASS">
          <reporter-output>
          </reporter-output>
        </test-method> <!-- afterMethod -->
        <test-method is-config="true" signature="beforeMethod()[pri:0, instance:icivics_testcases.Icivics10_StudentRegistration2Email_Test@6b695b06]" started-at="2022-07-02T21:45:38 IST" name="beforeMethod" finished-at="2022-07-02T21:45:39 IST" duration-ms="1059" status="PASS">
          <reporter-output>
          </reporter-output>
        </test-method> <!-- beforeMethod -->
        <test-method signature="C405_verifypage2SignUpforEmailsfield(java.lang.String)[pri:5, instance:icivics_testcases.Icivics10_StudentRegistration2Email_Test@6b695b06]" started-at="2022-07-02T21:45:39 IST" name="C405_verifypage2SignUpforEmailsfield" data-provider="fetchData" finished-at="2022-07-02T21:45:46 IST" duration-ms="7450" status="PASS">
          <params>
            <param index="0">
              <value>
                <![CDATA[https://staging.d9.icivics.org/user/register?role=student&email=1]]>
              </value>
            </param>
          </params>
          <reporter-output>
          </reporter-output>
        </test-method> <!-- C405_verifypage2SignUpforEmailsfield -->
        <test-method is-config="true" signature="afterMethod()[pri:0, instance:icivics_testcases.Icivics10_StudentRegistration2Email_Test@6b695b06]" started-at="2022-07-02T21:45:46 IST" name="afterMethod" finished-at="2022-07-02T21:45:47 IST" duration-ms="294" status="PASS">
          <reporter-output>
          </reporter-output>
        </test-method> <!-- afterMethod -->
        <test-method is-config="true" signature="beforeMethod()[pri:0, instance:icivics_testcases.Icivics10_StudentRegistration2Email_Test@6b695b06]" started-at="2022-07-02T21:45:47 IST" name="beforeMethod" finished-at="2022-07-02T21:45:48 IST" duration-ms="1092" status="PASS">
          <reporter-output>
          </reporter-output>
        </test-method> <!-- beforeMethod -->
        <test-method signature="C408_hoveronpwdfield(java.lang.String)[pri:6, instance:icivics_testcases.Icivics10_StudentRegistration2Email_Test@6b695b06]" started-at="2022-07-02T21:45:48 IST" name="C408_hoveronpwdfield" data-provider="fetchData" finished-at="2022-07-02T21:45:55 IST" duration-ms="7422" status="PASS">
          <params>
            <param index="0">
              <value>
                <![CDATA[https://staging.d9.icivics.org/user/register?role=student&email=1]]>
              </value>
            </param>
          </params>
          <reporter-output>
          </reporter-output>
        </test-method> <!-- C408_hoveronpwdfield -->
        <test-method is-config="true" signature="afterMethod()[pri:0, instance:icivics_testcases.Icivics10_StudentRegistration2Email_Test@6b695b06]" started-at="2022-07-02T21:45:55 IST" name="afterMethod" finished-at="2022-07-02T21:45:55 IST" duration-ms="292" status="PASS">
          <reporter-output>
          </reporter-output>
        </test-method> <!-- afterMethod -->
        <test-method is-config="true" signature="beforeMethod()[pri:0, instance:icivics_testcases.Icivics10_StudentRegistration2Email_Test@6b695b06]" started-at="2022-07-02T21:45:56 IST" name="beforeMethod" finished-at="2022-07-02T21:45:57 IST" duration-ms="1027" status="PASS">
          <reporter-output>
          </reporter-output>
        </test-method> <!-- beforeMethod -->
        <test-method signature="C409_VerifyPasswordstrengthmeter(java.lang.String)[pri:7, instance:icivics_testcases.Icivics10_StudentRegistration2Email_Test@6b695b06]" started-at="2022-07-02T21:45:57 IST" name="C409_VerifyPasswordstrengthmeter" data-provider="fetchData" finished-at="2022-07-02T21:46:07 IST" duration-ms="10467" status="PASS">
          <params>
            <param index="0">
              <value>
                <![CDATA[https://staging.d9.icivics.org/user/register?role=student&email=1]]>
              </value>
            </param>
          </params>
          <reporter-output>
          </reporter-output>
        </test-method> <!-- C409_VerifyPasswordstrengthmeter -->
        <test-method is-config="true" signature="afterMethod()[pri:0, instance:icivics_testcases.Icivics10_StudentRegistration2Email_Test@6b695b06]" started-at="2022-07-02T21:46:07 IST" name="afterMethod" finished-at="2022-07-02T21:46:08 IST" duration-ms="873" status="PASS">
          <reporter-output>
          </reporter-output>
        </test-method> <!-- afterMethod -->
        <test-method is-config="true" signature="beforeMethod()[pri:0, instance:icivics_testcases.Icivics10_StudentRegistration2Email_Test@6b695b06]" started-at="2022-07-02T21:46:08 IST" name="beforeMethod" finished-at="2022-07-02T21:46:09 IST" duration-ms="1009" status="PASS">
          <reporter-output>
          </reporter-output>
        </test-method> <!-- beforeMethod -->
        <test-method signature="C410_VerifyPasswordindicatormatch(java.lang.String)[pri:8, instance:icivics_testcases.Icivics10_StudentRegistration2Email_Test@6b695b06]" started-at="2022-07-02T21:46:09 IST" name="C410_VerifyPasswordindicatormatch" data-provider="fetchData" finished-at="2022-07-02T21:46:17 IST" duration-ms="8219" status="PASS">
          <params>
            <param index="0">
              <value>
                <![CDATA[https://staging.d9.icivics.org/user/register?role=student&email=1]]>
              </value>
            </param>
          </params>
          <reporter-output>
          </reporter-output>
        </test-method> <!-- C410_VerifyPasswordindicatormatch -->
        <test-method is-config="true" signature="afterMethod()[pri:0, instance:icivics_testcases.Icivics10_StudentRegistration2Email_Test@6b695b06]" started-at="2022-07-02T21:46:17 IST" name="afterMethod" finished-at="2022-07-02T21:46:17 IST" duration-ms="283" status="PASS">
          <reporter-output>
          </reporter-output>
        </test-method> <!-- afterMethod -->
        <test-method is-config="true" signature="beforeMethod()[pri:0, instance:icivics_testcases.Icivics10_StudentRegistration2Email_Test@6b695b06]" started-at="2022-07-02T21:46:17 IST" name="beforeMethod" finished-at="2022-07-02T21:46:19 IST" duration-ms="1076" status="PASS">
          <reporter-output>
          </reporter-output>
        </test-method> <!-- beforeMethod -->
        <test-method signature="C412_verifyenterinvaliddata(java.lang.String)[pri:9, instance:icivics_testcases.Icivics10_StudentRegistration2Email_Test@6b695b06]" started-at="2022-07-02T21:46:19 IST" name="C412_verifyenterinvaliddata" data-provider="fetchData" finished-at="2022-07-02T21:46:30 IST" duration-ms="11422" status="PASS">
          <params>
            <param index="0">
              <value>
                <![CDATA[https://staging.d9.icivics.org/user/register?role=student&email=1]]>
              </value>
            </param>
          </params>
          <reporter-output>
          </reporter-output>
        </test-method> <!-- C412_verifyenterinvaliddata -->
        <test-method is-config="true" signature="afterMethod()[pri:0, instance:icivics_testcases.Icivics10_StudentRegistration2Email_Test@6b695b06]" started-at="2022-07-02T21:46:30 IST" name="afterMethod" finished-at="2022-07-02T21:46:31 IST" duration-ms="679" status="PASS">
          <reporter-output>
          </reporter-output>
        </test-method> <!-- afterMethod -->
        <test-method is-config="true" signature="beforeMethod()[pri:0, instance:icivics_testcases.Icivics10_StudentRegistration2Email_Test@6b695b06]" started-at="2022-07-02T21:46:31 IST" name="beforeMethod" finished-at="2022-07-02T21:46:32 IST" duration-ms="1011" status="PASS">
          <reporter-output>
          </reporter-output>
        </test-method> <!-- beforeMethod -->
        <test-method signature="C412_verifytermsofuseandprivacycheckbox(java.lang.String)[pri:10, instance:icivics_testcases.Icivics10_StudentRegistration2Email_Test@6b695b06]" started-at="2022-07-02T21:46:32 IST" name="C412_verifytermsofuseandprivacycheckbox" data-provider="fetchData" finished-at="2022-07-02T21:46:43 IST" duration-ms="11146" status="PASS">
          <params>
            <param index="0">
              <value>
                <![CDATA[https://staging.d9.icivics.org/user/register?role=student&email=1]]>
              </value>
            </param>
          </params>
          <reporter-output>
          </reporter-output>
        </test-method> <!-- C412_verifytermsofuseandprivacycheckbox -->
        <test-method is-config="true" signature="afterMethod()[pri:0, instance:icivics_testcases.Icivics10_StudentRegistration2Email_Test@6b695b06]" started-at="2022-07-02T21:46:43 IST" name="afterMethod" finished-at="2022-07-02T21:46:43 IST" duration-ms="290" status="PASS">
          <reporter-output>
          </reporter-output>
        </test-method> <!-- afterMethod -->
        <test-method is-config="true" signature="beforeMethod()[pri:0, instance:icivics_testcases.Icivics10_StudentRegistration2Email_Test@6b695b06]" started-at="2022-07-02T21:46:43 IST" name="beforeMethod" finished-at="2022-07-02T21:46:44 IST" duration-ms="1081" status="PASS">
          <reporter-output>
          </reporter-output>
        </test-method> <!-- beforeMethod -->
        <test-method signature="C413_verifyblankerrormsg(java.lang.String)[pri:11, instance:icivics_testcases.Icivics10_StudentRegistration2Email_Test@6b695b06]" started-at="2022-07-02T21:46:44 IST" name="C413_verifyblankerrormsg" data-provider="fetchData" finished-at="2022-07-02T21:46:59 IST" duration-ms="14979" status="PASS">
          <params>
            <param index="0">
              <value>
                <![CDATA[https://staging.d9.icivics.org/user/register?role=student&email=1]]>
              </value>
            </param>
          </params>
          <reporter-output>
          </reporter-output>
        </test-method> <!-- C413_verifyblankerrormsg -->
        <test-method is-config="true" signature="afterMethod()[pri:0, instance:icivics_testcases.Icivics10_StudentRegistration2Email_Test@6b695b06]" started-at="2022-07-02T21:46:59 IST" name="afterMethod" finished-at="2022-07-02T21:47:00 IST" duration-ms="334" status="PASS">
          <reporter-output>
          </reporter-output>
        </test-method> <!-- afterMethod -->
        <test-method is-config="true" signature="beforeMethod()[pri:0, instance:icivics_testcases.Icivics10_StudentRegistration2Email_Test@6b695b06]" started-at="2022-07-02T21:47:00 IST" name="beforeMethod" finished-at="2022-07-02T21:47:01 IST" duration-ms="982" status="PASS">
          <reporter-output>
          </reporter-output>
        </test-method> <!-- beforeMethod -->
        <test-method signature="C414_verifypage3loaded(java.lang.String)[pri:12, instance:icivics_testcases.Icivics10_StudentRegistration2Email_Test@6b695b06]" started-at="2022-07-02T21:47:01 IST" name="C414_verifypage3loaded" data-provider="fetchData" finished-at="2022-07-02T21:47:18 IST" duration-ms="16976" status="PASS">
          <params>
            <param index="0">
              <value>
                <![CDATA[https://staging.d9.icivics.org/user/register?role=student&email=1]]>
              </value>
            </param>
          </params>
          <reporter-output>
          </reporter-output>
        </test-method> <!-- C414_verifypage3loaded -->
        <test-method is-config="true" signature="afterMethod()[pri:0, instance:icivics_testcases.Icivics10_StudentRegistration2Email_Test@6b695b06]" started-at="2022-07-02T21:47:18 IST" name="afterMethod" finished-at="2022-07-02T21:47:18 IST" duration-ms="318" status="PASS">
          <reporter-output>
          </reporter-output>
        </test-method> <!-- afterMethod -->
        <test-method is-config="true" signature="tearDownClass()[pri:0, instance:icivics_testcases.Icivics10_StudentRegistration2Email_Test@6b695b06]" started-at="2022-07-02T21:47:18 IST" name="tearDownClass" finished-at="2022-07-02T21:47:18 IST" duration-ms="0" status="PASS">
          <reporter-output>
          </reporter-output>
        </test-method> <!-- tearDownClass -->
      </class> <!-- icivics_testcases.Icivics10_StudentRegistration2Email_Test -->
      <class name="icivics_testcases.Icivics12_StudentRegistration3Email_Test">
        <test-method is-config="true" signature="setValues()[pri:0, instance:icivics_testcases.Icivics12_StudentRegistration3Email_Test@6f53b8a]" started-at="2022-07-02T21:02:32 IST" name="setValues" finished-at="2022-07-02T21:02:32 IST" duration-ms="0" status="PASS">
          <reporter-output>
          </reporter-output>
        </test-method> <!-- setValues -->
        <test-method is-config="true" signature="setUpClass()[pri:0, instance:icivics_testcases.Icivics12_StudentRegistration3Email_Test@6f53b8a]" started-at="2022-07-02T21:50:37 IST" name="setUpClass" finished-at="2022-07-02T21:50:37 IST" duration-ms="1" status="PASS">
          <reporter-output>
          </reporter-output>
        </test-method> <!-- setUpClass -->
        <test-method is-config="true" signature="report()[pri:0, instance:icivics_testcases.Icivics12_StudentRegistration3Email_Test@6f53b8a]" started-at="2022-07-02T21:50:37 IST" name="report" finished-at="2022-07-02T21:50:37 IST" duration-ms="0" status="PASS">
          <reporter-output>
          </reporter-output>
        </test-method> <!-- report -->
        <test-method is-config="true" signature="beforeMethod()[pri:0, instance:icivics_testcases.Icivics12_StudentRegistration3Email_Test@6f53b8a]" started-at="2022-07-02T21:50:37 IST" name="beforeMethod" finished-at="2022-07-02T21:50:38 IST" duration-ms="1196" status="PASS">
          <reporter-output>
          </reporter-output>
        </test-method> <!-- beforeMethod -->
        <test-method signature="C372_verifypagecount3(java.lang.String)[pri:0, instance:icivics_testcases.Icivics12_StudentRegistration3Email_Test@6f53b8a]" started-at="2022-07-02T21:50:38 IST" name="C372_verifypagecount3" data-provider="fetchData" finished-at="2022-07-02T21:50:54 IST" duration-ms="16354" status="PASS">
          <params>
            <param index="0">
              <value>
                <![CDATA[https://staging.d9.icivics.org/user/register?role=student&email=1]]>
              </value>
            </param>
          </params>
          <reporter-output>
          </reporter-output>
        </test-method> <!-- C372_verifypagecount3 -->
        <test-method is-config="true" signature="afterMethod()[pri:0, instance:icivics_testcases.Icivics12_StudentRegistration3Email_Test@6f53b8a]" started-at="2022-07-02T21:50:54 IST" name="afterMethod" finished-at="2022-07-02T21:50:55 IST" duration-ms="354" status="PASS">
          <reporter-output>
          </reporter-output>
        </test-method> <!-- afterMethod -->
        <test-method is-config="true" signature="beforeMethod()[pri:0, instance:icivics_testcases.Icivics12_StudentRegistration3Email_Test@6f53b8a]" started-at="2022-07-02T21:50:55 IST" name="beforeMethod" finished-at="2022-07-02T21:50:56 IST" duration-ms="1080" status="PASS">
          <reporter-output>
          </reporter-output>
        </test-method> <!-- beforeMethod -->
        <test-method signature="C373_verifycheckmsgdisplay(java.lang.String)[pri:1, instance:icivics_testcases.Icivics12_StudentRegistration3Email_Test@6f53b8a]" started-at="2022-07-02T21:50:56 IST" name="C373_verifycheckmsgdisplay" data-provider="fetchData" finished-at="2022-07-02T21:51:11 IST" duration-ms="15757" status="PASS">
          <params>
            <param index="0">
              <value>
                <![CDATA[https://staging.d9.icivics.org/user/register?role=student&email=1]]>
              </value>
            </param>
          </params>
          <reporter-output>
          </reporter-output>
        </test-method> <!-- C373_verifycheckmsgdisplay -->
        <test-method is-config="true" signature="afterMethod()[pri:0, instance:icivics_testcases.Icivics12_StudentRegistration3Email_Test@6f53b8a]" started-at="2022-07-02T21:51:11 IST" name="afterMethod" finished-at="2022-07-02T21:51:12 IST" duration-ms="315" status="PASS">
          <reporter-output>
          </reporter-output>
        </test-method> <!-- afterMethod -->
        <test-method is-config="true" signature="beforeMethod()[pri:0, instance:icivics_testcases.Icivics12_StudentRegistration3Email_Test@6f53b8a]" started-at="2022-07-02T21:51:12 IST" name="beforeMethod" finished-at="2022-07-02T21:51:13 IST" duration-ms="1018" status="PASS">
          <reporter-output>
          </reporter-output>
        </test-method> <!-- beforeMethod -->
        <test-method signature="C374_verifycheckmsgdisplay(java.lang.String)[pri:2, instance:icivics_testcases.Icivics12_StudentRegistration3Email_Test@6f53b8a]" started-at="2022-07-02T21:51:13 IST" name="C374_verifycheckmsgdisplay" data-provider="fetchData" finished-at="2022-07-02T21:51:29 IST" duration-ms="15653" status="PASS">
          <params>
            <param index="0">
              <value>
                <![CDATA[https://staging.d9.icivics.org/user/register?role=student&email=1]]>
              </value>
            </param>
          </params>
          <reporter-output>
          </reporter-output>
        </test-method> <!-- C374_verifycheckmsgdisplay -->
        <test-method is-config="true" signature="afterMethod()[pri:0, instance:icivics_testcases.Icivics12_StudentRegistration3Email_Test@6f53b8a]" started-at="2022-07-02T21:51:29 IST" name="afterMethod" finished-at="2022-07-02T21:51:29 IST" duration-ms="313" status="PASS">
          <reporter-output>
          </reporter-output>
        </test-method> <!-- afterMethod -->
        <test-method is-config="true" signature="beforeMethod()[pri:0, instance:icivics_testcases.Icivics12_StudentRegistration3Email_Test@6f53b8a]" started-at="2022-07-02T21:51:29 IST" name="beforeMethod" finished-at="2022-07-02T21:51:30 IST" duration-ms="999" status="PASS">
          <reporter-output>
          </reporter-output>
        </test-method> <!-- beforeMethod -->
        <test-method signature="C375_verifyregisteredemaildisplay(java.lang.String)[pri:2, instance:icivics_testcases.Icivics12_StudentRegistration3Email_Test@6f53b8a]" started-at="2022-07-02T21:51:30 IST" name="C375_verifyregisteredemaildisplay" data-provider="fetchData" finished-at="2022-07-02T21:51:46 IST" duration-ms="15706" status="PASS">
          <params>
            <param index="0">
              <value>
                <![CDATA[https://staging.d9.icivics.org/user/register?role=student&email=1]]>
              </value>
            </param>
          </params>
          <reporter-output>
          </reporter-output>
        </test-method> <!-- C375_verifyregisteredemaildisplay -->
        <test-method is-config="true" signature="afterMethod()[pri:0, instance:icivics_testcases.Icivics12_StudentRegistration3Email_Test@6f53b8a]" started-at="2022-07-02T21:51:46 IST" name="afterMethod" finished-at="2022-07-02T21:51:46 IST" duration-ms="337" status="PASS">
          <reporter-output>
          </reporter-output>
        </test-method> <!-- afterMethod -->
        <test-method is-config="true" signature="beforeMethod()[pri:0, instance:icivics_testcases.Icivics12_StudentRegistration3Email_Test@6f53b8a]" started-at="2022-07-02T21:51:46 IST" name="beforeMethod" finished-at="2022-07-02T21:51:47 IST" duration-ms="1054" status="PASS">
          <reporter-output>
          </reporter-output>
        </test-method> <!-- beforeMethod -->
        <test-method signature="C376_verifyresendbutton(java.lang.String)[pri:2, instance:icivics_testcases.Icivics12_StudentRegistration3Email_Test@6f53b8a]" started-at="2022-07-02T21:51:47 IST" name="C376_verifyresendbutton" data-provider="fetchData" finished-at="2022-07-02T21:52:09 IST" duration-ms="21615" status="PASS">
          <params>
            <param index="0">
              <value>
                <![CDATA[https://staging.d9.icivics.org/user/register?role=student&email=1]]>
              </value>
            </param>
          </params>
          <reporter-output>
          </reporter-output>
        </test-method> <!-- C376_verifyresendbutton -->
        <test-method is-config="true" signature="afterMethod()[pri:0, instance:icivics_testcases.Icivics12_StudentRegistration3Email_Test@6f53b8a]" started-at="2022-07-02T21:52:09 IST" name="afterMethod" finished-at="2022-07-02T21:52:09 IST" duration-ms="324" status="PASS">
          <reporter-output>
          </reporter-output>
        </test-method> <!-- afterMethod -->
        <test-method is-config="true" signature="beforeMethod()[pri:0, instance:icivics_testcases.Icivics12_StudentRegistration3Email_Test@6f53b8a]" started-at="2022-07-02T21:52:09 IST" name="beforeMethod" finished-at="2022-07-02T21:52:10 IST" duration-ms="1042" status="PASS">
          <reporter-output>
          </reporter-output>
        </test-method> <!-- beforeMethod -->
        <test-method signature="C377_verifyconfirmationemail(java.lang.String)[pri:2, instance:icivics_testcases.Icivics12_StudentRegistration3Email_Test@6f53b8a]" started-at="2022-07-02T21:52:10 IST" name="C377_verifyconfirmationemail" data-provider="fetchData" finished-at="2022-07-02T21:52:31 IST" duration-ms="21372" status="PASS">
          <params>
            <param index="0">
              <value>
                <![CDATA[https://staging.d9.icivics.org/user/register?role=student&email=1]]>
              </value>
            </param>
          </params>
          <reporter-output>
          </reporter-output>
        </test-method> <!-- C377_verifyconfirmationemail -->
        <test-method is-config="true" signature="afterMethod()[pri:0, instance:icivics_testcases.Icivics12_StudentRegistration3Email_Test@6f53b8a]" started-at="2022-07-02T21:52:31 IST" name="afterMethod" finished-at="2022-07-02T21:52:32 IST" duration-ms="336" status="PASS">
          <reporter-output>
          </reporter-output>
        </test-method> <!-- afterMethod -->
        <test-method is-config="true" signature="tearDownClass()[pri:0, instance:icivics_testcases.Icivics12_StudentRegistration3Email_Test@6f53b8a]" started-at="2022-07-02T21:52:32 IST" name="tearDownClass" finished-at="2022-07-02T21:52:32 IST" duration-ms="1" status="PASS">
          <reporter-output>
          </reporter-output>
        </test-method> <!-- tearDownClass -->
      </class> <!-- icivics_testcases.Icivics12_StudentRegistration3Email_Test -->
      <class name="icivics_testcases.Icivics3_EducatorRegistration2_Test">
        <test-method is-config="true" signature="setValues()[pri:0, instance:icivics_testcases.Icivics3_EducatorRegistration2_Test@70cf32e3]" started-at="2022-07-02T21:02:32 IST" name="setValues" finished-at="2022-07-02T21:02:32 IST" duration-ms="0" status="PASS">
          <reporter-output>
          </reporter-output>
        </test-method> <!-- setValues -->
        <test-method is-config="true" signature="setUpClass()[pri:0, instance:icivics_testcases.Icivics3_EducatorRegistration2_Test@70cf32e3]" started-at="2022-07-02T21:17:04 IST" name="setUpClass" finished-at="2022-07-02T21:17:04 IST" duration-ms="1" status="PASS">
          <reporter-output>
          </reporter-output>
        </test-method> <!-- setUpClass -->
        <test-method is-config="true" signature="report()[pri:0, instance:icivics_testcases.Icivics3_EducatorRegistration2_Test@70cf32e3]" started-at="2022-07-02T21:17:04 IST" name="report" finished-at="2022-07-02T21:17:04 IST" duration-ms="0" status="PASS">
          <reporter-output>
          </reporter-output>
        </test-method> <!-- report -->
        <test-method is-config="true" signature="beforeMethod()[pri:0, instance:icivics_testcases.Icivics3_EducatorRegistration2_Test@70cf32e3]" started-at="2022-07-02T21:17:04 IST" name="beforeMethod" finished-at="2022-07-02T21:17:06 IST" duration-ms="1184" status="PASS">
          <reporter-output>
          </reporter-output>
        </test-method> <!-- beforeMethod -->
        <test-method signature="C338_verifybreadcrumbspage1(java.lang.String)[pri:0, instance:icivics_testcases.Icivics3_EducatorRegistration2_Test@70cf32e3]" started-at="2022-07-02T21:17:06 IST" name="C338_verifybreadcrumbspage1" data-provider="fetchData" finished-at="2022-07-02T21:17:13 IST" duration-ms="7722" status="PASS">
          <params>
            <param index="0">
              <value>
                <![CDATA[https://staging.d9.icivics.org/user/register?role=teacher]]>
              </value>
            </param>
          </params>
          <reporter-output>
          </reporter-output>
        </test-method> <!-- C338_verifybreadcrumbspage1 -->
        <test-method is-config="true" signature="afterMethod()[pri:0, instance:icivics_testcases.Icivics3_EducatorRegistration2_Test@70cf32e3]" started-at="2022-07-02T21:17:13 IST" name="afterMethod" finished-at="2022-07-02T21:17:14 IST" duration-ms="315" status="PASS">
          <reporter-output>
          </reporter-output>
        </test-method> <!-- afterMethod -->
        <test-method is-config="true" signature="beforeMethod()[pri:0, instance:icivics_testcases.Icivics3_EducatorRegistration2_Test@70cf32e3]" started-at="2022-07-02T21:17:14 IST" name="beforeMethod" finished-at="2022-07-02T21:17:15 IST" duration-ms="1283" status="PASS">
          <reporter-output>
          </reporter-output>
        </test-method> <!-- beforeMethod -->
        <test-method signature="C339_verifypreviouspage(java.lang.String)[pri:1, instance:icivics_testcases.Icivics3_EducatorRegistration2_Test@70cf32e3]" started-at="2022-07-02T21:17:15 IST" name="C339_verifypreviouspage" data-provider="fetchData" finished-at="2022-07-02T21:17:26 IST" duration-ms="11174" status="PASS">
          <params>
            <param index="0">
              <value>
                <![CDATA[https://staging.d9.icivics.org/user/register?role=teacher]]>
              </value>
            </param>
          </params>
          <reporter-output>
          </reporter-output>
        </test-method> <!-- C339_verifypreviouspage -->
        <test-method is-config="true" signature="afterMethod()[pri:0, instance:icivics_testcases.Icivics3_EducatorRegistration2_Test@70cf32e3]" started-at="2022-07-02T21:17:26 IST" name="afterMethod" finished-at="2022-07-02T21:17:27 IST" duration-ms="1298" status="PASS">
          <reporter-output>
          </reporter-output>
        </test-method> <!-- afterMethod -->
        <test-method is-config="true" signature="beforeMethod()[pri:0, instance:icivics_testcases.Icivics3_EducatorRegistration2_Test@70cf32e3]" started-at="2022-07-02T21:17:27 IST" name="beforeMethod" finished-at="2022-07-02T21:17:29 IST" duration-ms="1128" status="PASS">
          <reporter-output>
          </reporter-output>
        </test-method> <!-- beforeMethod -->
        <test-method signature="C340_verifyalldataremembered(java.lang.String)[pri:2, instance:icivics_testcases.Icivics3_EducatorRegistration2_Test@70cf32e3]" started-at="2022-07-02T21:17:29 IST" name="C340_verifyalldataremembered" data-provider="fetchData" finished-at="2022-07-02T21:17:44 IST" duration-ms="14980" status="PASS">
          <params>
            <param index="0">
              <value>
                <![CDATA[https://staging.d9.icivics.org/user/register?role=teacher]]>
              </value>
            </param>
          </params>
          <reporter-output>
          </reporter-output>
        </test-method> <!-- C340_verifyalldataremembered -->
        <test-method is-config="true" signature="afterMethod()[pri:0, instance:icivics_testcases.Icivics3_EducatorRegistration2_Test@70cf32e3]" started-at="2022-07-02T21:17:44 IST" name="afterMethod" finished-at="2022-07-02T21:17:44 IST" duration-ms="408" status="PASS">
          <reporter-output>
          </reporter-output>
        </test-method> <!-- afterMethod -->
        <test-method is-config="true" signature="beforeMethod()[pri:0, instance:icivics_testcases.Icivics3_EducatorRegistration2_Test@70cf32e3]" started-at="2022-07-02T21:17:44 IST" name="beforeMethod" finished-at="2022-07-02T21:17:45 IST" duration-ms="1263" status="PASS">
          <reporter-output>
          </reporter-output>
        </test-method> <!-- beforeMethod -->
        <test-method signature="C341_verifyRoleandGradeLevel(java.lang.String)[pri:3, instance:icivics_testcases.Icivics3_EducatorRegistration2_Test@70cf32e3]" started-at="2022-07-02T21:17:45 IST" name="C341_verifyRoleandGradeLevel" data-provider="fetchData" finished-at="2022-07-02T21:18:04 IST" duration-ms="18858" status="PASS">
          <params>
            <param index="0">
              <value>
                <![CDATA[https://staging.d9.icivics.org/user/register?role=teacher]]>
              </value>
            </param>
          </params>
          <reporter-output>
          </reporter-output>
        </test-method> <!-- C341_verifyRoleandGradeLevel -->
        <test-method is-config="true" signature="afterMethod()[pri:0, instance:icivics_testcases.Icivics3_EducatorRegistration2_Test@70cf32e3]" started-at="2022-07-02T21:18:04 IST" name="afterMethod" finished-at="2022-07-02T21:18:05 IST" duration-ms="455" status="PASS">
          <reporter-output>
          </reporter-output>
        </test-method> <!-- afterMethod -->
        <test-method is-config="true" signature="beforeMethod()[pri:0, instance:icivics_testcases.Icivics3_EducatorRegistration2_Test@70cf32e3]" started-at="2022-07-02T21:18:05 IST" name="beforeMethod" finished-at="2022-07-02T21:18:06 IST" duration-ms="1192" status="PASS">
          <reporter-output>
          </reporter-output>
        </test-method> <!-- beforeMethod -->
        <test-method signature="C342_verifymakeselection(java.lang.String)[pri:4, instance:icivics_testcases.Icivics3_EducatorRegistration2_Test@70cf32e3]" started-at="2022-07-02T21:18:06 IST" name="C342_verifymakeselection" data-provider="fetchData" finished-at="2022-07-02T21:18:25 IST" duration-ms="18916" status="PASS">
          <params>
            <param index="0">
              <value>
                <![CDATA[https://staging.d9.icivics.org/user/register?role=teacher]]>
              </value>
            </param>
          </params>
          <reporter-output>
          </reporter-output>
        </test-method> <!-- C342_verifymakeselection -->
        <test-method is-config="true" signature="afterMethod()[pri:0, instance:icivics_testcases.Icivics3_EducatorRegistration2_Test@70cf32e3]" started-at="2022-07-02T21:18:25 IST" name="afterMethod" finished-at="2022-07-02T21:18:25 IST" duration-ms="302" status="PASS">
          <reporter-output>
          </reporter-output>
        </test-method> <!-- afterMethod -->
        <test-method is-config="true" signature="beforeMethod()[pri:0, instance:icivics_testcases.Icivics3_EducatorRegistration2_Test@70cf32e3]" started-at="2022-07-02T21:18:25 IST" name="beforeMethod" finished-at="2022-07-02T21:18:26 IST" duration-ms="1249" status="PASS">
          <reporter-output>
          </reporter-output>
        </test-method> <!-- beforeMethod -->
        <test-method signature="C343_verifyotheradditionalfield(java.lang.String)[pri:5, instance:icivics_testcases.Icivics3_EducatorRegistration2_Test@70cf32e3]" started-at="2022-07-02T21:18:26 IST" name="C343_verifyotheradditionalfield" data-provider="fetchData" finished-at="2022-07-02T21:18:38 IST" duration-ms="11481" status="PASS">
          <params>
            <param index="0">
              <value>
                <![CDATA[https://staging.d9.icivics.org/user/register?role=teacher]]>
              </value>
            </param>
          </params>
          <reporter-output>
          </reporter-output>
        </test-method> <!-- C343_verifyotheradditionalfield -->
        <test-method is-config="true" signature="afterMethod()[pri:0, instance:icivics_testcases.Icivics3_EducatorRegistration2_Test@70cf32e3]" started-at="2022-07-02T21:18:38 IST" name="afterMethod" finished-at="2022-07-02T21:18:38 IST" duration-ms="375" status="PASS">
          <reporter-output>
          </reporter-output>
        </test-method> <!-- afterMethod -->
        <test-method is-config="true" signature="beforeMethod()[pri:0, instance:icivics_testcases.Icivics3_EducatorRegistration2_Test@70cf32e3]" started-at="2022-07-02T21:18:38 IST" name="beforeMethod" finished-at="2022-07-02T21:18:39 IST" duration-ms="1174" status="PASS">
          <reporter-output>
          </reporter-output>
        </test-method> <!-- beforeMethod -->
        <test-method signature="C344_verifyasterisk(java.lang.String)[pri:6, instance:icivics_testcases.Icivics3_EducatorRegistration2_Test@70cf32e3]" started-at="2022-07-02T21:18:39 IST" name="C344_verifyasterisk" data-provider="fetchData" finished-at="2022-07-02T21:18:47 IST" duration-ms="8078" status="PASS">
          <params>
            <param index="0">
              <value>
                <![CDATA[https://staging.d9.icivics.org/user/register?role=teacher]]>
              </value>
            </param>
          </params>
          <reporter-output>
          </reporter-output>
        </test-method> <!-- C344_verifyasterisk -->
        <test-method is-config="true" signature="afterMethod()[pri:0, instance:icivics_testcases.Icivics3_EducatorRegistration2_Test@70cf32e3]" started-at="2022-07-02T21:18:47 IST" name="afterMethod" finished-at="2022-07-02T21:18:48 IST" duration-ms="320" status="PASS">
          <reporter-output>
          </reporter-output>
        </test-method> <!-- afterMethod -->
        <test-method is-config="true" signature="beforeMethod()[pri:0, instance:icivics_testcases.Icivics3_EducatorRegistration2_Test@70cf32e3]" started-at="2022-07-02T21:18:48 IST" name="beforeMethod" finished-at="2022-07-02T21:18:49 IST" duration-ms="1164" status="PASS">
          <reporter-output>
          </reporter-output>
        </test-method> <!-- beforeMethod -->
        <test-method signature="C345_verifyblankerrormsg(java.lang.String)[pri:7, instance:icivics_testcases.Icivics3_EducatorRegistration2_Test@70cf32e3]" started-at="2022-07-02T21:18:49 IST" name="C345_verifyblankerrormsg" data-provider="fetchData" finished-at="2022-07-02T21:19:37 IST" duration-ms="48291" status="PASS">
          <params>
            <param index="0">
              <value>
                <![CDATA[https://staging.d9.icivics.org/user/register?role=teacher]]>
              </value>
            </param>
          </params>
          <reporter-output>
          </reporter-output>
        </test-method> <!-- C345_verifyblankerrormsg -->
        <test-method is-config="true" signature="afterMethod()[pri:0, instance:icivics_testcases.Icivics3_EducatorRegistration2_Test@70cf32e3]" started-at="2022-07-02T21:19:37 IST" name="afterMethod" finished-at="2022-07-02T21:19:38 IST" duration-ms="366" status="PASS">
          <reporter-output>
          </reporter-output>
        </test-method> <!-- afterMethod -->
        <test-method is-config="true" signature="beforeMethod()[pri:0, instance:icivics_testcases.Icivics3_EducatorRegistration2_Test@70cf32e3]" started-at="2022-07-02T21:19:38 IST" name="beforeMethod" finished-at="2022-07-02T21:19:39 IST" duration-ms="1228" status="PASS">
          <reporter-output>
          </reporter-output>
        </test-method> <!-- beforeMethod -->
        <test-method signature="C346_verifyerrormsgboxcolor(java.lang.String)[pri:8, instance:icivics_testcases.Icivics3_EducatorRegistration2_Test@70cf32e3]" started-at="2022-07-02T21:19:39 IST" name="C346_verifyerrormsgboxcolor" data-provider="fetchData" finished-at="2022-07-02T21:19:49 IST" duration-ms="10504" status="PASS">
          <params>
            <param index="0">
              <value>
                <![CDATA[https://staging.d9.icivics.org/user/register?role=teacher]]>
              </value>
            </param>
          </params>
          <reporter-output>
          </reporter-output>
        </test-method> <!-- C346_verifyerrormsgboxcolor -->
        <test-method is-config="true" signature="afterMethod()[pri:0, instance:icivics_testcases.Icivics3_EducatorRegistration2_Test@70cf32e3]" started-at="2022-07-02T21:19:49 IST" name="afterMethod" finished-at="2022-07-02T21:19:50 IST" duration-ms="386" status="PASS">
          <reporter-output>
          </reporter-output>
        </test-method> <!-- afterMethod -->
        <test-method is-config="true" signature="beforeMethod()[pri:0, instance:icivics_testcases.Icivics3_EducatorRegistration2_Test@70cf32e3]" started-at="2022-07-02T21:19:50 IST" name="beforeMethod" finished-at="2022-07-02T21:19:51 IST" duration-ms="1112" status="PASS">
          <reporter-output>
          </reporter-output>
        </test-method> <!-- beforeMethod -->
        <test-method signature="C347_verifyvalidsubmission(java.lang.String)[pri:9, instance:icivics_testcases.Icivics3_EducatorRegistration2_Test@70cf32e3]" started-at="2022-07-02T21:19:51 IST" name="C347_verifyvalidsubmission" data-provider="fetchData" finished-at="2022-07-02T21:20:14 IST" duration-ms="22675" status="PASS">
          <params>
            <param index="0">
              <value>
                <![CDATA[https://staging.d9.icivics.org/user/register?role=teacher]]>
              </value>
            </param>
          </params>
          <reporter-output>
          </reporter-output>
        </test-method> <!-- C347_verifyvalidsubmission -->
        <test-method is-config="true" signature="afterMethod()[pri:0, instance:icivics_testcases.Icivics3_EducatorRegistration2_Test@70cf32e3]" started-at="2022-07-02T21:20:14 IST" name="afterMethod" finished-at="2022-07-02T21:20:14 IST" duration-ms="346" status="PASS">
          <reporter-output>
          </reporter-output>
        </test-method> <!-- afterMethod -->
        <test-method is-config="true" signature="tearDownClass()[pri:0, instance:icivics_testcases.Icivics3_EducatorRegistration2_Test@70cf32e3]" started-at="2022-07-02T21:20:14 IST" name="tearDownClass" finished-at="2022-07-02T21:20:14 IST" duration-ms="1" status="PASS">
          <reporter-output>
          </reporter-output>
        </test-method> <!-- tearDownClass -->
      </class> <!-- icivics_testcases.Icivics3_EducatorRegistration2_Test -->
      <class name="icivics_testcases.Icivics1_EducatorRegistration_Test">
        <test-method is-config="true" signature="startReport()[pri:0, instance:icivics_testcases.Icivics1_EducatorRegistration_Test@25be7b63]" started-at="2022-07-02T21:02:32 IST" name="startReport" finished-at="2022-07-02T21:02:32 IST" duration-ms="290" status="PASS">
          <reporter-output>
          </reporter-output>
        </test-method> <!-- startReport -->
        <test-method is-config="true" signature="setValues()[pri:0, instance:icivics_testcases.Icivics1_EducatorRegistration_Test@25be7b63]" started-at="2022-07-02T21:02:32 IST" name="setValues" finished-at="2022-07-02T21:02:32 IST" duration-ms="0" status="PASS">
          <reporter-output>
          </reporter-output>
        </test-method> <!-- setValues -->
        <test-method is-config="true" signature="setUpClass()[pri:0, instance:icivics_testcases.Icivics1_EducatorRegistration_Test@25be7b63]" started-at="2022-07-02T21:02:32 IST" name="setUpClass" finished-at="2022-07-02T21:02:32 IST" duration-ms="175" status="PASS">
          <reporter-output>
          </reporter-output>
        </test-method> <!-- setUpClass -->
        <test-method is-config="true" signature="report()[pri:0, instance:icivics_testcases.Icivics1_EducatorRegistration_Test@25be7b63]" started-at="2022-07-02T21:02:32 IST" name="report" finished-at="2022-07-02T21:02:32 IST" duration-ms="4" status="PASS">
          <reporter-output>
          </reporter-output>
        </test-method> <!-- report -->
        <test-method is-config="true" signature="beforeMethod()[pri:0, instance:icivics_testcases.Icivics1_EducatorRegistration_Test@25be7b63]" started-at="2022-07-02T21:02:33 IST" name="beforeMethod" finished-at="2022-07-02T21:02:38 IST" duration-ms="4608" status="PASS">
          <reporter-output>
          </reporter-output>
        </test-method> <!-- beforeMethod -->
        <test-method signature="C321_VerifyallpageElements(java.lang.String)[pri:0, instance:icivics_testcases.Icivics1_EducatorRegistration_Test@25be7b63]" started-at="2022-07-02T21:02:38 IST" name="C321_VerifyallpageElements" data-provider="fetchData" finished-at="2022-07-02T21:02:58 IST" duration-ms="20449" status="PASS">
          <params>
            <param index="0">
              <value>
                <![CDATA[https://staging.d9.icivics.org/user/register?role=teacher]]>
              </value>
            </param>
          </params>
          <reporter-output>
          </reporter-output>
        </test-method> <!-- C321_VerifyallpageElements -->
        <test-method is-config="true" signature="afterMethod()[pri:0, instance:icivics_testcases.Icivics1_EducatorRegistration_Test@25be7b63]" started-at="2022-07-02T21:02:58 IST" name="afterMethod" finished-at="2022-07-02T21:02:59 IST" duration-ms="457" status="PASS">
          <reporter-output>
          </reporter-output>
        </test-method> <!-- afterMethod -->
        <test-method is-config="true" signature="beforeMethod()[pri:0, instance:icivics_testcases.Icivics1_EducatorRegistration_Test@25be7b63]" started-at="2022-07-02T21:02:59 IST" name="beforeMethod" finished-at="2022-07-02T21:03:00 IST" duration-ms="1438" status="PASS">
          <reporter-output>
          </reporter-output>
        </test-method> <!-- beforeMethod -->
        <test-method signature="C322_ButtonHover(java.lang.String)[pri:1, instance:icivics_testcases.Icivics1_EducatorRegistration_Test@25be7b63]" started-at="2022-07-02T21:03:00 IST" name="C322_ButtonHover" data-provider="fetchData" finished-at="2022-07-02T21:03:29 IST" duration-ms="28967" status="PASS">
          <params>
            <param index="0">
              <value>
                <![CDATA[https://staging.d9.icivics.org/user/register?role=teacher]]>
              </value>
            </param>
          </params>
          <reporter-output>
          </reporter-output>
        </test-method> <!-- C322_ButtonHover -->
        <test-method is-config="true" signature="afterMethod()[pri:0, instance:icivics_testcases.Icivics1_EducatorRegistration_Test@25be7b63]" started-at="2022-07-02T21:03:29 IST" name="afterMethod" finished-at="2022-07-02T21:03:30 IST" duration-ms="414" status="PASS">
          <reporter-output>
          </reporter-output>
        </test-method> <!-- afterMethod -->
        <test-method is-config="true" signature="beforeMethod()[pri:0, instance:icivics_testcases.Icivics1_EducatorRegistration_Test@25be7b63]" started-at="2022-07-02T21:03:30 IST" name="beforeMethod" finished-at="2022-07-02T21:03:31 IST" duration-ms="1226" status="PASS">
          <reporter-output>
          </reporter-output>
        </test-method> <!-- beforeMethod -->
        <test-method signature="C323_Verifyallbuttonlinks(java.lang.String)[pri:2, instance:icivics_testcases.Icivics1_EducatorRegistration_Test@25be7b63]" started-at="2022-07-02T21:03:31 IST" name="C323_Verifyallbuttonlinks" data-provider="fetchData" finished-at="2022-07-02T21:13:56 IST" duration-ms="625129" status="PASS">
          <params>
            <param index="0">
              <value>
                <![CDATA[https://staging.d9.icivics.org/user/register?role=teacher]]>
              </value>
            </param>
          </params>
          <reporter-output>
          </reporter-output>
        </test-method> <!-- C323_Verifyallbuttonlinks -->
        <test-method is-config="true" signature="afterMethod()[pri:0, instance:icivics_testcases.Icivics1_EducatorRegistration_Test@25be7b63]" started-at="2022-07-02T21:13:56 IST" name="afterMethod" finished-at="2022-07-02T21:13:57 IST" duration-ms="797" status="PASS">
          <reporter-output>
          </reporter-output>
        </test-method> <!-- afterMethod -->
[...]
          <reporter-output>
          </reporter-output>
        </test-method> <!-- afterMethod -->
        <test-method is-config="true" signature="beforeMethod()[pri:0, instance:icivics_testcases.Icivics5_EducatorRegistration4_Test@4bdeaabb]" started-at="2022-07-02T21:28:26 IST" name="beforeMethod" finished-at="2022-07-02T21:28:27 IST" duration-ms="1241" status="PASS">
          <reporter-output>
          </reporter-output>
        </test-method> <!-- beforeMethod -->
        <test-method signature="C368_verifyallfieldswithinvaliddata(java.lang.String)[pri:10, instance:icivics_testcases.Icivics5_EducatorRegistration4_Test@4bdeaabb]" started-at="2022-07-02T21:28:27 IST" name="C368_verifyallfieldswithinvaliddata" data-provider="fetchData" finished-at="2022-07-02T21:28:58 IST" duration-ms="30971" status="PASS">
          <params>
            <param index="0">
              <value>
                <![CDATA[https://staging.d9.icivics.org/user/register?role=teacher]]>
              </value>
            </param>
          </params>
          <reporter-output>
          </reporter-output>
        </test-method> <!-- C368_verifyallfieldswithinvaliddata -->
        <test-method is-config="true" signature="afterMethod()[pri:0, instance:icivics_testcases.Icivics5_EducatorRegistration4_Test@4bdeaabb]" started-at="2022-07-02T21:28:58 IST" name="afterMethod" finished-at="2022-07-02T21:28:58 IST" duration-ms="439" status="PASS">
          <reporter-output>
          </reporter-output>
        </test-method> <!-- afterMethod -->
        <test-method is-config="true" signature="beforeMethod()[pri:0, instance:icivics_testcases.Icivics5_EducatorRegistration4_Test@4bdeaabb]" started-at="2022-07-02T21:28:58 IST" name="beforeMethod" finished-at="2022-07-02T21:29:00 IST" duration-ms="1286" status="PASS">
          <reporter-output>
          </reporter-output>
        </test-method> <!-- beforeMethod -->
        <test-method signature="C369_verifyallfieldswithblankdata(java.lang.String)[pri:11, instance:icivics_testcases.Icivics5_EducatorRegistration4_Test@4bdeaabb]" started-at="2022-07-02T21:29:00 IST" name="C369_verifyallfieldswithblankdata" data-provider="fetchData" finished-at="2022-07-02T21:29:26 IST" duration-ms="25993" status="PASS">
          <params>
            <param index="0">
              <value>
                <![CDATA[https://staging.d9.icivics.org/user/register?role=teacher]]>
              </value>
            </param>
          </params>
          <reporter-output>
          </reporter-output>
        </test-method> <!-- C369_verifyallfieldswithblankdata -->
        <test-method is-config="true" signature="afterMethod()[pri:0, instance:icivics_testcases.Icivics5_EducatorRegistration4_Test@4bdeaabb]" started-at="2022-07-02T21:29:26 IST" name="afterMethod" finished-at="2022-07-02T21:29:26 IST" duration-ms="523" status="PASS">
          <reporter-output>
          </reporter-output>
        </test-method> <!-- afterMethod -->
        <test-method is-config="true" signature="beforeMethod()[pri:0, instance:icivics_testcases.Icivics5_EducatorRegistration4_Test@4bdeaabb]" started-at="2022-07-02T21:29:26 IST" name="beforeMethod" finished-at="2022-07-02T21:29:27 IST" duration-ms="1268" status="PASS">
          <reporter-output>
          </reporter-output>
        </test-method> <!-- beforeMethod -->
        <test-method signature="C370_verifyallfieldswithblankandinvaliddata(java.lang.String)[pri:12, instance:icivics_testcases.Icivics5_EducatorRegistration4_Test@4bdeaabb]" started-at="2022-07-02T21:29:27 IST" name="C370_verifyallfieldswithblankandinvaliddata" data-provider="fetchData" finished-at="2022-07-02T21:29:57 IST" duration-ms="29236" status="PASS">
          <params>
            <param index="0">
              <value>
                <![CDATA[https://staging.d9.icivics.org/user/register?role=teacher]]>
              </value>
            </param>
          </params>
          <reporter-output>
          </reporter-output>
        </test-method> <!-- C370_verifyallfieldswithblankandinvaliddata -->
        <test-method is-config="true" signature="afterMethod()[pri:0, instance:icivics_testcases.Icivics5_EducatorRegistration4_Test@4bdeaabb]" started-at="2022-07-02T21:29:57 IST" name="afterMethod" finished-at="2022-07-02T21:29:57 IST" duration-ms="513" status="PASS">
          <reporter-output>
          </reporter-output>
        </test-method> <!-- afterMethod -->
        <test-method is-config="true" signature="beforeMethod()[pri:0, instance:icivics_testcases.Icivics5_EducatorRegistration4_Test@4bdeaabb]" started-at="2022-07-02T21:29:57 IST" name="beforeMethod" finished-at="2022-07-02T21:29:58 IST" duration-ms="1278" status="PASS">
          <reporter-output>
          </reporter-output>
        </test-method> <!-- beforeMethod -->
        <test-method signature="C371_verifyvalidsubmission(java.lang.String)[pri:13, instance:icivics_testcases.Icivics5_EducatorRegistration4_Test@4bdeaabb]" started-at="2022-07-02T21:29:58 IST" name="C371_verifyvalidsubmission" data-provider="fetchData" finished-at="2022-07-02T21:30:30 IST" duration-ms="31468" status="PASS">
          <params>
            <param index="0">
              <value>
                <![CDATA[https://staging.d9.icivics.org/user/register?role=teacher]]>
              </value>
            </param>
          </params>
          <reporter-output>
          </reporter-output>
        </test-method> <!-- C371_verifyvalidsubmission -->
        <test-method is-config="true" signature="afterMethod()[pri:0, instance:icivics_testcases.Icivics5_EducatorRegistration4_Test@4bdeaabb]" started-at="2022-07-02T21:30:30 IST" name="afterMethod" finished-at="2022-07-02T21:30:30 IST" duration-ms="367" status="PASS">
          <reporter-output>
          </reporter-output>
        </test-method> <!-- afterMethod -->
        <test-method is-config="true" signature="tearDownClass()[pri:0, instance:icivics_testcases.Icivics5_EducatorRegistration4_Test@4bdeaabb]" started-at="2022-07-02T21:30:30 IST" name="tearDownClass" finished-at="2022-07-02T21:30:30 IST" duration-ms="0" status="PASS">
          <reporter-output>
          </reporter-output>
        </test-method> <!-- tearDownClass -->
      </class> <!-- icivics_testcases.Icivics5_EducatorRegistration4_Test -->
      <class name="icivics_testcases.Icivics17_HP_3Headerteach2_Test">
        <test-method is-config="true" signature="setValues()[pri:0, instance:icivics_testcases.Icivics17_HP_3Headerteach2_Test@673fdbce]" started-at="2022-07-02T21:02:32 IST" name="setValues" finished-at="2022-07-02T21:02:32 IST" duration-ms="0" status="PASS">
          <reporter-output>
          </reporter-output>
        </test-method> <!-- setValues -->
        <test-method is-config="true" signature="setUpClass()[pri:0, instance:icivics_testcases.Icivics17_HP_3Headerteach2_Test@673fdbce]" started-at="2022-07-02T22:20:14 IST" name="setUpClass" finished-at="2022-07-02T22:20:14 IST" duration-ms="1" status="PASS">
          <reporter-output>
          </reporter-output>
        </test-method> <!-- setUpClass -->
        <test-method is-config="true" signature="report()[pri:0, instance:icivics_testcases.Icivics17_HP_3Headerteach2_Test@673fdbce]" started-at="2022-07-02T22:20:14 IST" name="report" finished-at="2022-07-02T22:20:14 IST" duration-ms="0" status="PASS">
          <reporter-output>
          </reporter-output>
        </test-method> <!-- report -->
        <test-method is-config="true" signature="beforeMethod()[pri:0, instance:icivics_testcases.Icivics17_HP_3Headerteach2_Test@673fdbce]" started-at="2022-07-02T22:20:15 IST" name="beforeMethod" finished-at="2022-07-02T22:20:16 IST" duration-ms="1030" status="PASS">
          <reporter-output>
          </reporter-output>
        </test-method> <!-- beforeMethod -->
        <test-method signature="C19_Verifyteachsubmenu(java.lang.String)[pri:0, instance:icivics_testcases.Icivics17_HP_3Headerteach2_Test@673fdbce]" started-at="2022-07-02T22:20:16 IST" name="C19_Verifyteachsubmenu" data-provider="fetchData" finished-at="2022-07-02T22:22:19 IST" duration-ms="123325" status="PASS">
          <params>
            <param index="0">
              <value>
                <![CDATA[https://staging.d9.icivics.org/teachers]]>
              </value>
            </param>
          </params>
          <reporter-output>
          </reporter-output>
        </test-method> <!-- C19_Verifyteachsubmenu -->
        <test-method is-config="true" signature="afterMethod()[pri:0, instance:icivics_testcases.Icivics17_HP_3Headerteach2_Test@673fdbce]" started-at="2022-07-02T22:22:19 IST" name="afterMethod" finished-at="2022-07-02T22:22:19 IST" duration-ms="348" status="PASS">
          <reporter-output>
          </reporter-output>
        </test-method> <!-- afterMethod -->
        <test-method is-config="true" signature="tearDownClass()[pri:0, instance:icivics_testcases.Icivics17_HP_3Headerteach2_Test@673fdbce]" started-at="2022-07-02T22:22:19 IST" name="tearDownClass" finished-at="2022-07-02T22:22:19 IST" duration-ms="0" status="PASS">
          <reporter-output>
          </reporter-output>
        </test-method> <!-- tearDownClass -->
      </class> <!-- icivics_testcases.Icivics17_HP_3Headerteach2_Test -->
      <class name="icivics_testcases.Icivics11_StudentRegistration3classcode_Test">
        <test-method is-config="true" signature="setValues()[pri:0, instance:icivics_testcases.Icivics11_StudentRegistration3classcode_Test@4d1bf319]" started-at="2022-07-02T21:02:32 IST" name="setValues" finished-at="2022-07-02T21:02:32 IST" duration-ms="0" status="PASS">
          <reporter-output>
          </reporter-output>
        </test-method> <!-- setValues -->
        <test-method is-config="true" signature="setUpClass()[pri:0, instance:icivics_testcases.Icivics11_StudentRegistration3classcode_Test@4d1bf319]" started-at="2022-07-02T21:47:18 IST" name="setUpClass" finished-at="2022-07-02T21:47:18 IST" duration-ms="0" status="PASS">
          <reporter-output>
          </reporter-output>
        </test-method> <!-- setUpClass -->
        <test-method is-config="true" signature="report()[pri:0, instance:icivics_testcases.Icivics11_StudentRegistration3classcode_Test@4d1bf319]" started-at="2022-07-02T21:47:18 IST" name="report" finished-at="2022-07-02T21:47:18 IST" duration-ms="0" status="PASS">
          <reporter-output>
          </reporter-output>
        </test-method> <!-- report -->
        <test-method is-config="true" signature="beforeMethod()[pri:0, instance:icivics_testcases.Icivics11_StudentRegistration3classcode_Test@4d1bf319]" started-at="2022-07-02T21:47:18 IST" name="beforeMethod" finished-at="2022-07-02T21:47:19 IST" duration-ms="1050" status="PASS">
          <reporter-output>
          </reporter-output>
        </test-method> <!-- beforeMethod -->
        <test-method signature="C454_verifypagecount3(java.lang.String)[pri:0, instance:icivics_testcases.Icivics11_StudentRegistration3classcode_Test@4d1bf319]" started-at="2022-07-02T21:47:19 IST" name="C454_verifypagecount3" data-provider="fetchData" finished-at="2022-07-02T21:47:46 IST" duration-ms="27142" status="PASS">
          <params>
            <param index="0">
              <value>
                <![CDATA[https://staging.d9.icivics.org/user/register?role=student]]>
              </value>
            </param>
          </params>
          <reporter-output>
          </reporter-output>
        </test-method> <!-- C454_verifypagecount3 -->
        <test-method is-config="true" signature="afterMethod()[pri:0, instance:icivics_testcases.Icivics11_StudentRegistration3classcode_Test@4d1bf319]" started-at="2022-07-02T21:47:46 IST" name="afterMethod" finished-at="2022-07-02T21:47:46 IST" duration-ms="321" status="PASS">
          <reporter-output>
          </reporter-output>
        </test-method> <!-- afterMethod -->
        <test-method is-config="true" signature="beforeMethod()[pri:0, instance:icivics_testcases.Icivics11_StudentRegistration3classcode_Test@4d1bf319]" started-at="2022-07-02T21:47:46 IST" name="beforeMethod" finished-at="2022-07-02T21:47:47 IST" duration-ms="1043" status="PASS">
          <reporter-output>
          </reporter-output>
        </test-method> <!-- beforeMethod -->
        <test-method signature="C455_verifyusernamegenerateddisplay(java.lang.String)[pri:1, instance:icivics_testcases.Icivics11_StudentRegistration3classcode_Test@4d1bf319]" started-at="2022-07-02T21:47:47 IST" name="C455_verifyusernamegenerateddisplay" data-provider="fetchData" finished-at="2022-07-02T21:48:17 IST" duration-ms="29322" status="PASS">
          <params>
            <param index="0">
              <value>
                <![CDATA[https://staging.d9.icivics.org/user/register?role=student]]>
              </value>
            </param>
          </params>
          <reporter-output>
          </reporter-output>
        </test-method> <!-- C455_verifyusernamegenerateddisplay -->
        <test-method is-config="true" signature="afterMethod()[pri:0, instance:icivics_testcases.Icivics11_StudentRegistration3classcode_Test@4d1bf319]" started-at="2022-07-02T21:48:17 IST" name="afterMethod" finished-at="2022-07-02T21:48:17 IST" duration-ms="343" status="PASS">
          <reporter-output>
          </reporter-output>
        </test-method> <!-- afterMethod -->
        <test-method is-config="true" signature="beforeMethod()[pri:0, instance:icivics_testcases.Icivics11_StudentRegistration3classcode_Test@4d1bf319]" started-at="2022-07-02T21:48:17 IST" name="beforeMethod" finished-at="2022-07-02T21:48:18 IST" duration-ms="1135" status="PASS">
          <reporter-output>
          </reporter-output>
        </test-method> <!-- beforeMethod -->
        <test-method signature="C456_verifyusernametextddisplay(java.lang.String)[pri:2, instance:icivics_testcases.Icivics11_StudentRegistration3classcode_Test@4d1bf319]" started-at="2022-07-02T21:48:18 IST" name="C456_verifyusernametextddisplay" data-provider="fetchData" finished-at="2022-07-02T21:48:46 IST" duration-ms="27281" status="PASS">
          <params>
            <param index="0">
              <value>
                <![CDATA[https://staging.d9.icivics.org/user/register?role=student]]>
              </value>
            </param>
          </params>
          <reporter-output>
          </reporter-output>
        </test-method> <!-- C456_verifyusernametextddisplay -->
        <test-method is-config="true" signature="afterMethod()[pri:0, instance:icivics_testcases.Icivics11_StudentRegistration3classcode_Test@4d1bf319]" started-at="2022-07-02T21:48:46 IST" name="afterMethod" finished-at="2022-07-02T21:48:46 IST" duration-ms="344" status="PASS">
          <reporter-output>
          </reporter-output>
        </test-method> <!-- afterMethod -->
        <test-method is-config="true" signature="beforeMethod()[pri:0, instance:icivics_testcases.Icivics11_StudentRegistration3classcode_Test@4d1bf319]" started-at="2022-07-02T21:48:46 IST" name="beforeMethod" finished-at="2022-07-02T21:48:47 IST" duration-ms="1049" status="PASS">
          <reporter-output>
          </reporter-output>
        </test-method> <!-- beforeMethod -->
        <test-method signature="C457_verifyemailddisplay(java.lang.String)[pri:3, instance:icivics_testcases.Icivics11_StudentRegistration3classcode_Test@4d1bf319]" started-at="2022-07-02T21:48:47 IST" name="C457_verifyemailddisplay" data-provider="fetchData" finished-at="2022-07-02T21:49:18 IST" duration-ms="30598" status="PASS">
          <params>
            <param index="0">
              <value>
                <![CDATA[https://staging.d9.icivics.org/user/register?role=student]]>
              </value>
            </param>
          </params>
          <reporter-output>
          </reporter-output>
        </test-method> <!-- C457_verifyemailddisplay -->
        <test-method is-config="true" signature="afterMethod()[pri:0, instance:icivics_testcases.Icivics11_StudentRegistration3classcode_Test@4d1bf319]" started-at="2022-07-02T21:49:18 IST" name="afterMethod" finished-at="2022-07-02T21:49:18 IST" duration-ms="361" status="PASS">
          <reporter-output>
          </reporter-output>
        </test-method> <!-- afterMethod -->
        <test-method is-config="true" signature="beforeMethod()[pri:0, instance:icivics_testcases.Icivics11_StudentRegistration3classcode_Test@4d1bf319]" started-at="2022-07-02T21:49:18 IST" name="beforeMethod" finished-at="2022-07-02T21:49:19 IST" duration-ms="1073" status="PASS">
          <reporter-output>
          </reporter-output>
        </test-method> <!-- beforeMethod -->
        <test-method signature="C458_verifyemailtextddisplay(java.lang.String)[pri:4, instance:icivics_testcases.Icivics11_StudentRegistration3classcode_Test@4d1bf319]" started-at="2022-07-02T21:49:19 IST" name="C458_verifyemailtextddisplay" data-provider="fetchData" finished-at="2022-07-02T21:49:45 IST" duration-ms="26309" status="PASS">
          <params>
            <param index="0">
              <value>
                <![CDATA[https://staging.d9.icivics.org/user/register?role=student]]>
              </value>
            </param>
          </params>
          <reporter-output>
          </reporter-output>
        </test-method> <!-- C458_verifyemailtextddisplay -->
        <test-method is-config="true" signature="afterMethod()[pri:0, instance:icivics_testcases.Icivics11_StudentRegistration3classcode_Test@4d1bf319]" started-at="2022-07-02T21:49:45 IST" name="afterMethod" finished-at="2022-07-02T21:49:46 IST" duration-ms="435" status="PASS">
          <reporter-output>
          </reporter-output>
        </test-method> <!-- afterMethod -->
        <test-method is-config="true" signature="beforeMethod()[pri:0, instance:icivics_testcases.Icivics11_StudentRegistration3classcode_Test@4d1bf319]" started-at="2022-07-02T21:49:46 IST" name="beforeMethod" finished-at="2022-07-02T21:49:47 IST" duration-ms="1044" status="PASS">
          <reporter-output>
          </reporter-output>
        </test-method> <!-- beforeMethod -->
        <test-method signature="C459_clickcontinuetomyassignmentbutton(java.lang.String)[pri:5, instance:icivics_testcases.Icivics11_StudentRegistration3classcode_Test@4d1bf319]" started-at="2022-07-02T21:49:47 IST" name="C459_clickcontinuetomyassignmentbutton" data-provider="fetchData" finished-at="2022-07-02T21:50:36 IST" duration-ms="49427" status="PASS">
          <params>
            <param index="0">
              <value>
                <![CDATA[https://staging.d9.icivics.org/user/register?role=student]]>
              </value>
            </param>
          </params>
          <reporter-output>
          </reporter-output>
        </test-method> <!-- C459_clickcontinuetomyassignmentbutton -->
        <test-method is-config="true" signature="afterMethod()[pri:0, instance:icivics_testcases.Icivics11_StudentRegistration3classcode_Test@4d1bf319]" started-at="2022-07-02T21:50:36 IST" name="afterMethod" finished-at="2022-07-02T21:50:37 IST" duration-ms="375" status="PASS">
          <reporter-output>
          </reporter-output>
        </test-method> <!-- afterMethod -->
        <test-method is-config="true" signature="tearDownClass()[pri:0, instance:icivics_testcases.Icivics11_StudentRegistration3classcode_Test@4d1bf319]" started-at="2022-07-02T21:50:37 IST" name="tearDownClass" finished-at="2022-07-02T21:50:37 IST" duration-ms="1" status="PASS">
          <reporter-output>
          </reporter-output>
        </test-method> <!-- tearDownClass -->
      </class> <!-- icivics_testcases.Icivics11_StudentRegistration3classcode_Test -->
    </test> <!-- Test -->
  </suite> <!-- Suite -->
</testng-results>
