<?xml version="1.0" encoding="UTF-8"?>
<!-- Generated by org.testng.reporters.JUnitXMLReporter -->
<testsuite ignored="14" hostname="AMX-RL-20-348-W" failures="0" tests="1" name="Default test" time="73.568" errors="0" timestamp="2022-08-26T21:50:45 IST">
  <testcase classname="icivics_testcases.I52_PH_MainsGamePage_Test" name="C73_Verifycarouseldots" time="70.346"/>
  <testcase classname="icivics_testcases.I52_PH_MainsGamePage_Test" name="C73_Verifygetstartedbutton" time="0.0">
    <ignored/>
  </testcase> <!-- C73_Verifygetstartedbutton -->
  <testcase classname="icivics_testcases.I52_PH_MainsGamePage_Test" name="C73_Verifyregisterbuttonclick" time="0.0">
    <ignored/>
  </testcase> <!-- C73_Verifyregisterbuttonclick -->
  <testcase classname="icivics_testcases.I52_PH_MainsGamePage_Test" name="C73_Verifybannerasastudentlogin" time="0.0">
    <ignored/>
  </testcase> <!-- C73_Verifybannerasastudentlogin -->
  <testcase classname="icivics_testcases.I52_PH_MainsGamePage_Test" name="C73_Verifymainsgamepage" time="0.0">
    <ignored/>
  </testcase> <!-- C73_Verifymainsgamepage -->
  <testcase classname="icivics_testcases.I52_PH_MainsGamePage_Test" name="C73_Verifyrightcarousel" time="0.0">
    <ignored/>
  </testcase> <!-- C73_Verifyrightcarousel -->
  <testcase classname="icivics_testcases.I52_PH_MainsGamePage_Test" name="C73_Verifygreenteachertile" time="0.0">
    <ignored/>
  </testcase> <!-- C73_Verifygreenteachertile -->
  <testcase classname="icivics_testcases.I52_PH_MainsGamePage_Test" name="C73_VerifygamesTiles" time="0.0">
    <ignored/>
  </testcase> <!-- C73_VerifygamesTiles -->
  <testcase classname="icivics_testcases.I52_PH_MainsGamePage_Test" name="C73_Verifybannerasananonymoususer" time="0.0">
    <ignored/>
  </testcase> <!-- C73_Verifybannerasananonymoususer -->
  <testcase classname="icivics_testcases.I52_PH_MainsGamePage_Test" name="C73_Verifyleftcarousel" time="0.0">
    <ignored/>
  </testcase> <!-- C73_Verifyleftcarousel -->
  <testcase classname="io.cucumber.testng.AbstractTestNGCucumberTests" name="runScenario" time="0.0">
    <ignored/>
  </testcase> <!-- runScenario -->
  <testcase classname="icivics_testcases.I52_PH_MainsGamePage_Test" name="C73_Verifybannerasateacherlogin" time="0.0">
    <ignored/>
  </testcase> <!-- C73_Verifybannerasateacherlogin -->
  <testcase classname="icivics_testcases.I52_PH_MainsGamePage_Test" name="C73_Verifyteachbutton" time="0.0">
    <ignored/>
  </testcase> <!-- C73_Verifyteachbutton -->
  <testcase classname="icivics_testcases.I52_PH_MainsGamePage_Test" name="C73_VerifygamesTilesclick" time="0.0">
    <ignored/>
  </testcase> <!-- C73_VerifygamesTilesclick -->
  <testcase classname="icivics_testcases.I52_PH_MainsGamePage_Test" name="C73_Verifycarouseldots3rdpage" time="0.0">
    <ignored/>
  </testcase> <!-- C73_Verifycarouseldots3rdpage -->
</testsuite> <!-- Default test -->
