<?xml version="1.0" encoding="UTF-8"?>
<!-- Generated by org.testng.reporters.JUnitXMLReporter -->
<testsuite ignored="20" hostname="AMX-AL-20-017-W" failures="1" tests="1" name="Default test" time="94.094" errors="0" timestamp="2022-08-29T23:28:57 IST">
  <testcase classname="icivics_testcases.I50_PH_ArgumentsWar_Test" name="C88_Verifyassignform" time="91.337">
    <failure type="java.lang.NullPointerException" message="Cannot invoke &amp;quot;org.openqa.selenium.WebElement.isDisplayed()&amp;quot; because &amp;quot;createassignment&amp;quot; is null">
      <![CDATA[java.lang.NullPointerException: Cannot invoke "org.openqa.selenium.WebElement.isDisplayed()" because "createassignment" is null
at icivics_pages.PH_AgrumentsWar.verifyassignform(PH_AgrumentsWar.java:254)
at icivics_testcases.I50_PH_ArgumentsWar_Test.C88_Verifyassignform(I50_PH_ArgumentsWar_Test.java:87)
at java.base/jdk.internal.reflect.NativeMethodAccessorImpl.invoke0(Native Method)
at java.base/jdk.internal.reflect.NativeMethodAccessorImpl.invoke(NativeMethodAccessorImpl.java:77)
at java.base/jdk.internal.reflect.DelegatingMethodAccessorImpl.invoke(DelegatingMethodAccessorImpl.java:43)
at java.base/java.lang.reflect.Method.invoke(Method.java:568)
at org.testng.internal.MethodInvocationHelper.invokeMethod(MethodInvocationHelper.java:133)
at org.testng.internal.TestInvoker.invokeMethod(TestInvoker.java:598)
at org.testng.internal.TestInvoker.invokeTestMethod(TestInvoker.java:173)
at org.testng.internal.MethodRunner.runInSequence(MethodRunner.java:46)
at org.testng.internal.TestInvoker$MethodInvocationAgent.invoke(TestInvoker.java:824)
at org.testng.internal.TestInvoker.invokeTestMethods(TestInvoker.java:146)
at org.testng.internal.TestMethodWorker.invokeTestMethods(TestMethodWorker.java:146)
at org.testng.internal.TestMethodWorker.run(TestMethodWorker.java:128)
at java.base/java.util.ArrayList.forEach(ArrayList.java:1511)
at org.testng.TestRunner.privateRun(TestRunner.java:794)
at org.testng.TestRunner.run(TestRunner.java:596)
at org.testng.SuiteRunner.runTest(SuiteRunner.java:377)
at org.testng.SuiteRunner.runSequentially(SuiteRunner.java:371)
at org.testng.SuiteRunner.privateRun(SuiteRunner.java:332)
at org.testng.SuiteRunner.run(SuiteRunner.java:276)
at org.testng.SuiteRunnerWorker.runSuite(SuiteRunnerWorker.java:53)
at org.testng.SuiteRunnerWorker.run(SuiteRunnerWorker.java:96)
at org.testng.TestNG.runSuitesSequentially(TestNG.java:1212)
at org.testng.TestNG.runSuitesLocally(TestNG.java:1134)
at org.testng.TestNG.runSuites(TestNG.java:1063)
at org.testng.TestNG.run(TestNG.java:1031)
at org.testng.remote.AbstractRemoteTestNG.run(AbstractRemoteTestNG.java:115)
at org.testng.remote.RemoteTestNG.initAndRun(RemoteTestNG.java:251)
at org.testng.remote.RemoteTestNG.main(RemoteTestNG.java:77)
]]>
    </failure>
  </testcase> <!-- C88_Verifyassignform -->
  <testcase classname="icivics_testcases.I50_PH_ArgumentsWar_Test" name="C94_Verifyextensionpackforstudent" time="0.0">
    <ignored/>
  </testcase> <!-- C94_Verifyextensionpackforstudent -->
  <testcase classname="icivics_testcases.I50_PH_ArgumentsWar_Test" name="C85_Verifyeducatorbuttonforstudent" time="0.0">
    <ignored/>
  </testcase> <!-- C85_Verifyeducatorbuttonforstudent -->
  <testcase classname="icivics_testcases.I50_PH_ArgumentsWar_Test" name="C96_Verifylearningobjectives" time="0.0">
    <ignored/>
  </testcase> <!-- C96_Verifylearningobjectives -->
  <testcase classname="icivics_testcases.I50_PH_ArgumentsWar_Test" name="C81_Verifylink" time="0.0">
    <ignored/>
  </testcase> <!-- C81_Verifylink -->
  <testcase classname="icivics_testcases.I50_PH_ArgumentsWar_Test" name="C93_Verifyextensionpack" time="0.0">
    <ignored/>
  </testcase> <!-- C93_Verifyextensionpack -->
  <testcase classname="icivics_testcases.I50_PH_ArgumentsWar_Test" name="C86_Verifyteacherresourcespopup" time="0.0">
    <ignored/>
  </testcase> <!-- C86_Verifyteacherresourcespopup -->
  <testcase classname="icivics_testcases.I50_PH_ArgumentsWar_Test" name="C97_Verifylearningobjectivesforstudent" time="0.0">
    <ignored/>
  </testcase> <!-- C97_Verifylearningobjectivesforstudent -->
  <testcase classname="icivics_testcases.I50_PH_ArgumentsWar_Test" name="C92_Verifygoogleplaypage" time="0.0">
    <ignored/>
  </testcase> <!-- C92_Verifygoogleplaypage -->
  <testcase classname="icivics_testcases.I50_PH_ArgumentsWar_Test" name="C95_Verifyextensionpackclick" time="0.0">
    <ignored/>
  </testcase> <!-- C95_Verifyextensionpackclick -->
  <testcase classname="icivics_testcases.I50_PH_ArgumentsWar_Test" name="C84_Verifyeducatorbutton" time="0.0">
    <ignored/>
  </testcase> <!-- C84_Verifyeducatorbutton -->
  <testcase classname="icivics_testcases.I50_PH_ArgumentsWar_Test" name="C90_Verifyappleapppage" time="0.0">
    <ignored/>
  </testcase> <!-- C90_Verifyappleapppage -->
  <testcase classname="icivics_testcases.I50_PH_ArgumentsWar_Test" name="C91_Verifygoogleplaybutton" time="0.0">
    <ignored/>
  </testcase> <!-- C91_Verifygoogleplaybutton -->
  <testcase classname="icivics_testcases.I50_PH_ArgumentsWar_Test" name="C82_Verifypopup" time="0.0">
    <ignored/>
  </testcase> <!-- C82_Verifypopup -->
  <testcase classname="icivics_testcases.I50_PH_ArgumentsWar_Test" name="C97_Verifylearningobjectivesforanonymoususer" time="0.0">
    <ignored/>
  </testcase> <!-- C97_Verifylearningobjectivesforanonymoususer -->
  <testcase classname="icivics_testcases.I50_PH_ArgumentsWar_Test" name="C89_Verifyappleapp" time="0.0">
    <ignored/>
  </testcase> <!-- C89_Verifyappleapp -->
  <testcase classname="io.cucumber.testng.AbstractTestNGCucumberTests" name="runScenario" time="0.0">
    <ignored/>
  </testcase> <!-- runScenario -->
  <testcase classname="icivics_testcases.I50_PH_ArgumentsWar_Test" name="C94_Verifyextensionpackforanonymoususere" time="0.0">
    <ignored/>
  </testcase> <!-- C94_Verifyextensionpackforanonymoususere -->
  <testcase classname="icivics_testcases.I50_PH_ArgumentsWar_Test" name="C83_Verifygameload" time="0.0">
    <ignored/>
  </testcase> <!-- C83_Verifygameload -->
  <testcase classname="icivics_testcases.I50_PH_ArgumentsWar_Test" name="C93_Verifyextensionpackforsortifygame" time="0.0">
    <ignored/>
  </testcase> <!-- C93_Verifyextensionpackforsortifygame -->
  <testcase classname="icivics_testcases.I50_PH_ArgumentsWar_Test" name="C87_Verifyassignpopup" time="0.0">
    <ignored/>
  </testcase> <!-- C87_Verifyassignpopup -->
</testsuite> <!-- Default test -->
